INFO:root:[GET DATA] file: /home/mathias/PycharmProjects/MotionClassifier/dataset/trainx5.csv, data: (2272, 10, 8) - target: (2272, 10, 2)
INFO:root:[GET DATA] file: /home/mathias/PycharmProjects/MotionClassifier/dataset/validationx5.csv, data: (186, 10, 8) - target: (186, 10, 2)
INFO:root:[DO THE THING] (2220, 10, 8)
INFO:root:[DO THE THING] (2220, 10, 2)
INFO:root:"{\"class_name\": \"Sequential\", \"keras_version\": \"2.0.4\", \"config\": [{\"class_name\": \"GRU\", \"config\": {\"recurrent_activation\": \"hard_sigmoid\", \"dtype\": \"float32\", \"trainable\": true, \"recurrent_initializer\": {\"class_name\": \"Orthogonal\", \"config\": {\"seed\": null, \"gain\": 1.0}}, \"use_bias\": true, \"bias_regularizer\": null, \"implementation\": 0, \"unroll\": false, \"activation\": \"tanh\", \"bias_initializer\": {\"class_name\": \"Zeros\", \"config\": {}}, \"units\": 1024, \"batch_input_shape\": [60, 10, 8], \"activity_regularizer\": null, \"recurrent_dropout\": 0.0, \"kernel_initializer\": {\"class_name\": \"VarianceScaling\", \"config\": {\"distribution\": \"uniform\", \"scale\": 1.0, \"seed\": null, \"mode\": \"fan_avg\"}}, \"kernel_constraint\": null, \"dropout\": 0.0, \"stateful\": false, \"recurrent_regularizer\": null, \"name\": \"gru_1\", \"bias_constraint\": null, \"go_backwards\": false, \"kernel_regularizer\": null, \"return_sequences\": true, \"recurrent_constraint\": null}}, {\"class_name\": \"GRU\", \"config\": {\"recurrent_activation\": \"hard_sigmoid\", \"trainable\": true, \"recurrent_initializer\": {\"class_name\": \"Orthogonal\", \"config\": {\"seed\": null, \"gain\": 1.0}}, \"use_bias\": true, \"bias_regularizer\": null, \"implementation\": 0, \"unroll\": false, \"activation\": \"tanh\", \"bias_initializer\": {\"class_name\": \"Zeros\", \"config\": {}}, \"units\": 1024, \"activity_regularizer\": null, \"recurrent_dropout\": 0.0, \"kernel_initializer\": {\"class_name\": \"VarianceScaling\", \"config\": {\"distribution\": \"uniform\", \"scale\": 1.0, \"seed\": null, \"mode\": \"fan_avg\"}}, \"kernel_constraint\": null, \"dropout\": 0.0, \"stateful\": true, \"recurrent_regularizer\": null, \"name\": \"gru_2\", \"bias_constraint\": null, \"go_backwards\": false, \"kernel_regularizer\": null, \"return_sequences\": true, \"recurrent_constraint\": null}}, {\"class_name\": \"GRU\", \"config\": {\"recurrent_activation\": \"hard_sigmoid\", \"trainable\": true, \"recurrent_initializer\": {\"class_name\": \"Orthogonal\", \"config\": {\"seed\": null, \"gain\": 1.0}}, \"use_bias\": true, \"bias_regularizer\": null, \"implementation\": 0, \"unroll\": false, \"activation\": \"tanh\", \"bias_initializer\": {\"class_name\": \"Zeros\", \"config\": {}}, \"units\": 1024, \"activity_regularizer\": null, \"recurrent_dropout\": 0.0, \"kernel_initializer\": {\"class_name\": \"VarianceScaling\", \"config\": {\"distribution\": \"uniform\", \"scale\": 1.0, \"seed\": null, \"mode\": \"fan_avg\"}}, \"kernel_constraint\": null, \"dropout\": 0.0, \"stateful\": true, \"recurrent_regularizer\": null, \"name\": \"gru_3\", \"bias_constraint\": null, \"go_backwards\": false, \"kernel_regularizer\": null, \"return_sequences\": true, \"recurrent_constraint\": null}}, {\"class_name\": \"Dropout\", \"config\": {\"rate\": 0.2, \"trainable\": true, \"name\": \"dropout_1\"}}, {\"class_name\": \"Dense\", \"config\": {\"kernel_initializer\": {\"class_name\": \"VarianceScaling\", \"config\": {\"distribution\": \"uniform\", \"scale\": 1.0, \"seed\": null, \"mode\": \"fan_avg\"}}, \"name\": \"dense_1\", \"kernel_constraint\": null, \"bias_regularizer\": null, \"bias_constraint\": null, \"activation\": \"softmax\", \"trainable\": true, \"kernel_regularizer\": null, \"bias_initializer\": {\"class_name\": \"Zeros\", \"config\": {}}, \"units\": 2, \"use_bias\": true, \"activity_regularizer\": null}}], \"backend\": \"tensorflow\"}"
INFO:root:[GET DATA] file: /home/mathias/PycharmProjects/MotionClassifier/dataset/testx5.csv, data: (186, 10, 8) - target: (186, 10, 2, 2)
INFO:root:[TEST] p vs y: [ 0.10383739  0.89616263] - [ 0.  1.] --> (abs) 0.103837382048 data: leila_dances_catmull_long2.csv (1212)
INFO:root:[TEST] p vs y: [ 0.9923054   0.00769458] - [ 1.  0.] --> (abs) 0.00769459083676 data: male2_extended_3.csv (957)
INFO:root:[TEST] p vs y: [ 0.19535306  0.80464685] - [ 0.  1.] --> (abs) 0.195353105664 data: (greeting + jumping).csv (23)
INFO:root:[TEST] p vs y: [ 0.94934624  0.05065372] - [ 1.  0.] --> (abs) 0.0506537370384 data: female1_d1_urban.csv (283)
INFO:root:[TEST] p vs y: [ 0.13686796  0.86313212] - [ 0.  1.] --> (abs) 0.136867918074 data: police_freeze_linear_0.csv (32)
INFO:root:[TEST] p vs y: [ 0.72693694  0.27306303] - [ 1.  0.] --> (abs) 0.27306304872 data: female1_a12_crawlbackwards.csv (101)
INFO:root:[TEST] p vs y: [ 0.31194702  0.68805301] - [ 0.  1.] --> (abs) 0.311947003007! data: alas2_catmull-rom.csv (56)
INFO:root:[TEST] p vs y: [ 0.96319789  0.03680217] - [ 1.  0.] --> (abs) 0.0368021391332 data: male2_e20_dodgeright.csv (10)
INFO:root:[TEST] p vs y: [ 0.18512261  0.81487739] - [ 0.  1.] --> (abs) 0.185122609138 data: (leila_dances+wave2).csv (578)
INFO:root:[TEST] p vs y: [ 0.63449192  0.36550802] - [ 1.  0.] --> (abs) 0.365508049726! data: female1_a03_swingt2.csv (123)
INFO:root:[TEST] p vs y: [ 0.10432594  0.89567405] - [ 0.  1.] --> (abs) 0.104325942695 data: leila_dances_catmull_long.csv (666)
INFO:root:[TEST] p vs y: [ 0.85173404  0.14826594] - [ 1.  0.] --> (abs) 0.148265950382 data: male2_e18_blockmiddlelow.csv (68)
INFO:root:[TEST] p vs y: [ 0.05354754  0.9464525 ] - [ 0.  1.] --> (abs) 0.0535475201905 data: victorypose_cubic.csv (57)
INFO:root:[TEST] p vs y: [ 0.99085748  0.00914262] - [ 1.  0.] --> (abs) 0.00914256833494 data: female1_d3_conversationgestures_shrug2.csv (26)
INFO:root:[TEST] p vs y: [ 0.10168974  0.89831018] - [ 0.  1.] --> (abs) 0.101689778268 data: leila_dances_cubic_0.csv (602)
INFO:root:[TEST] p vs y: [ 0.90674603  0.09325396] - [ 1.  0.] --> (abs) 0.0932539664209 data: female1_a03_swing.csv (124)
INFO:root:[TEST] p vs y: [ 0.12866211  0.87133789] - [ 0.  1.] --> (abs) 0.128662109375 data: leila_dances_cubic.csv (93)
INFO:root:[TEST] p vs y: [ 0.95180053  0.04819946] - [ 1.  0.] --> (abs) 0.048199467361 data: male2_d9_warmuptoreadytowarmup.csv (42)
INFO:root:[TEST] p vs y: [ 0.3005307   0.69946933] - [ 0.  1.] --> (abs) 0.300530686975! data: greeting_catmull-rom_0.csv (113)
INFO:root:[TEST] p vs y: [ 0.94259369  0.05740624] - [ 1.  0.] --> (abs) 0.0574062727392 data: male2_e3_crossleft.csv (13)
INFO:root:[TEST] p vs y: [ 0.38798821  0.61201179] - [ 0.  1.] --> (abs) 0.387988209724! data: onguard_linear_0.csv (119)
INFO:root:[TEST] p vs y: [ 0.99277163  0.00722841] - [ 1.  0.] --> (abs) 0.00722839240916 data: female1_d4_randomstuff.csv (406)
INFO:root:[TEST] p vs y: [ 0.11934658  0.88065338] - [ 0.  1.] --> (abs) 0.119346600026 data: leila_dances.csv (10)
INFO:root:[TEST] p vs y: [ 0.98066777  0.01933218] - [ 1.  0.] --> (abs) 0.019332206808 data: female1_a12_crawlbackwards.csv (16)
INFO:root:[TEST] p vs y: [ 0.09166899  0.90833092] - [ 0.  1.] --> (abs) 0.0916690342128 data: (leila_dances+wave2)_linear_0.csv (69)
INFO:root:[TEST] p vs y: [ 0.97723597  0.02276402] - [ 1.  0.] --> (abs) 0.0227640215307 data: male2_a5_pickupbox.csv (99)
INFO:root:[TEST] p vs y: [ 0.0467206   0.95327938] - [ 0.  1.] --> (abs) 0.0467206127942 data: wave3_linear_0.csv (119)
INFO:root:[TEST] p vs y: [ 0.9258033   0.07419671] - [ 1.  0.] --> (abs) 0.074196703732 data: female1_a06_liftboxt2.csv (208)
INFO:root:[TEST] p vs y: [ 0.84380436  0.15619561] - [ 0.  1.] --> (abs) 0.843804374337! data: victorypose_cubic.csv (101)
INFO:root:[TEST] p vs y: [ 0.9243291   0.07567088] - [ 1.  0.] --> (abs) 0.0756708905101 data: female1_d2_wait_slump2.csv (62)
INFO:root:[TEST] p vs y: [ 0.17161897  0.82838106] - [ 0.  1.] --> (abs) 0.171618953347 data: victorypose_catmull-rom.csv (65)
INFO:root:[TEST] p vs y: [ 0.91003954  0.08996049] - [ 1.  0.] --> (abs) 0.0899604707956 data: female1_a11_crawlforward.csv (346)
INFO:root:[TEST] p vs y: [ 0.19990088  0.80009907] - [ 0.  1.] --> (abs) 0.199900902808 data: wave2_catmull-rom.csv (100)
INFO:root:[TEST] p vs y: [ 0.91044891  0.08955111] - [ 1.  0.] --> (abs) 0.0895510986447 data: female1_a06_liftbox.csv (234)
INFO:root:[TEST] p vs y: [ 0.04878733  0.9512127 ] - [ 0.  1.] --> (abs) 0.0487873144448 data: wave2_linear.csv (78)
INFO:root:[TEST] p vs y: [ 0.974428    0.02557199] - [ 1.  0.] --> (abs) 0.0255719972774 data: male2_e12_blockleftlow.csv (26)
INFO:root:[TEST] p vs y: [ 0.15201682  0.84798318] - [ 0.  1.] --> (abs) 0.152016818523 data: leila_dances_catmull_long2.csv (1837)
INFO:root:[TEST] p vs y: [ 0.93851519  0.06148483] - [ 1.  0.] --> (abs) 0.0614848230034 data: female1_a06_liftboxt2.csv (73)
INFO:root:[TEST] p vs y: [ 0.10589788  0.8941021 ] - [ 0.  1.] --> (abs) 0.105897892267 data: leila_dances_catmull_long.csv (275)
INFO:root:[TEST] p vs y: [ 0.95416224  0.04583775] - [ 1.  0.] --> (abs) 0.0458377562463 data: male2_extended_3.csv (992)
INFO:root:[TEST] p vs y: [ 0.67692572  0.32307428] - [ 0.  1.] --> (abs) 0.676925718784! data: combo_1_linear_0.csv (189)
INFO:root:[TEST] p vs y: [ 0.9573859   0.04261414] - [ 1.  0.] --> (abs) 0.0426141228527 data: female1_a04_look.csv (499)
INFO:root:[TEST] p vs y: [ 0.12691119  0.87308884] - [ 0.  1.] --> (abs) 0.126911178231 data: wait_0_catmull-rom.csv (151)
INFO:root:[TEST] p vs y: [ 0.97056484  0.02943519] - [ 1.  0.] --> (abs) 0.029435175471 data: female1_d1_urban_ohnoyoudidnt.csv (9)
INFO:root:[TEST] p vs y: [ 0.04244478  0.95755517] - [ 0.  1.] --> (abs) 0.042444800958 data: jump1_cubic.csv (70)
INFO:root:[TEST] p vs y: [ 0.84404421  0.15595587] - [ 1.  0.] --> (abs) 0.155955828726 data: female1_d1_urban_waisthands.csv (14)
INFO:root:[TEST] p vs y: [ 0.03199496  0.968005  ] - [ 0.  1.] --> (abs) 0.0319949798286 data: leila_dances_catmull_long.csv (833)
INFO:root:[TEST] p vs y: [ 0.97746384  0.0225361 ] - [ 1.  0.] --> (abs) 0.0225361315534 data: female1_a07_crouch.csv (66)
INFO:root:[TEST] p vs y: [ 0.04243896  0.95756114] - [ 0.  1.] --> (abs) 0.0424389131367 data: clap_catmull-rom_0.csv (87)
INFO:root:[TEST] p vs y: [ 0.99693298  0.00306696] - [ 1.  0.] --> (abs) 0.00306698703207 data: male2_d9_warmuptoreadytowarmup.csv (194)
INFO:root:[TEST] p vs y: [ 0.10765164  0.89234841] - [ 0.  1.] --> (abs) 0.107651613653 data: combo_1_linear_0.csv (217)
INFO:root:[TEST] p vs y: [ 0.94103491  0.05896514] - [ 1.  0.] --> (abs) 0.058965113014 data: female1_a03_swing.csv (15)
INFO:root:[TEST] p vs y: [ 0.11382928  0.88617074] - [ 0.  1.] --> (abs) 0.11382926628 data: leila_dances.csv (200)
INFO:root:[TEST] p vs y: [ 0.93603534  0.06396468] - [ 1.  0.] --> (abs) 0.0639646723866 data: male2_a6_boxlift.csv (84)
INFO:root:[TEST] p vs y: [ 0.17093083  0.82906926] - [ 0.  1.] --> (abs) 0.170930787921 data: leila_dances_catmull_long2.csv (1991)
INFO:root:[TEST] p vs y: [ 0.85945427  0.14054576] - [ 1.  0.] --> (abs) 0.140545740724 data: male2_d9_warmuptoreadytowarmup.csv (176)
INFO:root:[TEST] p vs y: [ 0.19606081  0.80393916] - [ 0.  1.] --> (abs) 0.196060821414 data: police_freeze_linear_0.csv (99)
INFO:root:[TEST] p vs y: [ 0.89442074  0.10557923] - [ 1.  0.] --> (abs) 0.105579245836 data: male2_a4_lookaround.csv (154)
INFO:root:[TEST] p vs y: [ 0.03390331  0.9660967 ] - [ 0.  1.] --> (abs) 0.0339033063501 data: leila_dances_catmull.csv (333)
INFO:root:[TEST] p vs y: [ 0.92045724  0.07954279] - [ 1.  0.] --> (abs) 0.0795427709818 data: female1_d2_wait.csv (156)
INFO:root:[TEST] Correct: 54 vs. Wrong: 6
INFO:root:[TEST] Accuracy: 0.9000 (90.00%)
INFO:root:[TEST_THE_THING] - Elapsed: 0:00:00.761589
INFO:root:[SAVE_MODEL] Saving model to /home/mathias/PycharmProjects/MotionClassifier//models/lstm/model_lstm_04_0.h5 ...
INFO:root:[SAVE_MODEL] Model saved.
INFO:root:[RUN] - Elapsed: 1:52:45.394355
