INFO:root:Collecting mocap raw data into datasets...
INFO:root:Writing new data:
INFO:root:Filename: /home/mathias/PycharmProjects/MotionClassifier/dataset/mocap2.csv
INFO:root:Data: 15453 lines
INFO:root:Success.
INFO:root:[GET_DATA] - Elapsed: 0:00:00.646528
INFO:root:[GET_NEWDATA] - Elapsed: 0:00:00.646826
INFO:root:['0.6189543008804321', '-0.9819337129592896', '4.745978832244873', '2.9035146236419678', '-0.9596738815307617', '4.765466690063477', '0.6255197525024414', '-0.7535022497177124', '5.873043537139893', '2.962562084197998', '-0.7510398030281067', '5.894839763641357', '1.785642147064209', '-0.6514644622802734', '7.19369649887085', '1.7867248058319092', '-0.6142220497131348', '4.720242023468018', 'female1_d3_conversationgestures_shrug.csv', '1']
ERROR:root:all the input array dimensions except for the concatenation axis must match exactly
INFO:root:(42, 1)
INFO:root:['0.6191068887710571', '-0.989577054977417', '4.751025199890137', '2.9044697284698486', '-0.9691927433013916', '4.775356769561768', '0.623356819152832', '-0.7537356615066528', '5.8765740394592285', '2.962946891784668', '-0.7581745386123657', '5.904316425323486', '1.784408450126648', '-0.6595800518989563', '7.199379920959473', '1.789730191230774', '-0.6195307374000549', '4.725823879241943', 'female1_d3_conversationgestures_shrug.csv', '2']
ERROR:root:all the input array dimensions except for the concatenation axis must match exactly
INFO:root:(42, 1)
INFO:root:['0.6076902151107788', '-1.000324010848999', '4.75257682800293', '2.9009339809417725', '-0.9744781255722046', '4.768993377685547', '0.6165462732315063', '-0.745655357837677', '5.873988628387451', '2.958421468734741', '-0.7664007544517517', '5.898549556732178', '1.7831010818481445', '-0.665261447429657', '7.195106506347656', '1.7895928621292114', '-0.6265908479690552', '4.721800327301025', 'female1_d3_conversationgestures_shrug.csv', '3']
ERROR:root:all the input array dimensions except for the concatenation axis must match exactly
INFO:root:(42, 1)
INFO:root:['0.5944485664367676', '-1.0259530544281006', '4.7648725509643555', '2.8987200260162354', '-0.9821454286575317', '4.770979404449463', '0.6164081692695618', '-0.7291914224624634', '5.875705242156982', '2.956850528717041', '-0.7803090810775757', '5.901634693145752', '1.784988522529602', '-0.6714133620262146', '7.196086883544922', '1.7922991514205933', '-0.6315503120422363', '4.72212028503418', 'female1_d3_conversationgestures_shrug.csv', '4']
ERROR:root:all the input array dimensions except for the concatenation axis must match exactly
INFO:root:(42, 1)
INFO:root:['0.5696219801902771', '-1.061862826347351', '4.790122985839844', '2.8938939571380615', '-0.9915854334831238', '4.772093772888184', '0.6154617667198181', '-0.6826948523521423', '5.874848365783691', '2.955606698989868', '-0.7860092520713806', '5.901885032653809', '1.782206416130066', '-0.6776524782180786', '7.192328453063965', '1.7908653020858765', '-0.6398977041244507', '4.719183921813965', 'female1_d3_conversationgestures_shrug.csv', '5']
ERROR:root:all the input array dimensions except for the concatenation axis must match exactly
INFO:root:(42, 1)
INFO:root:['0.525240421295166', '-1.1021555662155151', '4.835923194885254', '2.89473032951355', '-1.0034832954406738', '4.7822585105896', '0.6228348016738892', '-0.6194180846214294', '5.875123500823975', '2.95894193649292', '-0.7972739934921265', '5.911795139312744', '1.7789945602416992', '-0.6849161982536316', '7.191078186035156', '1.7984061241149902', '-0.6480066776275635', '4.718269348144531', 'female1_d3_conversationgestures_shrug.csv', '6']
ERROR:root:all the input array dimensions except for the concatenation axis must match exactly
INFO:root:(42, 1)
INFO:root:['0.4526880979537964', '-1.153503179550171', '4.92715311050415', '2.8982772827148438', '-1.017531156539917', '4.792574405670166', '0.6447964906692505', '-0.5408568382263184', '5.881226539611816', '2.961406707763672', '-0.8234071731567383', '5.92431116104126', '1.7785401344299316', '-0.6981543302536011', '7.195254802703857', '1.8044782876968384', '-0.6559745073318481', '4.721281051635742', 'female1_d3_conversationgestures_shrug.csv', '7']
ERROR:root:all the input array dimensions except for the concatenation axis must match exactly
INFO:root:(42, 1)
INFO:root:['0.3482784628868103', '-1.190772533416748', '5.057016849517822', '2.9035487174987793', '-1.03280508518219', '4.800724983215332', '0.6759390234947205', '-0.45274215936660767', '5.875824928283691', '2.960462808609009', '-0.8529557585716248', '5.935147285461426', '1.771589994430542', '-0.7035845518112183', '7.192237377166748', '1.816268801689148', '-0.6602272987365723', '4.719188213348389', 'female1_d3_conversationgestures_shrug.csv', '8']
ERROR:root:all the input array dimensions except for the concatenation axis must match exactly
INFO:root:(42, 1)
INFO:root:['0.23015031218528748', '-1.2125182151794434', '5.2489213943481445', '2.9097483158111572', '-1.0555366277694702', '4.816752910614014', '0.7144124507904053', '-0.3750269114971161', '5.8706889152526855', '2.9672141075134277', '-0.8920088410377502', '5.953614711761475', '1.7712470293045044', '-0.7087918519973755', '7.192296028137207', '1.8237028121948242', '-0.6672208309173584', '4.720531463623047', 'female1_d3_conversationgestures_shrug.csv', '9']
ERROR:root:all the input array dimensions except for the concatenation axis must match exactly
INFO:root:(42, 1)
INFO:root:['0.1113440990447998', '-1.1854225397109985', '5.493950366973877', '2.9207303524017334', '-1.0773738622665405', '4.821084976196289', '0.75105881690979', '-0.30203795433044434', '5.858495712280273', '2.9741106033325195', '-0.9367185831069946', '5.961201190948486', '1.7739410400390625', '-0.7083684802055359', '7.182901382446289', '1.8387596607208252', '-0.6997897624969482', '4.716619491577148', 'female1_d3_conversationgestures_shrug.csv', '10']
ERROR:root:all the input array dimensions except for the concatenation axis must match exactly
INFO:root:(42, 1)
INFO:root:['0.01286238431930542', '-1.103415846824646', '5.793088436126709', '2.93388032913208', '-1.1115201711654663', '4.829362869262695', '0.7753328084945679', '-0.24434629082679749', '5.849087715148926', '2.9824588298797607', '-0.9922687411308289', '5.97213077545166', '1.7767188549041748', '-0.7090625762939453', '7.178686618804932', '1.8533716201782227', '-0.7142848372459412', '4.713080406188965', 'female1_d3_conversationgestures_shrug.csv', '11']
ERROR:root:all the input array dimensions except for the concatenation axis must match exactly
INFO:root:(42, 1)
INFO:root:['-0.03270542621612549', '-0.9521915912628174', '6.085849761962891', '2.941387891769409', '-1.1531647443771362', '4.836369514465332', '0.8001307845115662', '-0.1984759271144867', '5.839283466339111', '2.987947463989258', '-1.0463438034057617', '5.98045015335083', '1.7839818000793457', '-0.7055049538612366', '7.174679756164551', '1.869680404663086', '-0.731795608997345', '4.71124267578125', 'female1_d3_conversationgestures_shrug.csv', '12']
ERROR:root:all the input array dimensions except for the concatenation axis must match exactly
INFO:root:(42, 1)
INFO:root:['-0.009544014930725098', '-0.7795090675354004', '6.327052593231201', '2.9622552394866943', '-1.2052987813949585', '4.84763240814209', '0.8233094811439514', '-0.1714615523815155', '5.818001747131348', '2.9932212829589844', '-1.1165112257003784', '5.993781089782715', '1.7952519655227661', '-0.7036910653114319', '7.165607452392578', '1.8860844373703003', '-0.753876805305481', '4.706531524658203', 'female1_d3_conversationgestures_shrug.csv', '13']
ERROR:root:all the input array dimensions except for the concatenation axis must match exactly
INFO:root:(42, 1)
INFO:root:['0.05096226930618286', '-0.6156989336013794', '6.500955104827881', '2.9758522510528564', '-1.2628722190856934', '4.862229824066162', '0.8433533906936646', '-0.16966566443443298', '5.7969160079956055', '3.002992868423462', '-1.177873134613037', '6.008762359619141', '1.814552664756775', '-0.7019138336181641', '7.161319732666016', '1.9041739702224731', '-0.7786515951156616', '4.702557563781738', 'female1_d3_conversationgestures_shrug.csv', '14']
ERROR:root:all the input array dimensions except for the concatenation axis must match exactly
INFO:root:(42, 1)
INFO:root:['0.1382724642753601', '-0.4645659625530243', '6.626971244812012', '2.9807190895080566', '-1.328134536743164', '4.86332368850708', '0.8498938083648682', '-0.1795785129070282', '5.769721031188965', '3.006410837173462', '-1.2366504669189453', '6.009390830993652', '1.8328890800476074', '-0.6981638669967651', '7.153253078460693', '1.9155713319778442', '-0.8049834370613098', '4.698243141174316', 'female1_d3_conversationgestures_shrug.csv', '15']
ERROR:root:all the input array dimensions except for the concatenation axis must match exactly
INFO:root:(42, 1)
INFO:root:['0.23210382461547852', '-0.3602571487426758', '6.7088093757629395', '2.989553928375244', '-1.4015800952911377', '4.864618301391602', '0.839950442314148', '-0.19583377242088318', '5.746526718139648', '3.0149550437927246', '-1.2947142124176025', '6.009359836578369', '1.8542193174362183', '-0.6975221633911133', '7.141770839691162', '1.9316846132278442', '-0.8274213671684265', '4.690386772155762', 'female1_d3_conversationgestures_shrug.csv', '16']
ERROR:root:all the input array dimensions except for the concatenation axis must match exactly
INFO:root:(42, 1)
INFO:root:['0.33083149790763855', '-0.2953053414821625', '6.794205665588379', '3.0011825561523438', '-1.481095552444458', '4.877854824066162', '0.8162710666656494', '-0.2178528755903244', '5.754566192626953', '3.0293514728546143', '-1.3487064838409424', '6.019861221313477', '1.8814454078674316', '-0.6966960430145264', '7.1417694091796875', '1.9476603269577026', '-0.8491402864456177', '4.688232421875', 'female1_d3_conversationgestures_shrug.csv', '17']
ERROR:root:all the input array dimensions except for the concatenation axis must match exactly
INFO:root:(42, 1)
INFO:root:['0.4211122393608093', '-0.2593458294868469', '6.853057861328125', '2.9997317790985107', '-1.5587772130966187', '4.879477024078369', '0.7828547954559326', '-0.23738084733486176', '5.761654853820801', '3.036400318145752', '-1.3971667289733887', '6.0174736976623535', '1.8984025716781616', '-0.7067945599555969', '7.135740280151367', '1.9525858163833618', '-0.8705995082855225', '4.685204982757568', 'female1_d3_conversationgestures_shrug.csv', '18']
ERROR:root:all the input array dimensions except for the concatenation axis must match exactly
INFO:root:(42, 1)
INFO:root:['0.4951110780239105', '-0.2562594413757324', '6.905915260314941', '2.990544557571411', '-1.633908987045288', '4.875161170959473', '0.7516053915023804', '-0.25130924582481384', '5.784894943237305', '3.0458364486694336', '-1.4381532669067383', '6.007027626037598', '1.9266151189804077', '-0.7096351385116577', '7.130996227264404', '1.9579205513000488', '-0.8908948302268982', '4.680098056793213', 'female1_d3_conversationgestures_shrug.csv', '19']
ERROR:root:all the input array dimensions except for the concatenation axis must match exactly
INFO:root:(42, 1)
INFO:root:['0.5452728271484375', '-0.2817574739456177', '6.950867176055908', '2.978970766067505', '-1.7020704746246338', '4.869879245758057', '0.7264039516448975', '-0.26249074935913086', '5.815384864807129', '3.061410903930664', '-1.4683382511138916', '5.99285364151001', '1.9525361061096191', '-0.7203386425971985', '7.126143932342529', '1.9618375301361084', '-0.9052551984786987', '4.675710678100586', 'female1_d3_conversationgestures_shrug.csv', '20']
ERROR:root:all the input array dimensions except for the concatenation axis must match exactly
INFO:root:(42, 1)
INFO:root:['0.5743443369865417', '-0.3165953755378723', '7.005774974822998', '2.962284564971924', '-1.7637933492660522', '4.862557411193848', '0.6856296062469482', '-0.3134663701057434', '5.861176490783691', '3.0735726356506348', '-1.4928724765777588', '5.974634647369385', '1.975670576095581', '-0.7410058379173279', '7.127026557922363', '1.9626458883285522', '-0.9100003838539124', '4.6750640869140625', 'female1_d3_conversationgestures_shrug.csv', '21']
ERROR:root:all the input array dimensions except for the concatenation axis must match exactly
INFO:root:(42, 1)
INFO:root:['0.6045715808868408', '-0.37939298152923584', '7.0746750831604', '2.945472240447998', '-1.8112084865570068', '4.856449127197266', '0.6282681226730347', '-0.4051536023616791', '5.92520809173584', '3.0910658836364746', '-1.502084732055664', '5.954512596130371', '2.000185251235962', '-0.7626177072525024', '7.132457733154297', '1.9640390872955322', '-0.910363495349884', '4.676877975463867', 'female1_d3_conversationgestures_shrug.csv', '22']
ERROR:root:all the input array dimensions except for the concatenation axis must match exactly
INFO:root:(42, 1)
INFO:root:['0.6292874813079834', '-0.4584135413169861', '7.162836074829102', '2.928638219833374', '-1.8460828065872192', '4.867099285125732', '0.5636745691299438', '-0.5477291345596313', '6.018188953399658', '3.1119673252105713', '-1.501663327217102', '5.948886394500732', '2.0304765701293945', '-0.7822925448417664', '7.150848865509033', '1.9639965295791626', '-0.9035160541534424', '4.686312675476074', 'female1_d3_conversationgestures_shrug.csv', '23']
ERROR:root:all the input array dimensions except for the concatenation axis must match exactly
INFO:root:(42, 1)
INFO:root:['0.6425861716270447', '-0.5570047497749329', '7.247300148010254', '2.9115800857543945', '-1.8583674430847168', '4.85551643371582', '0.5047351121902466', '-0.7254984378814697', '6.118094444274902', '3.125800371170044', '-1.4891622066497803', '5.9233622550964355', '2.0537917613983154', '-0.8012139797210693', '7.158604145050049', '1.9650585651397705', '-0.8917301893234253', '4.691415786743164', 'female1_d3_conversationgestures_shrug.csv', '24']
ERROR:root:all the input array dimensions except for the concatenation axis must match exactly
INFO:root:(42, 1)
INFO:root:['0.6667771339416504', '-0.7111222743988037', '7.367259502410889', '2.892730951309204', '-1.8526568412780762', '4.840355396270752', '0.44168156385421753', '-0.9390278458595276', '6.262773036956787', '3.130913257598877', '-1.4677023887634277', '5.897510528564453', '2.0713748931884766', '-0.818507730960846', '7.171412944793701', '1.9648029804229736', '-0.8753403425216675', '4.702082633972168', 'female1_d3_conversationgestures_shrug.csv', '25']
ERROR:root:all the input array dimensions except for the concatenation axis must match exactly
INFO:root:(42, 1)
INFO:root:['0.6969910264015198', '-0.8797826766967773', '7.4957685470581055', '2.882936477661133', '-1.8325260877609253', '4.822933197021484', '0.41636741161346436', '-1.1734380722045898', '6.419889450073242', '3.1350393295288086', '-1.4380850791931152', '5.8733415603637695', '2.0827698707580566', '-0.8377290368080139', '7.180194854736328', '1.9634203910827637', '-0.8570023775100708', '4.711160659790039', 'female1_d3_conversationgestures_shrug.csv', '26']
ERROR:root:all the input array dimensions except for the concatenation axis must match exactly
INFO:root:(42, 1)
INFO:root:['0.7578519582748413', '-1.1322475671768188', '7.6539812088012695', '2.877565622329712', '-1.792371153831482', '4.794948101043701', '0.434256374835968', '-1.421017050743103', '6.588900566101074', '3.1338400840759277', '-1.3985129594802856', '5.844565391540527', '2.0871739387512207', '-0.8542051315307617', '7.1843342781066895', '1.9582968950271606', '-0.8381827473640442', '4.719361305236816', 'female1_d3_conversationgestures_shrug.csv', '27']
ERROR:root:all the input array dimensions except for the concatenation axis must match exactly
INFO:root:(42, 1)
INFO:root:['0.8490402102470398', '-1.444416880607605', '7.841674327850342', '2.877061367034912', '-1.7434840202331543', '4.772692680358887', '0.5058696866035461', '-1.6465215682983398', '6.762838363647461', '3.1341700553894043', '-1.3505189418792725', '5.8224406242370605', '2.090491771697998', '-0.8669220209121704', '7.195014476776123', '1.9498319625854492', '-0.8151670694351196', '4.732053279876709', 'female1_d3_conversationgestures_shrug.csv', '28']
ERROR:root:all the input array dimensions except for the concatenation axis must match exactly
INFO:root:(42, 1)
INFO:root:['0.9860199093818665', '-1.8332103490829468', '7.984700679779053', '2.8803184032440186', '-1.6766645908355713', '4.74445915222168', '0.6351878643035889', '-1.8278820514678955', '6.889534950256348', '3.1250767707824707', '-1.2908023595809937', '5.799779415130615', '2.0883312225341797', '-0.8749197721481323', '7.19752311706543', '1.9419976472854614', '-0.7946727275848389', '4.739189147949219', 'female1_d3_conversationgestures_shrug.csv', '29']
ERROR:root:all the input array dimensions except for the concatenation axis must match exactly
INFO:root:(42, 1)
INFO:root:['1.1596672534942627', '-2.253120183944702', '8.016226768493652', '2.8928990364074707', '-1.5981731414794922', '4.721064567565918', '0.7731366157531738', '-1.9573311805725098', '6.97430419921875', '3.121770143508911', '-1.2222685813903809', '5.783520221710205', '2.084862470626831', '-0.8765308856964111', '7.196620941162109', '1.931728720664978', '-0.7850314378738403', '4.742690086364746', 'female1_d3_conversationgestures_shrug.csv', '30']
ERROR:root:all the input array dimensions except for the concatenation axis must match exactly
INFO:root:(42, 1)
INFO:root:['1.3185704946517944', '-2.6275460720062256', '7.927404403686523', '2.908237934112549', '-1.510352373123169', '4.700089454650879', '0.8940300941467285', '-2.0364990234375', '7.036938667297363', '3.117480516433716', '-1.145839810371399', '5.77053165435791', '2.077559471130371', '-0.8722447156906128', '7.197825908660889', '1.921297311782837', '-0.7752748727798462', '4.745153427124023', 'female1_d3_conversationgestures_shrug.csv', '31']
ERROR:root:all the input array dimensions except for the concatenation axis must match exactly
INFO:root:(42, 1)
INFO:root:['1.476862907409668', '-2.8739261627197266', '7.765142917633057', '2.928192377090454', '-1.4118479490280151', '4.683366775512695', '0.9982714056968689', '-2.0884323120117188', '7.07489013671875', '3.1156632900238037', '-1.0667098760604858', '5.764214515686035', '2.071211576461792', '-0.8611979484558105', '7.196955680847168', '1.9147367477416992', '-0.7642618417739868', '4.743696689605713', 'female1_d3_conversationgestures_shrug.csv', '32']
ERROR:root:all the input array dimensions except for the concatenation axis must match exactly
INFO:root:(42, 1)
INFO:root:['1.6119670867919922', '-3.0404605865478516', '7.557265281677246', '2.961087465286255', '-1.3073389530181885', '4.662991523742676', '1.0876789093017578', '-2.133052110671997', '7.083735942840576', '3.11759614944458', '-0.9849701523780823', '5.75573205947876', '2.0586862564086914', '-0.8488280773162842', '7.192942142486572', '1.9066641330718994', '-0.7719952464103699', '4.742301940917969', 'female1_d3_conversationgestures_shrug.csv', '33']
ERROR:root:all the input array dimensions except for the concatenation axis must match exactly
INFO:root:(42, 1)
INFO:root:['1.7307980060577393', '-3.139037847518921', '7.306891918182373', '3.0020720958709717', '-1.2015941143035889', '4.64581298828125', '1.1689361333847046', '-2.1645307540893555', '7.067842483520508', '3.1215295791625977', '-0.8972823023796082', '5.748365879058838', '2.046278953552246', '-0.8364717960357666', '7.187230110168457', '1.89910888671875', '-0.7754994034767151', '4.738587856292725', 'female1_d3_conversationgestures_shrug.csv', '34']
ERROR:root:all the input array dimensions except for the concatenation axis must match exactly
INFO:root:(42, 1)
INFO:root:['1.842473030090332', '-3.1844983100891113', '7.04899263381958', '3.0334811210632324', '-1.0943398475646973', '4.634092330932617', '1.2374402284622192', '-2.208353281021118', '6.989218235015869', '3.1269984245300293', '-0.8057529926300049', '5.7433576583862305', '2.041069746017456', '-0.8204271197319031', '7.181923866271973', '1.892514705657959', '-0.7791220545768738', '4.734581470489502', 'female1_d3_conversationgestures_shrug.csv', '35']
ERROR:root:all the input array dimensions except for the concatenation axis must match exactly
INFO:root:(42, 1)
INFO:root:['1.931322455406189', '-3.1812386512756348', '6.800996780395508', '3.067405939102173', '-0.981075644493103', '4.622452735900879', '1.285582423210144', '-2.2332749366760254', '6.883948802947998', '3.133500576019287', '-0.7122445702552795', '5.738633632659912', '2.0368289947509766', '-0.8031334280967712', '7.172813415527344', '1.8849928379058838', '-0.785309910774231', '4.7286858558654785', 'female1_d3_conversationgestures_shrug.csv', '36']
ERROR:root:all the input array dimensions except for the concatenation axis must match exactly
INFO:root:(42, 1)
INFO:root:['1.9840515851974487', '-3.1585705280303955', '6.559171199798584', '3.0945358276367188', '-0.8723344206809998', '4.613051891326904', '1.3177704811096191', '-2.2440025806427', '6.764430522918701', '3.126361608505249', '-0.623933732509613', '5.735452175140381', '2.0196335315704346', '-0.789092481136322', '7.164553642272949', '1.8838577270507812', '-0.7928563356399536', '4.7191338539123535', 'female1_d3_conversationgestures_shrug.csv', '37']
ERROR:root:all the input array dimensions except for the concatenation axis must match exactly
INFO:root:(42, 1)
INFO:root:['2.010308265686035', '-3.1145858764648438', '6.340371608734131', '3.118459701538086', '-0.7634361982345581', '4.607186794281006', '1.3429028987884521', '-2.2334041595458984', '6.657522678375244', '3.113985538482666', '-0.5320822596549988', '5.7336649894714355', '2.0079803466796875', '-0.7747634649276733', '7.158113956451416', '1.882494330406189', '-0.7942409515380859', '4.7119293212890625', 'female1_d3_conversationgestures_shrug.csv', '38']
ERROR:root:all the input array dimensions except for the concatenation axis must match exactly
INFO:root:(42, 1)
INFO:root:['2.0185320377349854', '-3.05863356590271', '6.143823146820068', '3.1402499675750732', '-0.6555832028388977', '4.60127067565918', '1.3560210466384888', '-2.2152111530303955', '6.558810234069824', '3.106462001800537', '-0.45067858695983887', '5.732363700866699', '1.998896837234497', '-0.7626203298568726', '7.150187015533447', '1.882807731628418', '-0.8021963238716125', '4.705921173095703', 'female1_d3_conversationgestures_shrug.csv', '39']
ERROR:root:all the input array dimensions except for the concatenation axis must match exactly
INFO:root:(42, 1)
INFO:root:['2.0189852714538574', '-2.9967641830444336', '5.97147274017334', '3.1591944694519043', '-0.5512180328369141', '4.60045862197876', '1.3593817949295044', '-2.193279266357422', '6.4632368087768555', '3.102109670639038', '-0.3775246739387512', '5.735831260681152', '1.990684986114502', '-0.7490812540054321', '7.1434173583984375', '1.8866841793060303', '-0.8039543628692627', '4.701601982116699', 'female1_d3_conversationgestures_shrug.csv', '40']
ERROR:root:all the input array dimensions except for the concatenation axis must match exactly
INFO:root:(42, 1)
INFO:root:['2.006761074066162', '-2.9230287075042725', '5.813549518585205', '3.1688952445983887', '-0.4582873284816742', '4.6009087562561035', '1.3580207824707031', '-2.165327548980713', '6.385844707489014', '3.0887484550476074', '-0.31169506907463074', '5.738707542419434', '1.9770280122756958', '-0.7333118915557861', '7.139785289764404', '1.8921504020690918', '-0.8039237856864929', '4.69728946685791', 'female1_d3_conversationgestures_shrug.csv', '41']
ERROR:root:all the input array dimensions except for the concatenation axis must match exactly
INFO:root:(42, 1)
INFO:root:['1.9855647087097168', '-2.8399055004119873', '5.672811985015869', '3.1791906356811523', '-0.3682253658771515', '4.598273754119873', '1.3499391078948975', '-2.128127336502075', '6.314566135406494', '3.081573247909546', '-0.2539493441581726', '5.738409996032715', '1.9705618619918823', '-0.7167438268661499', '7.132829666137695', '1.9053797721862793', '-0.8024166226387024', '4.6913371086120605', 'female1_d3_conversationgestures_shrug.csv', '42']
ERROR:root:all the input array dimensions except for the concatenation axis must match exactly
INFO:root:(42, 1)
INFO:root:['1.948876142501831', '-2.7618906497955322', '5.554020404815674', '3.173877239227295', '-0.29732659459114075', '4.598426342010498', '1.3290525674819946', '-2.088543653488159', '6.250382423400879', '3.0675036907196045', '-0.208589106798172', '5.740052223205566', '1.9626853466033936', '-0.704585611820221', '7.129877090454102', '1.9093235731124878', '-0.8034976720809937', '4.68671989440918', 'female1_d3_conversationgestures_shrug.csv', '43']
ERROR:root:all the input array dimensions except for the concatenation axis must match exactly
INFO:root:(42, 1)
INFO:root:['1.9032033681869507', '-2.6736881732940674', '5.435388088226318', '3.167174816131592', '-0.2291766107082367', '4.590517997741699', '1.3029847145080566', '-2.0437064170837402', '6.187290668487549', '3.057234764099121', '-0.16720332205295563', '5.733572006225586', '1.9597973823547363', '-0.6904430985450745', '7.120370388031006', '1.9239671230316162', '-0.7987802028656006', '4.680584907531738', 'female1_d3_conversationgestures_shrug.csv', '44']
ERROR:root:all the input array dimensions except for the concatenation axis must match exactly
INFO:root:(42, 1)
INFO:root:['1.8472895622253418', '-2.57563853263855', '5.324935436248779', '3.1514179706573486', '-0.17435964941978455', '4.5833611488342285', '1.272325038909912', '-1.9914401769638062', '6.13154935836792', '3.046729564666748', '-0.1331358551979065', '5.727843761444092', '1.9570958614349365', '-0.6755084991455078', '7.110799789428711', '1.932210922241211', '-0.7949174642562866', '4.6736979484558105', 'female1_d3_conversationgestures_shrug.csv', '45']
ERROR:root:all the input array dimensions except for the concatenation axis must match exactly
INFO:root:(42, 1)
INFO:root:['1.7782644033432007', '-2.4834914207458496', '5.239388942718506', '3.128532648086548', '-0.1396609991788864', '4.580305099487305', '1.2308552265167236', '-1.9409575462341309', '6.092909812927246', '3.033545732498169', '-0.10934019088745117', '5.725974082946777', '1.9533029794692993', '-0.6630575656890869', '7.10862922668457', '1.9382998943328857', '-0.7853931188583374', '4.670705795288086', 'female1_d3_conversationgestures_shrug.csv', '46']
ERROR:root:all the input array dimensions except for the concatenation axis must match exactly
INFO:root:(42, 1)
INFO:root:['1.7071630954742432', '-2.394712448120117', '5.162335395812988', '3.1164846420288086', '-0.11322477459907532', '4.575531005859375', '1.1920708417892456', '-1.8840619325637817', '6.054755687713623', '3.031273603439331', '-0.09140744805335999', '5.722162246704102', '1.955343246459961', '-0.6511669158935547', '7.103691577911377', '1.9494271278381348', '-0.7776077389717102', '4.667690277099609', 'female1_d3_conversationgestures_shrug.csv', '47']
ERROR:root:all the input array dimensions except for the concatenation axis must match exactly
INFO:root:(42, 1)
INFO:root:['1.6319360733032227', '-2.2930777072906494', '5.088013172149658', '3.1087241172790527', '-0.09624548256397247', '4.567934036254883', '1.153468370437622', '-1.8177082538604736', '6.019458770751953', '3.0310962200164795', '-0.08407273888587952', '5.715246200561523', '1.9592031240463257', '-0.6389226913452148', '7.098105430603027', '1.955352544784546', '-0.7661142945289612', '4.662717819213867', 'female1_d3_conversationgestures_shrug.csv', '48']
ERROR:root:all the input array dimensions except for the concatenation axis must match exactly
INFO:root:(42, 1)
INFO:root:['1.5545710325241089', '-2.1989693641662598', '5.014477252960205', '3.0997612476348877', '-0.0928879901766777', '4.557431221008301', '1.113441824913025', '-1.7456731796264648', '5.974907398223877', '3.0308573246002197', '-0.08379891514778137', '5.705328941345215', '1.960573673248291', '-0.6278295516967773', '7.0894317626953125', '1.9756214618682861', '-0.7607895135879517', '4.657048225402832', 'female1_d3_conversationgestures_shrug.csv', '49']
ERROR:root:all the input array dimensions except for the concatenation axis must match exactly
INFO:root:(42, 1)
INFO:root:['1.4700924158096313', '-2.1108429431915283', '4.956131935119629', '3.0907680988311768', '-0.10046524554491043', '4.547199726104736', '1.0689963102340698', '-1.668802261352539', '5.939096450805664', '3.037348508834839', '-0.09080943465232849', '5.695917129516602', '1.967585802078247', '-0.6180341243743896', '7.080888748168945', '1.9890563488006592', '-0.7539894580841064', '4.6520867347717285', 'female1_d3_conversationgestures_shrug.csv', '50']
ERROR:root:all the input array dimensions except for the concatenation axis must match exactly
INFO:root:(42, 1)
INFO:root:['1.3826661109924316', '-2.0189340114593506', '4.895021438598633', '3.0987298488616943', '-0.11733603477478027', '4.536529541015625', '1.033054232597351', '-1.584055781364441', '5.900581359863281', '3.052978992462158', '-0.10230404138565063', '5.685520172119141', '1.9802327156066895', '-0.6059426069259644', '7.070870399475098', '2.0007402896881104', '-0.7478987574577332', '4.646000862121582', 'female1_d3_conversationgestures_shrug.csv', '51']
ERROR:root:all the input array dimensions except for the concatenation axis must match exactly
INFO:root:(42, 1)
INFO:root:['1.2824749946594238', '-1.9305508136749268', '4.855231761932373', '3.0944623947143555', '-0.15153712034225464', '4.5337910652160645', '0.9861129522323608', '-1.5077898502349854', '5.882822036743164', '3.0542867183685303', '-0.1294051706790924', '5.682875633239746', '1.9761040210723877', '-0.6056670546531677', '7.068763256072998', '2.013613700866699', '-0.7399879693984985', '4.643002510070801', 'female1_d3_conversationgestures_shrug.csv', '52']
ERROR:root:all the input array dimensions except for the concatenation axis must match exactly
INFO:root:(42, 1)
INFO:root:['1.190056562423706', '-1.8371962308883667', '4.808862209320068', '3.1038143634796143', '-0.19173599779605865', '4.529820442199707', '0.946911096572876', '-1.4273700714111328', '5.8554863929748535', '3.073591709136963', '-0.16097959876060486', '5.679011344909668', '1.9781379699707031', '-0.599551260471344', '7.062656402587891', '2.025451421737671', '-0.7338431477546692', '4.636174201965332', 'female1_d3_conversationgestures_shrug.csv', '53']
ERROR:root:all the input array dimensions except for the concatenation axis must match exactly
INFO:root:(42, 1)
INFO:root:['1.115933895111084', '-1.7457826137542725', '4.7816033363342285', '3.118755340576172', '-0.2368050068616867', '4.530787467956543', '0.9159921407699585', '-1.3452650308609009', '5.840899467468262', '3.0878469944000244', '-0.18918046355247498', '5.679384708404541', '1.982949137687683', '-0.5921835899353027', '7.062020301818848', '2.032467842102051', '-0.7235207557678223', '4.633637428283691', 'female1_d3_conversationgestures_shrug.csv', '54']
ERROR:root:all the input array dimensions except for the concatenation axis must match exactly
INFO:root:(42, 1)
INFO:root:['1.04867422580719', '-1.6509625911712646', '4.755768299102783', '3.1414883136749268', '-0.2881084382534027', '4.525958061218262', '0.8908749222755432', '-1.2632920742034912', '5.8268938064575195', '3.1107418537139893', '-0.22794072329998016', '5.673971176147461', '1.9904593229293823', '-0.5857865214347839', '7.057018280029297', '2.041285514831543', '-0.7166451215744019', '4.629306793212891', 'female1_d3_conversationgestures_shrug.csv', '55']
ERROR:root:all the input array dimensions except for the concatenation axis must match exactly
INFO:root:(42, 1)
INFO:root:['0.9903172850608826', '-1.552297592163086', '4.730868339538574', '3.1590940952301025', '-0.3462224006652832', '4.5217084884643555', '0.8677686452865601', '-1.1840606927871704', '5.813403129577637', '3.1294493675231934', '-0.2681514620780945', '5.66867208480835', '1.9970228672027588', '-0.5803751945495605', '7.049683094024658', '2.049269676208496', '-0.7048473358154297', '4.621428966522217', 'female1_d3_conversationgestures_shrug.csv', '56']
ERROR:root:all the input array dimensions except for the concatenation axis must match exactly
INFO:root:(42, 1)
INFO:root:['0.9543695449829102', '-1.4568052291870117', '4.7024760246276855', '3.1883625984191895', '-0.413532018661499', '4.519798755645752', '0.8594919443130493', '-1.1159398555755615', '5.79669189453125', '3.1568822860717773', '-0.3159151077270508', '5.665215492248535', '2.0053460597991943', '-0.5773832201957703', '7.044735908508301', '2.0605437755584717', '-0.6952645778656006', '4.617550849914551', 'female1_d3_conversationgestures_shrug.csv', '57']
ERROR:root:all the input array dimensions except for the concatenation axis must match exactly
INFO:root:(42, 1)
INFO:root:['0.9175276756286621', '-1.3683558702468872', '4.6815409660339355', '3.212090492248535', '-0.47989532351493835', '4.515959739685059', '0.8421639204025269', '-1.041961431503296', '5.781671047210693', '3.183629035949707', '-0.36141520738601685', '5.659485340118408', '2.01291561126709', '-0.5732229948043823', '7.036500453948975', '2.0714945793151855', '-0.6821922659873962', '4.609169006347656', 'female1_d3_conversationgestures_shrug.csv', '58']
ERROR:root:all the input array dimensions except for the concatenation axis must match exactly
INFO:root:(42, 1)
INFO:root:['0.8826919794082642', '-1.2909047603607178', '4.670227527618408', '3.232285499572754', '-0.5489487648010254', '4.516587257385254', '0.8286882042884827', '-0.9688647389411926', '5.772893905639648', '3.2019143104553223', '-0.4079112708568573', '5.657501697540283', '2.017115354537964', '-0.5668578147888184', '7.032720565795898', '2.083395481109619', '-0.6682272553443909', '4.604831695556641', 'female1_d3_conversationgestures_shrug.csv', '59']
ERROR:root:all the input array dimensions except for the concatenation axis must match exactly
INFO:root:(42, 1)
INFO:root:['0.8635128140449524', '-1.2188977003097534', '4.653977394104004', '3.2492685317993164', '-0.6192724108695984', '4.515178680419922', '0.8324517011642456', '-0.9051684141159058', '5.759920120239258', '3.220500946044922', '-0.45440173149108887', '5.652935028076172', '2.025151252746582', '-0.5594998598098755', '7.0260467529296875', '2.0925025939941406', '-0.6617827415466309', '4.600236892700195', 'female1_d3_conversationgestures_shrug.csv', '60']
ERROR:root:all the input array dimensions except for the concatenation axis must match exactly
INFO:root:(42, 1)
INFO:root:['0.8522838950157166', '-1.1538152694702148', '4.638737201690674', '3.274064540863037', '-0.6888792514801025', '4.5177717208862305', '0.8402823209762573', '-0.8452898263931274', '5.7465128898620605', '3.241969108581543', '-0.49866044521331787', '5.6514763832092285', '2.0342671871185303', '-0.5532937049865723', '7.018884658813477', '2.105252504348755', '-0.6567203998565674', '4.595067501068115', 'female1_d3_conversationgestures_shrug.csv', '61']
ERROR:root:all the input array dimensions except for the concatenation axis must match exactly
INFO:root:(42, 1)
INFO:root:['0.851449728012085', '-1.0952327251434326', '4.62953519821167', '3.2812111377716064', '-0.7582226395606995', '4.519879341125488', '0.8460140824317932', '-0.7936508059501648', '5.7392730712890625', '3.2536611557006836', '-0.5408777594566345', '5.64881706237793', '2.041867256164551', '-0.5474891662597656', '7.015624046325684', '2.117096185684204', '-0.6526790261268616', '4.591653347015381', 'female1_d3_conversationgestures_shrug.csv', '62']
ERROR:root:all the input array dimensions except for the concatenation axis must match exactly
INFO:root:(42, 1)
INFO:root:['0.8416938185691833', '-1.0513195991516113', '4.631440162658691', '3.2785608768463135', '-0.8289734125137329', '4.532177925109863', '0.8489350080490112', '-0.7506137490272522', '5.741405487060547', '3.2605504989624023', '-0.5833292007446289', '5.655491828918457', '2.047583818435669', '-0.5460482239723206', '7.021030426025391', '2.1164629459381104', '-0.6454670429229736', '4.592670440673828', 'female1_d3_conversationgestures_shrug.csv', '63']
ERROR:root:all the input array dimensions except for the concatenation axis must match exactly
INFO:root:(42, 1)
INFO:root:['0.8339609503746033', '-1.0139657258987427', '4.629934310913086', '3.2798309326171875', '-0.8916532397270203', '4.535036087036133', '0.8525137901306152', '-0.7125797867774963', '5.739583492279053', '3.2716281414031982', '-0.6228417158126831', '5.653146743774414', '2.0582048892974854', '-0.5441293716430664', '7.017727375030518', '2.1184427738189697', '-0.6471871137619019', '4.588695526123047', 'female1_d3_conversationgestures_shrug.csv', '64']
ERROR:root:all the input array dimensions except for the concatenation axis must match exactly
INFO:root:(42, 1)
INFO:root:['0.8333433270454407', '-0.9808375239372253', '4.619547367095947', '3.2661874294281006', '-0.9413726329803467', '4.53034782409668', '0.856603741645813', '-0.6756752133369446', '5.7280755043029785', '3.271474838256836', '-0.6569165587425232', '5.644598960876465', '2.0621230602264404', '-0.5390465259552002', '7.011188507080078', '2.1272802352905273', '-0.6451702117919922', '4.5850443840026855', 'female1_d3_conversationgestures_shrug.csv', '65']
ERROR:root:all the input array dimensions except for the concatenation axis must match exactly
INFO:root:(42, 1)
INFO:root:['0.8297039866447449', '-0.9555911421775818', '4.6224164962768555', '3.2522878646850586', '-0.9880931377410889', '4.538893699645996', '0.8571432828903198', '-0.6418508887290955', '5.728451251983643', '3.2704548835754395', '-0.6880139112472534', '5.6489033699035645', '2.0653769969940186', '-0.5363475680351257', '7.011875629425049', '2.133542060852051', '-0.642663300037384', '4.585261344909668', 'female1_d3_conversationgestures_shrug.csv', '66']
ERROR:root:all the input array dimensions except for the concatenation axis must match exactly
INFO:root:(42, 1)
INFO:root:['0.8323043584823608', '-0.9364792108535767', '4.620931625366211', '3.2329697608947754', '-1.0251107215881348', '4.540643692016602', '0.8658166527748108', '-0.6207579374313354', '5.726235389709473', '3.2675039768218994', '-0.7147302627563477', '5.647427558898926', '2.0712966918945312', '-0.5334219336509705', '7.010092735290527', '2.1366684436798096', '-0.6429612636566162', '4.582712650299072', 'female1_d3_conversationgestures_shrug.csv', '67']
ERROR:root:all the input array dimensions except for the concatenation axis must match exactly
INFO:root:(42, 1)
INFO:root:['0.8393988013267517', '-0.9260209798812866', '4.6210737228393555', '3.215996742248535', '-1.0512735843658447', '4.540746688842773', '0.8718363046646118', '-0.6072495579719543', '5.725533962249756', '3.263876438140869', '-0.7413854598999023', '5.6471710205078125', '2.077165126800537', '-0.5340186953544617', '7.011167526245117', '2.136449098587036', '-0.645035982131958', '4.584218978881836', 'female1_d3_conversationgestures_shrug.csv', '68']
ERROR:root:all the input array dimensions except for the concatenation axis must match exactly
INFO:root:(42, 1)
INFO:root:['0.8429367542266846', '-0.9141973257064819', '4.618477821350098', '3.2039122581481934', '-1.0667881965637207', '4.540405750274658', '0.8785723447799683', '-0.5934194922447205', '5.722258567810059', '3.2623133659362793', '-0.7602702975273132', '5.647264003753662', '2.0811116695404053', '-0.5336931943893433', '7.011129856109619', '2.1369469165802', '-0.6457791328430176', '4.58474588394165', 'female1_d3_conversationgestures_shrug.csv', '69']
ERROR:root:all the input array dimensions except for the concatenation axis must match exactly
INFO:root:(42, 1)
INFO:root:['0.8465295433998108', '-0.9090858697891235', '4.619876384735107', '3.191291332244873', '-1.0736947059631348', '4.537084102630615', '0.8868729472160339', '-0.5851466655731201', '5.722570896148682', '3.2592482566833496', '-0.7781525254249573', '5.646378993988037', '2.0875041484832764', '-0.5362319350242615', '7.011640548706055', '2.13435959815979', '-0.6489202380180359', '4.585551738739014', 'female1_d3_conversationgestures_shrug.csv', '70']
ERROR:root:all the input array dimensions except for the concatenation axis must match exactly
INFO:root:(42, 1)
INFO:root:['0.8447275161743164', '-0.9095216989517212', '4.630005359649658', '3.1798720359802246', '-1.0772266387939453', '4.536855697631836', '0.8887395858764648', '-0.5798669457435608', '5.73086404800415', '3.2548952102661133', '-0.7888205051422119', '5.6475725173950195', '2.0914413928985596', '-0.5392890572547913', '7.017569065093994', '2.1300244331359863', '-0.6500428915023804', '4.589940071105957', 'female1_d3_conversationgestures_shrug.csv', '71']
ERROR:root:all the input array dimensions except for the concatenation axis must match exactly
INFO:root:(42, 1)
INFO:root:['0.8440702557563782', '-0.9069559574127197', '4.633626937866211', '3.1715662479400635', '-1.0706859827041626', '4.531977653503418', '0.8898841142654419', '-0.5750250220298767', '5.733727931976318', '3.251563549041748', '-0.7953155636787415', '5.645651817321777', '2.0946836471557617', '-0.5414578914642334', '7.019555568695068', '2.1246986389160156', '-0.6513322591781616', '4.592194557189941', 'female1_d3_conversationgestures_shrug.csv', '72']
ERROR:root:all the input array dimensions except for the concatenation axis must match exactly
INFO:root:(42, 1)
INFO:root:['0.8340327739715576', '-0.9074132442474365', '4.640422821044922', '3.158604145050049', '-1.058600902557373', '4.529023170471191', '0.8855974674224854', '-0.5735244750976562', '5.739676475524902', '3.2459192276000977', '-0.7978499531745911', '5.645662784576416', '2.094435214996338', '-0.5447139143943787', '7.022448539733887', '2.116241455078125', '-0.6520554423332214', '4.594823360443115', 'female1_d3_conversationgestures_shrug.csv', '73']
ERROR:root:all the input array dimensions except for the concatenation axis must match exactly
INFO:root:(42, 1)
INFO:root:['0.8267077207565308', '-0.9086955785751343', '4.645881652832031', '3.1545352935791016', '-1.0418769121170044', '4.530246734619141', '0.8818763494491577', '-0.5751084089279175', '5.745051860809326', '3.2403628826141357', '-0.7966700196266174', '5.650517463684082', '2.0917258262634277', '-0.546768307685852', '7.0268635749816895', '2.10723876953125', '-0.6526565551757812', '4.598870277404785', 'female1_d3_conversationgestures_shrug.csv', '74']
ERROR:root:all the input array dimensions except for the concatenation axis must match exactly
INFO:root:(42, 1)
INFO:root:['0.8213310241699219', '-0.9097375273704529', '4.648765563964844', '3.152911901473999', '-1.0219427347183228', '4.530349254608154', '0.8799662590026855', '-0.5782809853553772', '5.748400688171387', '3.238145589828491', '-0.79327392578125', '5.6541571617126465', '2.0918962955474854', '-0.5494780540466309', '7.028194904327393', '2.0974767208099365', '-0.6551752090454102', '4.600621700286865', 'female1_d3_conversationgestures_shrug.csv', '75']
ERROR:root:all the input array dimensions except for the concatenation axis must match exactly
INFO:root:(42, 1)
INFO:root:['0.807609498500824', '-0.9147539138793945', '4.656611442565918', '3.1513054370880127', '-1.0023071765899658', '4.5306901931762695', '0.8729783892631531', '-0.5837994813919067', '5.75601863861084', '3.234990358352661', '-0.7852334976196289', '5.656911373138428', '2.090183973312378', '-0.553648054599762', '7.033938407897949', '2.086813449859619', '-0.654471218585968', '4.605315685272217', 'female1_d3_conversationgestures_shrug.csv', '76']
ERROR:root:all the input array dimensions except for the concatenation axis must match exactly
INFO:root:(42, 1)
INFO:root:['0.7956186532974243', '-0.918714702129364', '4.6615800857543945', '3.1498260498046875', '-0.9753897786140442', '4.524798393249512', '0.8616412281990051', '-0.5918083786964417', '5.762158393859863', '3.2277917861938477', '-0.775141716003418', '5.654541969299316', '2.0834767818450928', '-0.5569844245910645', '7.036088466644287', '2.0751593112945557', '-0.6503046154975891', '4.606879711151123', 'female1_d3_conversationgestures_shrug.csv', '77']
ERROR:root:all the input array dimensions except for the concatenation axis must match exactly
INFO:root:(42, 1)
INFO:root:['0.7868109941482544', '-0.9243206977844238', '4.665841102600098', '3.151533842086792', '-0.9478997588157654', '4.5248823165893555', '0.8540418744087219', '-0.6004206538200378', '5.767234802246094', '3.226156234741211', '-0.7569386959075928', '5.656458377838135', '2.0781781673431396', '-0.5591802000999451', '7.038975715637207', '2.0615670680999756', '-0.6463450789451599', '4.610080718994141', 'female1_d3_conversationgestures_shrug.csv', '78']
ERROR:root:all the input array dimensions except for the concatenation axis must match exactly
INFO:root:(42, 1)
INFO:root:['0.7737789154052734', '-0.9310088753700256', '4.674576759338379', '3.147179126739502', '-0.9213349223136902', '4.5272603034973145', '0.8418494462966919', '-0.6093812584877014', '5.776584625244141', '3.218095541000366', '-0.7391082048416138', '5.660513401031494', '2.068946361541748', '-0.5611567497253418', '7.0452423095703125', '2.0471510887145996', '-0.6435577273368835', '4.61582088470459', 'female1_d3_conversationgestures_shrug.csv', '79']
ERROR:root:all the input array dimensions except for the concatenation axis must match exactly
INFO:root:(42, 1)
INFO:root:['0.7646243572235107', '-0.9349243640899658', '4.6771955490112305', '3.140501022338867', '-0.8945742249488831', '4.527121543884277', '0.8297915458679199', '-0.6173002123832703', '5.780539512634277', '3.2042205333709717', '-0.7190971970558167', '5.661866664886475', '2.058021068572998', '-0.5617687702178955', '7.048354148864746', '2.030573606491089', '-0.6397662162780762', '4.6191534996032715', 'female1_d3_conversationgestures_shrug.csv', '80']
ERROR:root:all the input array dimensions except for the concatenation axis must match exactly
INFO:root:(42, 1)
INFO:root:['0.7519953846931458', '-0.9450671672821045', '4.6836700439453125', '3.1268274784088135', '-0.8659229278564453', '4.530819416046143', '0.8155958652496338', '-0.6286619305610657', '5.7874555587768555', '3.192145586013794', '-0.7016603946685791', '5.66715145111084', '2.0470798015594482', '-0.562738299369812', '7.055049419403076', '2.015758514404297', '-0.6343158483505249', '4.625881195068359', 'female1_d3_conversationgestures_shrug.csv', '81']
ERROR:root:all the input array dimensions except for the concatenation axis must match exactly
INFO:root:(42, 1)
INFO:root:['0.7420227527618408', '-0.9552665948867798', '4.692899227142334', '3.1124463081359863', '-0.8368754386901855', '4.53627872467041', '0.8039547204971313', '-0.6380099654197693', '5.796535015106201', '3.177293539047241', '-0.6820540428161621', '5.673962116241455', '2.0359511375427246', '-0.5605514049530029', '7.0622735023498535', '1.9979877471923828', '-0.6266917586326599', '4.632051944732666', 'female1_d3_conversationgestures_shrug.csv', '82']
ERROR:root:all the input array dimensions except for the concatenation axis must match exactly
INFO:root:(42, 1)
INFO:root:['0.7345330119132996', '-0.9637401103973389', '4.702630519866943', '3.0995025634765625', '-0.8083459138870239', '4.542174339294434', '0.7914334535598755', '-0.6461480259895325', '5.806440830230713', '3.163247585296631', '-0.6631031632423401', '5.681182861328125', '2.023066997528076', '-0.5592870712280273', '7.069150924682617', '1.9795751571655273', '-0.620053768157959', '4.6381144523620605', 'female1_d3_conversationgestures_shrug.csv', '83']
ERROR:root:all the input array dimensions except for the concatenation axis must match exactly
INFO:root:(42, 1)
INFO:root:['0.720514178276062', '-0.9767035245895386', '4.713200569152832', '3.0798044204711914', '-0.7850322127342224', '4.5499138832092285', '0.7738288640975952', '-0.6560441255569458', '5.81630277633667', '3.145019769668579', '-0.6449394822120667', '5.689484119415283', '2.006925344467163', '-0.5597853660583496', '7.080355644226074', '1.9598758220672607', '-0.6079975366592407', '4.646694660186768', 'female1_d3_conversationgestures_shrug.csv', '84']
ERROR:root:all the input array dimensions except for the concatenation axis must match exactly
INFO:root:(42, 1)
INFO:root:['0.7123342156410217', '-0.983547568321228', '4.7111310958862305', '3.062192678451538', '-0.7545802593231201', '4.540853500366211', '0.7627080678939819', '-0.6647697687149048', '5.814916610717773', '3.127208948135376', '-0.6234756708145142', '5.681503772735596', '1.9960896968841553', '-0.5549184083938599', '7.076588153839111', '1.9442552328109741', '-0.6063469648361206', '4.647344589233398', 'female1_d3_conversationgestures_shrug.csv', '85']
ERROR:root:all the input array dimensions except for the concatenation axis must match exactly
INFO:root:(42, 1)
INFO:root:['0.7056998014450073', '-0.9968833327293396', '4.719277381896973', '3.0434184074401855', '-0.7317162752151489', '4.5451579093933105', '0.7503001689910889', '-0.6755971908569336', '5.82258415222168', '3.110867500305176', '-0.6057319045066833', '5.686244010925293', '1.981244444847107', '-0.5528814792633057', '7.082895278930664', '1.9253171682357788', '-0.5978827476501465', '4.652897357940674', 'female1_d3_conversationgestures_shrug.csv', '86']
ERROR:root:all the input array dimensions except for the concatenation axis must match exactly
INFO:root:(42, 1)
INFO:root:['0.6997567415237427', '-1.0169506072998047', '4.735296249389648', '3.0205204486846924', '-0.7161346673965454', '4.564613342285156', '0.7346949577331543', '-0.6832690834999084', '5.835266590118408', '3.1053531169891357', '-0.575012743473053', '5.70276403427124', '1.9667714834213257', '-0.5539865493774414', '7.094514846801758', '1.9019222259521484', '-0.5920564532279968', '4.661098480224609', 'female1_d3_conversationgestures_shrug.csv', '87']
ERROR:root:all the input array dimensions except for the concatenation axis must match exactly
INFO:root:(42, 1)
INFO:root:['0.6954373717308044', '-1.0163955688476562', '4.726749897003174', '3.010941743850708', '-0.6947498321533203', '4.56649923324585', '0.7293938398361206', '-0.7045313119888306', '5.833134651184082', '3.090280771255493', '-0.561593770980835', '5.706005096435547', '1.9501917362213135', '-0.5468336939811707', '7.097742080688477', '1.8879053592681885', '-0.585503339767456', '4.665552616119385', 'female1_d3_conversationgestures_shrug.csv', '88']
ERROR:root:all the input array dimensions except for the concatenation axis must match exactly
INFO:root:(42, 1)
INFO:root:['0.693941056728363', '-1.0204894542694092', '4.729938507080078', '2.998379707336426', '-0.6740063428878784', '4.576237678527832', '0.7206295728683472', '-0.7094448208808899', '5.836752891540527', '3.071908950805664', '-0.5437521934509277', '5.716468334197998', '1.9354166984558105', '-0.53914475440979', '7.108340740203857', '1.8662129640579224', '-0.5664037466049194', '4.674920558929443', 'female1_d3_conversationgestures_shrug.csv', '89']
ERROR:root:all the input array dimensions except for the concatenation axis must match exactly
INFO:root:(42, 1)
INFO:root:['0.6858186721801758', '-1.0243096351623535', '4.7366414070129395', '2.986985206604004', '-0.6607873439788818', '4.585597038269043', '0.7086454629898071', '-0.7142910361289978', '5.843830108642578', '3.057952880859375', '-0.5294721722602844', '5.7258687019348145', '1.9195646047592163', '-0.5328160524368286', '7.114976406097412', '1.8491935729980469', '-0.5616299510002136', '4.681741714477539', 'female1_d3_conversationgestures_shrug.csv', '90']
ERROR:root:all the input array dimensions except for the concatenation axis must match exactly
INFO:root:(42, 1)
INFO:root:['0.6908114552497864', '-1.0258675813674927', '4.74011754989624', '2.971700429916382', '-0.6468033790588379', '4.595348358154297', '0.6964644193649292', '-0.717509388923645', '5.8479905128479', '3.0411221981048584', '-0.5128909349441528', '5.73541259765625', '1.9009590148925781', '-0.5276814699172974', '7.119397163391113', '1.8341916799545288', '-0.5518777966499329', '4.685874938964844', 'female1_d3_conversationgestures_shrug.csv', '91']
ERROR:root:all the input array dimensions except for the concatenation axis must match exactly
INFO:root:(42, 1)
INFO:root:['0.6862150430679321', '-1.0293409824371338', '4.744784832000732', '2.96309757232666', '-0.6357059478759766', '4.604111194610596', '0.6812699437141418', '-0.7242786884307861', '5.853573322296143', '3.0238099098205566', '-0.4985291659832001', '5.744284629821777', '1.881135106086731', '-0.5197709202766418', '7.126079559326172', '1.8152055740356445', '-0.5410104393959045', '4.690539360046387', 'female1_d3_conversationgestures_shrug.csv', '92']
ERROR:root:all the input array dimensions except for the concatenation axis must match exactly
INFO:root:(42, 1)
INFO:root:['0.683448851108551', '-1.029380440711975', '4.739742279052734', '2.955946922302246', '-0.6286705136299133', '4.614788055419922', '0.670396089553833', '-0.727327823638916', '5.849288463592529', '3.0118346214294434', '-0.48669520020484924', '5.7546210289001465', '1.8604474067687988', '-0.5127377510070801', '7.129365921020508', '1.804222822189331', '-0.5354138612747192', '4.693347454071045', 'female1_d3_conversationgestures_shrug.csv', '93']
ERROR:root:all the input array dimensions except for the concatenation axis must match exactly
INFO:root:(42, 1)
INFO:root:['0.6834186911582947', '-1.0301342010498047', '4.740193843841553', '2.9509477615356445', '-0.6228420734405518', '4.626753807067871', '0.6577634811401367', '-0.7319564819335938', '5.8505682945251465', '2.996443510055542', '-0.4797755777835846', '5.766912460327148', '1.8393415212631226', '-0.5073566436767578', '7.134544372558594', '1.7954438924789429', '-0.5241780281066895', '4.696657657623291', 'female1_d3_conversationgestures_shrug.csv', '94']
ERROR:root:all the input array dimensions except for the concatenation axis must match exactly
INFO:root:(42, 1)
INFO:root:['0.6795400381088257', '-1.0345245599746704', '4.740180492401123', '2.9385263919830322', '-0.6213102340698242', '4.638803958892822', '0.6446537971496582', '-0.7354235053062439', '5.850054740905762', '2.9829845428466797', '-0.47285163402557373', '5.778314113616943', '1.8207508325576782', '-0.5014121532440186', '7.138787746429443', '1.7863504886627197', '-0.517605721950531', '4.699222564697266', 'female1_d3_conversationgestures_shrug.csv', '95']
ERROR:root:all the input array dimensions except for the concatenation axis must match exactly
INFO:root:(42, 1)
INFO:root:['0.6819002032279968', '-1.0360782146453857', '4.735267162322998', '2.9315273761749268', '-0.6253406405448914', '4.6495280265808105', '0.6347855925559998', '-0.7379083037376404', '5.844940185546875', '2.968458414077759', '-0.47304579615592957', '5.788800239562988', '1.7994983196258545', '-0.49624869227409363', '7.140511512756348', '1.7771884202957153', '-0.510857343673706', '4.698960304260254', 'female1_d3_conversationgestures_shrug.csv', '96']
ERROR:root:all the input array dimensions except for the concatenation axis must match exactly
INFO:root:(42, 1)
INFO:root:['0.6763848662376404', '-1.0398623943328857', '4.730107307434082', '2.9238290786743164', '-0.6290051937103271', '4.658463478088379', '0.6215852499008179', '-0.7352767586708069', '5.837682723999023', '2.9530727863311768', '-0.47411781549453735', '5.797609329223633', '1.778393030166626', '-0.49193274974823', '7.143653392791748', '1.7729088068008423', '-0.506228506565094', '4.7016401290893555', 'female1_d3_conversationgestures_shrug.csv', '97']
ERROR:root:all the input array dimensions except for the concatenation axis must match exactly
INFO:root:(42, 1)
INFO:root:['0.6766636371612549', '-1.041690707206726', '4.721746444702148', '2.918015480041504', '-0.6318609714508057', '4.663607597351074', '0.6153771877288818', '-0.7298749089241028', '5.826967716217041', '2.9399609565734863', '-0.47582048177719116', '5.802760124206543', '1.7631521224975586', '-0.48610126972198486', '7.141820907592773', '1.7670735120773315', '-0.502086341381073', '4.701405048370361', 'female1_d3_conversationgestures_shrug.csv', '98']
ERROR:root:all the input array dimensions except for the concatenation axis must match exactly
INFO:root:(42, 1)
INFO:root:['0.6795198917388916', '-1.03946852684021', '4.715511798858643', '2.914170503616333', '-0.6386138200759888', '4.670093536376953', '0.6084754467010498', '-0.7203304171562195', '5.818055629730225', '2.925288677215576', '-0.4813814163208008', '5.809239387512207', '1.7459005117416382', '-0.4819757342338562', '7.141937732696533', '1.7601603269577026', '-0.4995307922363281', '4.701024055480957', 'female1_d3_conversationgestures_shrug.csv', '99']
ERROR:root:all the input array dimensions except for the concatenation axis must match exactly
INFO:root:(42, 1)
INFO:root:['0.6761593818664551', '-1.0383487939834595', '4.711591720581055', '2.906959056854248', '-0.6495604515075684', '4.677941799163818', '0.5972224473953247', '-0.7123939394950867', '5.811601638793945', '2.9143259525299072', '-0.4873126745223999', '5.816414833068848', '1.7281790971755981', '-0.47651466727256775', '7.142848491668701', '1.7606847286224365', '-0.499372273683548', '4.702828407287598', 'female1_d3_conversationgestures_shrug.csv', '100']
ERROR:root:all the input array dimensions except for the concatenation axis must match exactly
INFO:root:(42, 1)
INFO:root:['0.6771387457847595', '-1.0340397357940674', '4.704476356506348', '2.9005603790283203', '-0.662854790687561', '4.6834893226623535', '0.5914339423179626', '-0.7045863270759583', '5.802936553955078', '2.9035863876342773', '-0.5006431937217712', '5.821987152099609', '1.715116262435913', '-0.4727853536605835', '7.143468856811523', '1.755435824394226', '-0.4994160532951355', '4.703070163726807', 'female1_d3_conversationgestures_shrug.csv', '101']
ERROR:root:all the input array dimensions except for the concatenation axis must match exactly
INFO:root:(42, 1)
INFO:root:['0.6827553510665894', '-1.024927020072937', '4.697117805480957', '2.895052909851074', '-0.6732855439186096', '4.6871771812438965', '0.5869799256324768', '-0.6983217000961304', '5.795596599578857', '2.890197992324829', '-0.5150437355041504', '5.826227188110352', '1.700619101524353', '-0.4683045744895935', '7.143239974975586', '1.7553973197937012', '-0.5000177025794983', '4.703439712524414', 'female1_d3_conversationgestures_shrug.csv', '102']
ERROR:root:all the input array dimensions except for the concatenation axis must match exactly
INFO:root:(42, 1)
INFO:root:['0.6814830303192139', '-1.0166354179382324', '4.689168930053711', '2.8883492946624756', '-0.6876640319824219', '4.6964192390441895', '0.5851917862892151', '-0.694991946220398', '5.789065361022949', '2.8898606300354004', '-0.514735996723175', '5.833341598510742', '1.6909140348434448', '-0.4632658362388611', '7.142876625061035', '1.7503714561462402', '-0.5039071440696716', '4.703797340393066', 'female1_d3_conversationgestures_shrug.csv', '103']
ERROR:root:all the input array dimensions except for the concatenation axis must match exactly
INFO:root:(42, 1)
INFO:root:['0.6820815205574036', '-1.0030629634857178', '4.675971508026123', '2.8903372287750244', '-0.6961921453475952', '4.704899787902832', '0.5873594880104065', '-0.6875287890434265', '5.777772426605225', '2.8906502723693848', '-0.5184817910194397', '5.841085433959961', '1.6834897994995117', '-0.4591905176639557', '7.141150951385498', '1.7473639249801636', '-0.5023068189620972', '4.702696323394775', 'female1_d3_conversationgestures_shrug.csv', '104']
ERROR:root:all the input array dimensions except for the concatenation axis must match exactly
INFO:root:(42, 1)
INFO:root:['0.6798076629638672', '-0.9872690439224243', '4.670947551727295', '2.8835175037384033', '-0.7044274210929871', '4.7117204666137695', '0.5811079144477844', '-0.6824123859405518', '5.775402069091797', '2.8837780952453613', '-0.5191284418106079', '5.84669303894043', '1.6723836660385132', '-0.455657958984375', '7.143658638000488', '1.7364037036895752', '-0.5002340078353882', '4.703968524932861', 'female1_d3_conversationgestures_shrug.csv', '105']
ERROR:root:all the input array dimensions except for the concatenation axis must match exactly
INFO:root:(42, 1)
INFO:root:['0.6797325611114502', '-0.9744175672531128', '4.662568092346191', '2.887671947479248', '-0.7096222043037415', '4.7169013023376465', '0.5816860198974609', '-0.6767319440841675', '5.769035339355469', '2.8859779834747314', '-0.5167443156242371', '5.85060977935791', '1.6674717664718628', '-0.45138299465179443', '7.141602039337158', '1.743338942527771', '-0.5029848217964172', '4.703518390655518', 'female1_d3_conversationgestures_shrug.csv', '106']
ERROR:root:all the input array dimensions except for the concatenation axis must match exactly
INFO:root:(42, 1)
INFO:root:['0.6723705530166626', '-0.9618638753890991', '4.657410621643066', '2.8860981464385986', '-0.7167885303497314', '4.720454216003418', '0.5795364379882812', '-0.6698915958404541', '5.765848159790039', '2.884800434112549', '-0.5166173577308655', '5.852897644042969', '1.6643904447555542', '-0.44824859499931335', '7.141091346740723', '1.739284634590149', '-0.5035394430160522', '4.702667713165283', 'female1_d3_conversationgestures_shrug.csv', '107']
ERROR:root:all the input array dimensions except for the concatenation axis must match exactly
INFO:root:(42, 1)
INFO:root:['0.6679648160934448', '-0.9527806639671326', '4.659435749053955', '2.8803670406341553', '-0.7227685451507568', '4.729337692260742', '0.5762754082679749', '-0.6667582988739014', '5.7695183753967285', '2.8814878463745117', '-0.5186306238174438', '5.8610734939575195', '1.6600837707519531', '-0.4472815990447998', '7.145545482635498', '1.7348324060440063', '-0.5006297826766968', '4.705256938934326', 'female1_d3_conversationgestures_shrug.csv', '108']
ERROR:root:all the input array dimensions except for the concatenation axis must match exactly
INFO:root:(42, 1)
INFO:root:['0.6737479567527771', '-0.9381921887397766', '4.655938148498535', '2.876201868057251', '-0.7256593108177185', '4.731137752532959', '0.5769542455673218', '-0.6584475040435791', '5.767186641693115', '2.880089521408081', '-0.5187237858772278', '5.862359046936035', '1.6567493677139282', '-0.444892942905426', '7.144484519958496', '1.733170986175537', '-0.4998095631599426', '4.704757213592529', 'female1_d3_conversationgestures_shrug.csv', '109']
ERROR:root:all the input array dimensions except for the concatenation axis must match exactly
INFO:root:(42, 1)
INFO:root:['0.6740505695343018', '-0.9298571348190308', '4.651766777038574', '2.8755061626434326', '-0.7263169884681702', '4.731505393981934', '0.577448844909668', '-0.655100405216217', '5.764276027679443', '2.878072738647461', '-0.5199120044708252', '5.862827301025391', '1.6552367210388184', '-0.44312238693237305', '7.143791198730469', '1.7351760864257812', '-0.4993455111980438', '4.704159259796143', 'female1_d3_conversationgestures_shrug.csv', '110']
ERROR:root:all the input array dimensions except for the concatenation axis must match exactly
INFO:root:(42, 1)
INFO:root:DIFF:
[[-0.005822598934173584, -0.0058542490005493164, 0.000926971435546875, -0.0086572170257568359, -0.0076007843017578125, -0.002956390380859375, -0.0048888921737670898, -0.0047082901000976562, 0.00075387954711914062, -0.0077078342437744141, -0.0051951408386230469, -0.0034542083740234375, -0.0039685368537902832, -0.0025913715362548828, 0.00044155120849609375, -0.0030815601348876953, 0.0051967501640319824, -0.0056910514831542969, -0.0031371712684631348, -0.0023961067199707031, 0.00023603439331054688, -0.00162506103515625, -0.0031064748764038086, -0.0047283172607421875, 0.0012547969818115234, -0.0030276775360107422, -0.0029001235961914062, 0.0028533935546875, -0.0031046271324157715, -0.0028047561645507812, -0.0008602142333984375, -0.0035402774810791016, -0.0030760765075683594, -0.0028177499771118164, -0.00383758544921875, -0.0031418800354003906, 0.00088524818420410156, -0.0022149085998535156, -0.0031905174255371094, -0.0020968914031982422, -0.007076263427734375, -0.0015735626220703125, 'female1_d3_conversationgestures_sigh.csv', '1'], [-0.0028179287910461426, -0.0060175657272338867, 0.0018825531005859375, 1.9073486328125e-06, -0.0037300586700439453, -0.001861572265625, -0.0028738975524902344, -0.0053677558898925781, 0.0017108917236328125, 0.00027489662170410156, -0.0053691864013671875, -0.0015196800231933594, -0.0028232932090759277, -0.007588505744934082, 0.0021061897277832031, -0.0041089057922363281, -0.014702677726745605, 0.000518798828125, -0.0038379430770874023, -0.0068583488464355469, 0.0023174285888671875, -0.0051863193511962891, -0.0073665976524353027, -0.00026607513427734375, -0.0022797584533691406, -0.0051104426383972168, 0.00098705291748046875, -0.0028883218765258789, -0.0044917464256286621, 0.0010442733764648438, -0.0037646293640136719, -0.0046544075012207031, 0.00092935562133789062, -0.0020383596420288086, -0.0074967443943023682, 0.0002117156982421875, -0.003096461296081543, -0.0064459443092346191, 0.0002422332763671875, -0.0037407875061035156, -0.0053894519805908203, -0.00013446807861328125, 'female1_d3_conversationgestures_sigh.csv', '2'], [-0.0016728639602661133, -0.0059906244277954102, -0.0022182464599609375, 0.0022168159484863281, -0.004608154296875, -0.0014119148254394531, -0.0014168620109558105, -0.0055835247039794922, -0.0022907257080078125, 0.0015654563903808594, -0.0068385601043701172, -0.00095653533935546875, -0.0009053349494934082, -0.005184471607208252, -0.00232696533203125, -0.003696441650390625, -0.011427462100982666, 0.00032281875610351562, -0.0014102458953857422, -0.004309237003326416, -0.0022439956665039062, -0.0028522014617919922, -0.0063964128494262695, 0.00021314620971679688, -0.0045886039733886719, -0.0055127143859863281, 0.00010728836059570312, -0.0047880411148071289, -0.0051836967468261719, 0.00014495849609375, -0.0026053190231323242, -0.0054597258567810059, 0.00023889541625976562, -0.0018508434295654297, -0.0045057833194732666, 0.00047349929809570312, -0.0027081966400146484, -0.0061274468898773193, 0.0004673004150390625, -0.0024170875549316406, -0.0039368867874145508, -0.00028181076049804688, 'female1_d3_conversationgestures_sigh.csv', '3'], [-0.0063932538032531738, -0.0091713666915893555, -0.0011515617370605469, -0.0066053867340087891, -0.005808711051940918, -0.0034546852111816406, -0.0035300850868225098, -0.0052525997161865234, -0.001827239990234375, -0.0064270496368408203, -0.0056025981903076172, -0.0034961700439453125, -0.0028581619262695312, -0.0041051506996154785, -0.0019865036010742188, -0.0023615360260009766, -0.004902184009552002, -0.0040202140808105469, -0.00071829557418823242, -0.0053334236145019531, -0.0024442672729492188, -0.0016307830810546875, -0.0056958794593811035, -0.0037493705749511719, 0.00047409534454345703, -0.0042680501937866211, -0.0026688575744628906, 0.0017006397247314453, -0.0029816031455993652, -0.0023889541625976562, -0.001340031623840332, -0.0047205090522766113, -0.0027728080749511719, -0.0054908990859985352, -0.004516899585723877, -0.0026998519897460938, -0.0035533905029296875, -0.0045909881591796875, -0.0027322769165039062, -0.0061523914337158203, -0.007587134838104248, -0.0017366409301757812, 'female1_d3_conversationgestures_sigh.csv', '4'], [-0.0031364560127258301, -0.0036056041717529297, 0.0010695457458496094, -0.0066037178039550781, -0.0049058198928833008, -0.00010013580322265625, -0.0035322904586791992, -0.0043838024139404297, 0.00122833251953125, -0.0061068534851074219, -0.0051711797714233398, -4.57763671875e-05, -0.003691256046295166, -0.0071412920951843262, 0.0017027854919433594, -0.0043559074401855469, -0.0043441057205200195, -0.0003604888916015625, -0.0054188370704650879, -0.0066865086555480957, 0.0020952224731445312, -0.0051026344299316406, -0.0053679347038269043, -0.00050401687622070312, -0.0040358304977416992, -0.0041012167930603027, 0.00088930130004882812, -0.0041053295135498047, -0.0041238665580749512, 0.000881195068359375, -0.0046046972274780273, -0.0063712596893310547, 0.00063943862915039062, -0.0051109790802001953, -0.0061362087726593018, 0.000701904296875, -0.0042214393615722656, -0.0044801831245422363, 0.00071048736572265625, -0.0044835805892944336, -0.002756953239440918, 0.00011157989501953125, 'female1_d3_conversationgestures_sigh.csv', '5'], [-0.002842247486114502, -0.0062465667724609375, -0.0017981529235839844, -0.0005931854248046875, -0.0047417879104614258, 0.00093698501586914062, -0.001021265983581543, -0.0042961835861206055, -0.0021038055419921875, -0.0011765956878662109, -0.0046966075897216797, 0.000926971435546875, -0.0026959776878356934, -0.0045003890991210938, -0.002178192138671875, -0.0043241977691650391, -0.0064333677291870117, 0.0015311241149902344, -0.0034072399139404297, -0.0056756734848022461, -0.0019617080688476562, -0.0035955905914306641, -0.0071212053298950195, 0.0017924308776855469, -0.0065834522247314453, -0.0058487057685852051, -5.435943603515625e-05, -0.0063520669937133789, -0.003314673900604248, 0.00034236907958984375, -0.0045434236526489258, -0.0062358379364013672, 3.528594970703125e-05, -0.0025817155838012695, -0.0061628818511962891, 4.00543212890625e-05, -0.0028945207595825195, -0.0056192874908447266, 5.1975250244140625e-05, -0.0037419795989990234, -0.0049157142639160156, -0.0002002716064453125, 'female1_d3_conversationgestures_sigh.csv', '6'], [-0.0034676194190979004, -0.0019810199737548828, -0.00076961517333984375, -0.0055871009826660156, -0.003960728645324707, -0.00063228607177734375, -0.0046894550323486328, -0.0044008493423461914, -0.00027179718017578125, -0.0054438114166259766, -0.0044527053833007812, -0.00053262710571289062, -0.0053797364234924316, -0.003929436206817627, -0.000400543212890625, -0.005100250244140625, -0.0068179965019226074, -0.00019216537475585938, -0.0047130584716796875, -0.0064057707786560059, -0.00046253204345703125, -0.0053522586822509766, -0.005573570728302002, -0.000354766845703125, -0.0045894384384155273, -0.0055829882621765137, -0.00015497207641601562, -0.0039829015731811523, -0.0034075379371643066, 0.00020313262939453125, -0.0051696300506591797, -0.0055745840072631836, -0.00020933151245117188, -0.0053505897521972656, -0.0043270885944366455, 0.00010395050048828125, -0.0061098337173461914, -0.0044432878494262695, 0.00011348724365234375, -0.0064446926116943359, -0.0043306350708007812, 7.1048736572265625e-05, 'female1_d3_conversationgestures_sigh.csv', '7'], [-0.001557767391204834, 0.00098550319671630859, -0.00085687637329101562, -0.0020573139190673828, -0.0042310953140258789, -0.00060606002807617188, -0.0057165622711181641, -0.0033758878707885742, -0.0002384185791015625, -0.0035669803619384766, -0.0046632289886474609, -0.00052404403686523438, -0.00949859619140625, -0.0036312341690063477, -0.000453948974609375, -0.0059607028961181641, -0.0053892135620117188, -0.00016832351684570312, -0.0084276795387268066, -0.0048736929893493652, -0.00066232681274414062, -0.0080945491790771484, -0.0060693025588989258, -0.000743865966796875, -0.0081635713577270508, -0.0055078864097595215, -0.00034284591674804688, -0.0092110633850097656, -0.0035189390182495117, -0.00012683868408203125, -0.0077284574508666992, -0.0065548419952392578, -0.000453948974609375, -0.0054280757904052734, -0.0054998397827148438, -0.00020074844360351562, -0.0038588047027587891, -0.0035589933395385742, -0.00019121170043945312, -0.0028859376907348633, -0.0031199455261230469, -0.00033044815063476562, 'female1_d3_conversationgestures_sigh.csv', '8'], [-0.0038034915924072266, -0.003925323486328125, -0.0027003288269042969, -0.0034906864166259766, -0.0056072473526000977, 0.0021033287048339844, -0.0021178722381591797, -0.0030173063278198242, -0.0027232170104980469, -0.0041441917419433594, -0.0057802200317382812, 0.0021343231201171875, -0.0035123229026794434, -0.0065090060234069824, -0.0022187232971191406, -0.0080363750457763672, -0.0068782567977905273, 0.0026879310607910156, -0.0077447891235351562, -0.0068504810333251953, -0.0012087821960449219, -0.0081374645233154297, -0.0063492655754089355, 0.0026202201843261719, -0.010463714599609375, -0.0057951211929321289, 0.0016460418701171875, -0.010179400444030762, -0.0064137578010559082, 0.0015764236450195312, -0.0086158514022827148, -0.0077933073043823242, 0.0015435218811035156, -0.0055617094039916992, -0.0055639743804931641, 0.0020999908447265625, -0.006232142448425293, -0.0055399537086486816, 0.002109527587890625, -0.0042053461074829102, -0.0024015903472900391, 0.0010676383972167969, 'female1_d3_conversationgestures_sigh.csv', '9'], [-0.0086110830307006836, -0.0042772293090820312, -3.9577484130859375e-05, -0.0058567523956298828, -0.0048450231552124023, 0.003204345703125, -0.0070043802261352539, -0.0033414363861083984, -8.6307525634765625e-05, -0.0055470466613769531, -0.0046364068984985352, 0.0031647682189941406, -0.0072981119155883789, -0.0074880719184875488, 0.00059556961059570312, -0.0040335655212402344, -0.0058124065399169922, 0.0032010078430175781, -0.0055387020111083984, -0.0073826909065246582, 0.00017976760864257812, -0.0047864913940429688, -0.0068126320838928223, 0.0030508041381835938, -0.0077216625213623047, -0.0087102651596069336, 6.1511993408203125e-05, -0.010022759437561035, -0.0085322260856628418, -6.771087646484375e-05, -0.0061305761337280273, -0.0060111880302429199, 0.00039768218994140625, -0.0055837631225585938, -0.0052425861358642578, 0.00059223175048828125, -0.0059221982955932617, -0.0044665932655334473, 0.00061082839965820312, -0.0076681375503540039, -0.0041379928588867188, 0.000476837158203125, 'female1_d3_conversationgestures_sigh.csv', '10']]
INFO:root:Successfully written to: /home/mathias/PycharmProjects/MotionClassifier/dataset/mocap2_derivative.csv
INFO:root:Diff shape: (15343 x 44)
INFO:root:Errors encountered: 110
INFO:root:[GET_DERIVATIVE] - Elapsed: 0:00:09.852373
INFO:root:Collecting synthetic raw data into datasets...
INFO:root:Writing new data:
INFO:root:Filename: /home/mathias/PycharmProjects/MotionClassifier/dataset/synthetic2.csv
INFO:root:Data: 22741 lines
INFO:root:Success.
INFO:root:[GET_DATA] - Elapsed: 0:00:00.207226
INFO:root:[GET_NEWDATA] - Elapsed: 0:00:00.207579
INFO:root:DIFF:
[[-0.020003382364899999, 0.0085368262396899996, -0.010043292575400001, 0.012948777940500001, 0.027839872572200001, 0.011006461249499999, -0.00064321447301800001, -0.00027458756058300002, 'waiting_catmull-rom_0.csv', '1'], [-0.020211664835600003, 0.0071251339383099997, -0.0086778852674999976, 0.0134116278755, 0.028834999932099998, 0.011399883694099999, -0.00065864280418199994, -0.00077600832338699992, 'waiting_catmull-rom_0.csv', '2'], [-0.020390192667700001, 0.0059151119655999999, -0.0075075361464000019, 0.013808356390999997, 0.029687966240800008, 0.011737102932400004, -0.00067186708802999999, -0.00120579754865, 'waiting_catmull-rom_0.csv', '3'], [-0.020538965861, 0.0049067603216999996, -0.0065322452120999998, 0.0141389634874, 0.03039877149789999, 0.012018118964299995, -0.00068288732458000011, -0.0015639552363600003, 'waiting_catmull-rom_0.csv', '4'], [-0.020657984415799996, 0.0041000790066000013, -0.0057520124647000015, 0.01440344916450001, 0.030967415703999995, 0.012242931789800002, -0.00069170351382000011, -0.0018504813865399998, 'waiting_catmull-rom_0.csv', '5'], [-0.020747248332000007, 0.0034950680202999983, -0.0051668379042000001, 0.014601813422299992, 0.031393898858000008, 0.012411541408999999, -0.00069831565574000019, -0.0020653759991699997, 'waiting_catmull-rom_0.csv', '6'], [-0.020806757608999998, 0.0030917273627000044, -0.0047767215304999958, 0.014734056260900005, 0.031678220961000009, 0.012523947821700007, -0.00070272375036999936, -0.0022086390742500003, 'waiting_catmull-rom_0.csv', '7'], [-0.020836512247000005, 0.0028900570339999987, -0.0045816633436000023, 0.014800177679899995, 0.031820382011999992, 0.012580151028099992, -0.00070492779767000052, -0.0022802706117599995, 'waiting_catmull-rom_0.csv', '8'], [-0.020836512247999983, 0.0028900570339999987, -0.0045816633436999987, 0.014800177679999998, 0.031820382011999992, 0.012580151028100006, -0.00070492779766999965, -0.0022802706118000005, 'waiting_catmull-rom_0.csv', '9'], [-0.020806757608999998, 0.0030917273626999975, -0.0047767215305000027, 0.014734056260999995, 0.031678220960999981, 0.012523947822000003, -0.00070272375036000041, -0.0022086390742999985, 'waiting_catmull-rom_0.csv', '10']]
INFO:root:Successfully written to: /home/mathias/PycharmProjects/MotionClassifier/dataset/synthetic2_derivative.csv
INFO:root:Diff shape: (22740 x 10)
INFO:root:[GET_DERIVATIVE] - Elapsed: 0:00:02.439742
INFO:root:Getting new datasets ...
INFO:root:(22740,)
INFO:root:(15343,)
INFO:root:Test points: 2040
INFO:root:Validation points: 2040
INFO:root:Train points: 25071
INFO:root:Before: Generated: 22740, Motion capture: 15343
ERROR:root:Reached end of source.
ERROR:root:Reached end of source.
ERROR:root:Reached end of source.
ERROR:root:Reached end of source.
INFO:root:[COLLECT_DATA] - Elapsed: 0:00:00.351202
INFO:root:[COLLECT_DATA] - Elapsed: 0:00:00.018454
INFO:root:[COLLECT_DATA] - Elapsed: 0:00:00.020158
INFO:root:Train data size: 25072
INFO:root:Test data size: 2046
INFO:root:Validation data size: 2046
INFO:root:After: Generated: 9472, Motion capture: 2095
INFO:root:Saving: trainx5.csv
INFO:root:Data size: 25072 x 11
INFO:root:Successfully written 25072 lines to: /home/mathias/PycharmProjects/MotionClassifier/dataset/trainx5.csv
INFO:root:[SAVE_DATA] - Elapsed: 0:00:00.317189
INFO:root:Saving: testx5.csv
INFO:root:Data size: 2046 x 11
INFO:root:Successfully written 2046 lines to: /home/mathias/PycharmProjects/MotionClassifier/dataset/testx5.csv
INFO:root:[SAVE_DATA] - Elapsed: 0:00:00.025721
INFO:root:Saving: validationx5.csv
INFO:root:Data size: 2046 x 11
INFO:root:Successfully written 2046 lines to: /home/mathias/PycharmProjects/MotionClassifier/dataset/validationx5.csv
INFO:root:[SAVE_DATA] - Elapsed: 0:00:00.023664
INFO:root:Done!
INFO:root:[NEW_DATASET] - Elapsed: 0:00:03.307415
INFO:root:[RUN] - Elapsed: 0:00:16.466037
