INFO:root:[GET DATA] file: /home/mathias/PycharmProjects/MotionClassifier/dataset/trainx4.csv, data: (1729, 10, 8) - target: (1729, 10, 2)
INFO:root:[GET DATA] file: /home/mathias/PycharmProjects/MotionClassifier/dataset/validationx4.csv, data: (137, 10, 8) - target: (137, 10, 2)
INFO:root:[DO THE THING] (1680, 10, 8)
INFO:root:[DO THE THING] (1680, 10, 2)
INFO:root:"{\"class_name\": \"Sequential\", \"keras_version\": \"2.0.4\", \"config\": [{\"class_name\": \"GRU\", \"config\": {\"recurrent_activation\": \"hard_sigmoid\", \"dtype\": \"float32\", \"trainable\": true, \"recurrent_initializer\": {\"class_name\": \"Orthogonal\", \"config\": {\"seed\": null, \"gain\": 1.0}}, \"use_bias\": true, \"bias_regularizer\": null, \"implementation\": 0, \"unroll\": false, \"activation\": \"tanh\", \"bias_initializer\": {\"class_name\": \"Zeros\", \"config\": {}}, \"units\": 1024, \"batch_input_shape\": [60, 10, 8], \"activity_regularizer\": null, \"recurrent_dropout\": 0.0, \"kernel_initializer\": {\"class_name\": \"VarianceScaling\", \"config\": {\"distribution\": \"uniform\", \"scale\": 1.0, \"seed\": null, \"mode\": \"fan_avg\"}}, \"kernel_constraint\": null, \"dropout\": 0.0, \"stateful\": false, \"recurrent_regularizer\": null, \"name\": \"gru_1\", \"bias_constraint\": null, \"go_backwards\": false, \"kernel_regularizer\": null, \"return_sequences\": true, \"recurrent_constraint\": null}}, {\"class_name\": \"GRU\", \"config\": {\"recurrent_activation\": \"hard_sigmoid\", \"trainable\": true, \"recurrent_initializer\": {\"class_name\": \"Orthogonal\", \"config\": {\"seed\": null, \"gain\": 1.0}}, \"use_bias\": true, \"bias_regularizer\": null, \"implementation\": 0, \"unroll\": false, \"activation\": \"tanh\", \"bias_initializer\": {\"class_name\": \"Zeros\", \"config\": {}}, \"units\": 1024, \"activity_regularizer\": null, \"recurrent_dropout\": 0.0, \"kernel_initializer\": {\"class_name\": \"VarianceScaling\", \"config\": {\"distribution\": \"uniform\", \"scale\": 1.0, \"seed\": null, \"mode\": \"fan_avg\"}}, \"kernel_constraint\": null, \"dropout\": 0.0, \"stateful\": true, \"recurrent_regularizer\": null, \"name\": \"gru_2\", \"bias_constraint\": null, \"go_backwards\": false, \"kernel_regularizer\": null, \"return_sequences\": true, \"recurrent_constraint\": null}}, {\"class_name\": \"GRU\", \"config\": {\"recurrent_activation\": \"hard_sigmoid\", \"trainable\": true, \"recurrent_initializer\": {\"class_name\": \"Orthogonal\", \"config\": {\"seed\": null, \"gain\": 1.0}}, \"use_bias\": true, \"bias_regularizer\": null, \"implementation\": 0, \"unroll\": false, \"activation\": \"tanh\", \"bias_initializer\": {\"class_name\": \"Zeros\", \"config\": {}}, \"units\": 1024, \"activity_regularizer\": null, \"recurrent_dropout\": 0.0, \"kernel_initializer\": {\"class_name\": \"VarianceScaling\", \"config\": {\"distribution\": \"uniform\", \"scale\": 1.0, \"seed\": null, \"mode\": \"fan_avg\"}}, \"kernel_constraint\": null, \"dropout\": 0.0, \"stateful\": true, \"recurrent_regularizer\": null, \"name\": \"gru_3\", \"bias_constraint\": null, \"go_backwards\": false, \"kernel_regularizer\": null, \"return_sequences\": true, \"recurrent_constraint\": null}}, {\"class_name\": \"GRU\", \"config\": {\"recurrent_activation\": \"hard_sigmoid\", \"trainable\": true, \"recurrent_initializer\": {\"class_name\": \"Orthogonal\", \"config\": {\"seed\": null, \"gain\": 1.0}}, \"use_bias\": true, \"bias_regularizer\": null, \"implementation\": 0, \"unroll\": false, \"activation\": \"tanh\", \"bias_initializer\": {\"class_name\": \"Zeros\", \"config\": {}}, \"units\": 1024, \"activity_regularizer\": null, \"recurrent_dropout\": 0.0, \"kernel_initializer\": {\"class_name\": \"VarianceScaling\", \"config\": {\"distribution\": \"uniform\", \"scale\": 1.0, \"seed\": null, \"mode\": \"fan_avg\"}}, \"kernel_constraint\": null, \"dropout\": 0.0, \"stateful\": true, \"recurrent_regularizer\": null, \"name\": \"gru_4\", \"bias_constraint\": null, \"go_backwards\": false, \"kernel_regularizer\": null, \"return_sequences\": true, \"recurrent_constraint\": null}}, {\"class_name\": \"Dropout\", \"config\": {\"rate\": 0.2, \"trainable\": true, \"name\": \"dropout_1\"}}, {\"class_name\": \"Dense\", \"config\": {\"kernel_initializer\": {\"class_name\": \"VarianceScaling\", \"config\": {\"distribution\": \"uniform\", \"scale\": 1.0, \"seed\": null, \"mode\": \"fan_avg\"}}, \"name\": \"dense_1\", \"kernel_constraint\": null, \"bias_regularizer\": null, \"bias_constraint\": null, \"activation\": \"softmax\", \"trainable\": true, \"kernel_regularizer\": null, \"bias_initializer\": {\"class_name\": \"Zeros\", \"config\": {}}, \"units\": 2, \"use_bias\": true, \"activity_regularizer\": null}}], \"backend\": \"tensorflow\"}"
INFO:root:[GET DATA] file: /home/mathias/PycharmProjects/MotionClassifier/dataset/testx4.csv, data: (142, 10, 8) - target: (142, 10, 2, 2)
INFO:root:[TEST] p vs y: [ 0.92839086  0.07160906] - [ 1.  0.] --> (abs) 0.0716091021895* data: female1_a04_look.csv (female1_a04_look.csv)
INFO:root:[TEST] p vs y: [ 0.18637259  0.81362742] - [ 0.  1.] --> (abs) 0.186372585595* data: nope_linear.csv (nope_linear.csv)
INFO:root:[TEST] p vs y: [ 0.96000135  0.03999859] - [ 1.  0.] --> (abs) 0.0399986226112* data: female1_a11_crawlforward.csv (female1_a11_crawlforward.csv)
INFO:root:[TEST] p vs y: [ 0.23240218  0.76759779] - [ 0.  1.] --> (abs) 0.232402190566* data: wave2_linear.csv (wave2_linear.csv)
INFO:root:[TEST] p vs y: [ 0.98150551  0.01849457] - [ 1.  0.] --> (abs) 0.0184945296496* data: female1_d2_wait_waisthands.csv (female1_d2_wait_waisthands.csv)
INFO:root:[TEST] p vs y: [ 0.97554839  0.02445169] - [ 1.  0.] --> (abs) 0.0244516525418* data: female1_d4_randomstuff.csv (female1_d4_randomstuff.csv)
INFO:root:[TEST] p vs y: [ 0.09584519  0.9041549 ] - [ 0.  1.] --> (abs) 0.095845144242* data: combined.csv (combined.csv)
INFO:root:[TEST] p vs y: [ 0.9869954   0.01300452] - [ 1.  0.] --> (abs) 0.0130045614205* data: female1_a02_swayt2.csv (female1_a02_swayt2.csv)
INFO:root:[TEST] p vs y: [ 0.97753966  0.02246035] - [ 1.  0.] --> (abs) 0.0224603433162* data: male2_d9_victory1.csv (male2_d9_victory1.csv)
INFO:root:[TEST] p vs y: [ 0.06492825  0.93507183] - [ 0.  1.] --> (abs) 0.0649282112718* data: wait_0_linear.csv (wait_0_linear.csv)
INFO:root:[TEST] p vs y: [ 0.98665333  0.01334679] - [ 1.  0.] --> (abs) 0.0133467330597* data: male2_e3_crossleft.csv (male2_e3_crossleft.csv)
INFO:root:[TEST] p vs y: [ 0.09069058  0.90930939] - [ 0.  1.] --> (abs) 0.0906905978918* data: leila_dances_catmull_long2.csv (leila_dances_catmull_long2.csv)
INFO:root:[TEST] p vs y: [ 0.9733445   0.02665545] - [ 1.  0.] --> (abs) 0.026655472815* data: female1_d4_randomstuff.csv (female1_d4_randomstuff.csv)
INFO:root:[TEST] p vs y: [ 0.92139608  0.07860392] - [ 1.  0.] --> (abs) 0.0786039233208* data: female1_a04_look.csv (female1_a04_look.csv)
INFO:root:[TEST] p vs y: [ 0.11621605  0.88378394] - [ 0.  1.] --> (abs) 0.116216056049* data: onguard_linear_0.csv (onguard_linear_0.csv)
INFO:root:[TEST] p vs y: [ 0.998528    0.00147206] - [ 1.  0.] --> (abs) 0.00147202599328* data: female1_d5_randomstuff2.csv (female1_d5_randomstuff2.csv)
INFO:root:[TEST] p vs y: [ 0.95147312  0.04852682] - [ 1.  0.] --> (abs) 0.048526853323* data: female1_a04_look.csv (female1_a04_look.csv)
INFO:root:[TEST] p vs y: [ 0.27826688  0.72173315] - [ 0.  1.] --> (abs) 0.278266862035* data: jump1_catmull-rom.csv (jump1_catmull-rom.csv)
INFO:root:[TEST] p vs y: [ 0.99423659  0.00576347] - [ 1.  0.] --> (abs) 0.00576343899593* data: male2_extended_1.csv (male2_extended_1.csv)
INFO:root:[TEST] p vs y: [ 0.97574127  0.02425874] - [ 1.  0.] --> (abs) 0.0242587346584* data: female1_d3_conversationgestures_sigh.csv (female1_d3_conversationgestures_sigh.csv)
INFO:root:[TEST] p vs y: [ 0.95800507  0.04199489] - [ 1.  0.] --> (abs) 0.0419949106872* data: male2_extended_2.csv (male2_extended_2.csv)
INFO:root:[TEST] p vs y: [ 0.16748586  0.83251417] - [ 0.  1.] --> (abs) 0.167485848069* data: combined.csv (combined.csv)
INFO:root:[TEST] p vs y: [ 0.98206747  0.01793255] - [ 1.  0.] --> (abs) 0.0179325435311* data: female1_a12_crawlbackwards.csv (female1_a12_crawlbackwards.csv)
INFO:root:[TEST] p vs y: [ 0.99473172  0.00526835] - [ 1.  0.] --> (abs) 0.00526831485331* data: male2_extended_3.csv (male2_extended_3.csv)
INFO:root:[TEST] p vs y: [ 0.04692861  0.95307142] - [ 0.  1.] --> (abs) 0.0469285957515* data: wave3_linear_0.csv (wave3_linear_0.csv)
INFO:root:[TEST] p vs y: [ 0.92334116  0.0766589 ] - [ 1.  0.] --> (abs) 0.0766588710248* data: male2_a4_lookaround.csv (male2_a4_lookaround.csv)
INFO:root:[TEST] p vs y: [ 0.66839612  0.33160385] - [ 1.  0.] --> (abs) 0.331603869796 data: male2_extended_3.csv (male2_extended_3.csv)
INFO:root:[TEST] p vs y: [ 0.94358617  0.05641373] - [ 1.  0.] --> (abs) 0.0564137790352* data: male2_extended_2.csv (male2_extended_2.csv)
INFO:root:[TEST] p vs y: [ 0.19870168  0.80129844] - [ 0.  1.] --> (abs) 0.198701620102* data: combined.csv (combined.csv)
INFO:root:[TEST] p vs y: [ 0.91897213  0.08102786] - [ 1.  0.] --> (abs) 0.0810278616846* data: female1_d2_wait_pose1.csv (female1_d2_wait_pose1.csv)
INFO:root:[TEST] p vs y: [ 0.93156654  0.06843352] - [ 1.  0.] --> (abs) 0.0684334896505* data: female1_d3_conversationgestures_knowwhatimean.csv (female1_d3_conversationgestures_knowwhatimean.csv)
INFO:root:[TEST] p vs y: [ 0.33369878  0.66630125] - [ 0.  1.] --> (abs) 0.333698764443 data: combined.csv (combined.csv)
INFO:root:[TEST] p vs y: [ 0.96571481  0.03428512] - [ 1.  0.] --> (abs) 0.0342851560563* data: female1_a02_swayt2.csv (female1_a02_swayt2.csv)
INFO:root:[TEST] p vs y: [ 0.40496549  0.59503448] - [ 0.  1.] --> (abs) 0.404965505004 data: brah_cubic_0.csv (brah_cubic_0.csv)
INFO:root:[TEST] p vs y: [ 0.90220785  0.09779213] - [ 1.  0.] --> (abs) 0.0977921411395* data: female1_a03_swingt2.csv (female1_a03_swingt2.csv)
INFO:root:[TEST] p vs y: [ 0.10687894  0.89312112] - [ 0.  1.] --> (abs) 0.106878906488* data: muscle_flex_linear.csv (muscle_flex_linear.csv)
INFO:root:[TEST] p vs y: [ 0.90401471  0.09598532] - [ 1.  0.] --> (abs) 0.0959853045642* data: female1_a11_crawlforward.csv (female1_a11_crawlforward.csv)
INFO:root:[TEST] p vs y: [ 0.1033049   0.89669514] - [ 0.  1.] --> (abs) 0.103304881603* data: combined.csv (combined.csv)
INFO:root:[TEST] p vs y: [ 0.86841643  0.13158353] - [ 1.  0.] --> (abs) 0.131583549082* data: female1_d2_wait.csv (female1_d2_wait.csv)
INFO:root:[TEST] p vs y: [ 0.23075163  0.76924837] - [ 0.  1.] --> (abs) 0.230751633644* data: alas_linear.csv (alas_linear.csv)
INFO:root:[TEST] p vs y: [ 0.97873878  0.02126116] - [ 1.  0.] --> (abs) 0.0212611891329* data: male2_extended_3.csv (male2_extended_3.csv)
INFO:root:[TEST] p vs y: [ 0.76946366  0.2305363 ] - [ 0.  1.] --> (abs) 0.769463680685 data: combined.csv (combined.csv)
INFO:root:[TEST] p vs y: [ 0.93600881  0.06399113] - [ 1.  0.] --> (abs) 0.0639911592007* data: male2_e10_bodyhookright.csv (male2_e10_bodyhookright.csv)
INFO:root:[TEST] p vs y: [ 0.96492565  0.03507432] - [ 1.  0.] --> (abs) 0.0350743364543* data: female1_d2_wait_slump.csv (female1_d2_wait_slump.csv)
INFO:root:[TEST] p vs y: [ 0.98687685  0.01312315] - [ 1.  0.] --> (abs) 0.0131231499836* data: male2_d8_bowtoready.csv (male2_d8_bowtoready.csv)
INFO:root:[TEST] p vs y: [ 0.9494918   0.05050809] - [ 1.  0.] --> (abs) 0.0505081452429* data: female1_d4_randomstuff.csv (female1_d4_randomstuff.csv)
INFO:root:[TEST] p vs y: [ 0.0759304   0.92406958] - [ 0.  1.] --> (abs) 0.0759304091334* data: combined.csv (combined.csv)
INFO:root:[TEST] p vs y: [ 0.98315459  0.01684544] - [ 1.  0.] --> (abs) 0.0168454218656* data: male2_extended_1.csv (male2_extended_1.csv)
INFO:root:[TEST] p vs y: [ 0.94063699  0.05936299] - [ 1.  0.] --> (abs) 0.0593629963696* data: female1_a02_sway.csv (female1_a02_sway.csv)
INFO:root:[TEST] p vs y: [ 0.92010629  0.07989376] - [ 1.  0.] --> (abs) 0.0798937343061* data: female1_d3_conversationgestures_knowwhatimean.csv (female1_d3_conversationgestures_knowwhatimean.csv)
INFO:root:[TEST] p vs y: [ 0.46510878  0.53489125] - [ 0.  1.] --> (abs) 0.465108767152 data: combined.csv (combined.csv)
INFO:root:[TEST] p vs y: [ 0.86551523  0.13448478] - [ 1.  0.] --> (abs) 0.134484775364* data: female1_d1_urban.csv (female1_d1_urban.csv)
INFO:root:[TEST] p vs y: [ 0.91588509  0.08411504] - [ 1.  0.] --> (abs) 0.084114972502* data: female1_d5_randomstuff2.csv (female1_d5_randomstuff2.csv)
INFO:root:[TEST] p vs y: [ 0.40374199  0.59625798] - [ 0.  1.] --> (abs) 0.403742000461 data: combined.csv (combined.csv)
INFO:root:[TEST] p vs y: [ 0.99653542  0.00346463] - [ 1.  0.] --> (abs) 0.00346460449509* data: female1_d1_urban_ohnoyoudidnt.csv (female1_d1_urban_ohnoyoudidnt.csv)
INFO:root:[TEST] p vs y: [ 0.88880843  0.11119153] - [ 1.  0.] --> (abs) 0.111191548407* data: female1_d5_randomstuff2.csv (female1_d5_randomstuff2.csv)
INFO:root:[TEST] p vs y: [ 0.96758235  0.03241764] - [ 1.  0.] --> (abs) 0.0324176494032* data: female1_a04_look.csv (female1_a04_look.csv)
INFO:root:[TEST] p vs y: [ 0.12903658  0.87096345] - [ 0.  1.] --> (abs) 0.129036560655* data: combined.csv (combined.csv)
INFO:root:[TEST] p vs y: [ 0.97169876  0.02830121] - [ 1.  0.] --> (abs) 0.0283012259752* data: female1_d1_urban_ohhellno.csv (female1_d1_urban_ohhellno.csv)
INFO:root:[TEST] p vs y: [ 0.92245924  0.07754077] - [ 1.  0.] --> (abs) 0.0775407627225* data: female1_a04_look.csv (female1_a04_look.csv)
INFO:root:[TEST] Correct: 54 vs. Wrong: 6
INFO:root:[TEST] Accuracy: 0.9000 (90.00%)
INFO:root:[TEST_THE_THING] - Elapsed: 0:00:01.185612
INFO:root:[SAVE_MODEL] Saving model to /home/mathias/PycharmProjects/MotionClassifier//models/gru/model_gru_03_0.h5 ...
INFO:root:[SAVE_MODEL] Model saved.
INFO:root:[RUN] - Elapsed: 2:00:28.140294
