INFO:root:[GET DATA] file: /home/mathias/PycharmProjects/MotionClassifier/dataset/trainx4.csv, data: (1729, 10, 8) - target: (1729, 10, 2)
INFO:root:[GET DATA] file: /home/mathias/PycharmProjects/MotionClassifier/dataset/validationx4.csv, data: (137, 10, 8) - target: (137, 10, 2)
INFO:root:[DO THE THING] (1680, 10, 8)
INFO:root:[DO THE THING] (1680, 10, 2)
INFO:root:"{\"class_name\": \"Sequential\", \"keras_version\": \"2.0.4\", \"config\": [{\"class_name\": \"GRU\", \"config\": {\"recurrent_activation\": \"hard_sigmoid\", \"dtype\": \"float32\", \"trainable\": true, \"recurrent_initializer\": {\"class_name\": \"Orthogonal\", \"config\": {\"seed\": null, \"gain\": 1.0}}, \"use_bias\": true, \"bias_regularizer\": null, \"implementation\": 0, \"unroll\": false, \"activation\": \"tanh\", \"bias_initializer\": {\"class_name\": \"Zeros\", \"config\": {}}, \"units\": 1024, \"batch_input_shape\": [60, 10, 8], \"activity_regularizer\": null, \"recurrent_dropout\": 0.0, \"kernel_initializer\": {\"class_name\": \"VarianceScaling\", \"config\": {\"distribution\": \"uniform\", \"scale\": 1.0, \"seed\": null, \"mode\": \"fan_avg\"}}, \"kernel_constraint\": null, \"dropout\": 0.0, \"stateful\": false, \"recurrent_regularizer\": null, \"name\": \"gru_1\", \"bias_constraint\": null, \"go_backwards\": false, \"kernel_regularizer\": null, \"return_sequences\": true, \"recurrent_constraint\": null}}, {\"class_name\": \"GRU\", \"config\": {\"recurrent_activation\": \"hard_sigmoid\", \"trainable\": true, \"recurrent_initializer\": {\"class_name\": \"Orthogonal\", \"config\": {\"seed\": null, \"gain\": 1.0}}, \"use_bias\": true, \"bias_regularizer\": null, \"implementation\": 0, \"unroll\": false, \"activation\": \"tanh\", \"bias_initializer\": {\"class_name\": \"Zeros\", \"config\": {}}, \"units\": 1024, \"activity_regularizer\": null, \"recurrent_dropout\": 0.0, \"kernel_initializer\": {\"class_name\": \"VarianceScaling\", \"config\": {\"distribution\": \"uniform\", \"scale\": 1.0, \"seed\": null, \"mode\": \"fan_avg\"}}, \"kernel_constraint\": null, \"dropout\": 0.0, \"stateful\": true, \"recurrent_regularizer\": null, \"name\": \"gru_2\", \"bias_constraint\": null, \"go_backwards\": false, \"kernel_regularizer\": null, \"return_sequences\": true, \"recurrent_constraint\": null}}, {\"class_name\": \"GRU\", \"config\": {\"recurrent_activation\": \"hard_sigmoid\", \"trainable\": true, \"recurrent_initializer\": {\"class_name\": \"Orthogonal\", \"config\": {\"seed\": null, \"gain\": 1.0}}, \"use_bias\": true, \"bias_regularizer\": null, \"implementation\": 0, \"unroll\": false, \"activation\": \"tanh\", \"bias_initializer\": {\"class_name\": \"Zeros\", \"config\": {}}, \"units\": 1024, \"activity_regularizer\": null, \"recurrent_dropout\": 0.0, \"kernel_initializer\": {\"class_name\": \"VarianceScaling\", \"config\": {\"distribution\": \"uniform\", \"scale\": 1.0, \"seed\": null, \"mode\": \"fan_avg\"}}, \"kernel_constraint\": null, \"dropout\": 0.0, \"stateful\": true, \"recurrent_regularizer\": null, \"name\": \"gru_3\", \"bias_constraint\": null, \"go_backwards\": false, \"kernel_regularizer\": null, \"return_sequences\": true, \"recurrent_constraint\": null}}, {\"class_name\": \"Dropout\", \"config\": {\"rate\": 0.2, \"trainable\": true, \"name\": \"dropout_1\"}}, {\"class_name\": \"Dense\", \"config\": {\"kernel_initializer\": {\"class_name\": \"VarianceScaling\", \"config\": {\"distribution\": \"uniform\", \"scale\": 1.0, \"seed\": null, \"mode\": \"fan_avg\"}}, \"name\": \"dense_1\", \"kernel_constraint\": null, \"bias_regularizer\": null, \"bias_constraint\": null, \"activation\": \"softmax\", \"trainable\": true, \"kernel_regularizer\": null, \"bias_initializer\": {\"class_name\": \"Zeros\", \"config\": {}}, \"units\": 2, \"use_bias\": true, \"activity_regularizer\": null}}], \"backend\": \"tensorflow\"}"
INFO:root:[GET DATA] file: /home/mathias/PycharmProjects/MotionClassifier/dataset/testx4.csv, data: (142, 10, 8) - target: (142, 10, 2, 2)
INFO:root:[TEST] p vs y: [ 0.95246297  0.04753697] - [ 1.  0.] --> (abs) 0.0475369971246 data: female1_a04_look.csv (157)
INFO:root:[TEST] p vs y: [ 0.41419727  0.58580279] - [ 0.  1.] --> (abs) 0.4141972363! data: nope_linear.csv (8)
INFO:root:[TEST] p vs y: [ 0.92578876  0.07421114] - [ 1.  0.] --> (abs) 0.0742111876607 data: female1_a11_crawlforward.csv (118)
INFO:root:[TEST] p vs y: [ 0.15261245  0.84738749] - [ 0.  1.] --> (abs) 0.152612477541 data: wave2_linear.csv (82)
INFO:root:[TEST] p vs y: [ 0.96881533  0.03118454] - [ 1.  0.] --> (abs) 0.0311846090481 data: female1_d2_wait_waisthands.csv (138)
INFO:root:[TEST] p vs y: [ 0.98514146  0.01485839] - [ 1.  0.] --> (abs) 0.0148584684357 data: female1_d4_randomstuff.csv (92)
INFO:root:[TEST] p vs y: [ 0.15320542  0.84679461] - [ 0.  1.] --> (abs) 0.153205409646 data: combined.csv (18610)
INFO:root:[TEST] p vs y: [ 0.97024423  0.02975575] - [ 1.  0.] --> (abs) 0.0297557609156 data: female1_a02_swayt2.csv (402)
INFO:root:[TEST] p vs y: [ 0.9040581   0.09594192] - [ 1.  0.] --> (abs) 0.0959419086576 data: male2_d9_victory1.csv (121)
INFO:root:[TEST] p vs y: [ 0.49062148  0.50937855] - [ 0.  1.] --> (abs) 0.490621462464! data: wait_0_linear.csv (100)
INFO:root:[TEST] p vs y: [ 0.93485606  0.06514405] - [ 1.  0.] --> (abs) 0.065143994987 data: male2_e3_crossleft.csv (52)
INFO:root:[TEST] p vs y: [ 0.09339899  0.90660107] - [ 0.  1.] --> (abs) 0.0933989584446 data: leila_dances_catmull_long2.csv (688)
INFO:root:[TEST] p vs y: [ 0.88619834  0.1138017 ] - [ 1.  0.] --> (abs) 0.113801680505 data: female1_d4_randomstuff.csv (419)
INFO:root:[TEST] p vs y: [ 0.96438485  0.03561507] - [ 1.  0.] --> (abs) 0.0356151070446 data: female1_a04_look.csv (305)
INFO:root:[TEST] p vs y: [ 0.69633639  0.30366355] - [ 0.  1.] --> (abs) 0.69633641839! data: onguard_linear_0.csv (48)
INFO:root:[TEST] p vs y: [ 0.99580538  0.00419464] - [ 1.  0.] --> (abs) 0.00419462705031 data: female1_d5_randomstuff2.csv (31)
INFO:root:[TEST] p vs y: [ 0.98139155  0.01860851] - [ 1.  0.] --> (abs) 0.0186084806919 data: female1_a04_look.csv (602)
INFO:root:[TEST] p vs y: [ 0.38312167  0.61687833] - [ 0.  1.] --> (abs) 0.383121669292! data: jump1_catmull-rom.csv (191)
INFO:root:[TEST] p vs y: [ 0.99568546  0.00431455] - [ 1.  0.] --> (abs) 0.00431454507634 data: male2_extended_1.csv (273)
INFO:root:[TEST] p vs y: [ 0.97374105  0.026259  ] - [ 1.  0.] --> (abs) 0.0262589706108 data: female1_d3_conversationgestures_sigh.csv (104)
INFO:root:[TEST] p vs y: [ 0.93150872  0.06849123] - [ 1.  0.] --> (abs) 0.0684912540019 data: male2_extended_2.csv (75)
INFO:root:[TEST] p vs y: [ 0.1072068  0.8927933] - [ 0.  1.] --> (abs) 0.107206750661 data: combined.csv (230)
INFO:root:[TEST] p vs y: [ 0.97456551  0.02543458] - [ 1.  0.] --> (abs) 0.0254345359281 data: female1_a12_crawlbackwards.csv (95)
INFO:root:[TEST] p vs y: [ 0.99774152  0.00225839] - [ 1.  0.] --> (abs) 0.00225843570661 data: male2_extended_3.csv (730)
INFO:root:[TEST] p vs y: [ 0.10928907  0.89071095] - [ 0.  1.] --> (abs) 0.109289061278 data: wave3_linear_0.csv (12)
INFO:root:[TEST] p vs y: [ 0.97302502  0.02697496] - [ 1.  0.] --> (abs) 0.0269749658182 data: male2_a4_lookaround.csv (350)
INFO:root:[TEST] p vs y: [ 0.75435168  0.24564841] - [ 1.  0.] --> (abs) 0.245648369193 data: male2_extended_3.csv (559)
INFO:root:[TEST] p vs y: [ 0.99128246  0.00871755] - [ 1.  0.] --> (abs) 0.00871754344553 data: male2_extended_2.csv (116)
INFO:root:[TEST] p vs y: [ 0.46032304  0.53967696] - [ 0.  1.] --> (abs) 0.460323035717! data: combined.csv (2847)
INFO:root:[TEST] p vs y: [ 0.97172004  0.02827996] - [ 1.  0.] --> (abs) 0.0282799582928 data: female1_d2_wait_pose1.csv (24)
INFO:root:[TEST] p vs y: [ 0.96216059  0.03783941] - [ 1.  0.] --> (abs) 0.0378394108266 data: female1_d3_conversationgestures_knowwhatimean.csv (11)
INFO:root:[TEST] p vs y: [ 0.50603706  0.49396294] - [ 0.  1.] --> (abs) 0.506037056446! data: combined.csv (14668)
INFO:root:[TEST] p vs y: [ 0.99376523  0.00623474] - [ 1.  0.] --> (abs) 0.0062347506173 data: female1_a02_swayt2.csv (149)
INFO:root:[TEST] p vs y: [ 0.33791798  0.66208202] - [ 0.  1.] --> (abs) 0.337917983532! data: brah_cubic_0.csv (206)
INFO:root:[TEST] p vs y: [ 0.94932306  0.05067687] - [ 1.  0.] --> (abs) 0.0506769064814 data: female1_a03_swingt2.csv (72)
INFO:root:[TEST] p vs y: [ 0.10280068  0.89719933] - [ 0.  1.] --> (abs) 0.102800674736 data: muscle_flex_linear.csv (50)
INFO:root:[TEST] p vs y: [ 0.96010482  0.03989523] - [ 1.  0.] --> (abs) 0.0398952029645 data: female1_a11_crawlforward.csv (27)
INFO:root:[TEST] p vs y: [ 0.10754653  0.89245349] - [ 0.  1.] --> (abs) 0.107546519488 data: combined.csv (13127)
INFO:root:[TEST] p vs y: [ 0.95645875  0.04354139] - [ 1.  0.] --> (abs) 0.0435413215309 data: female1_d2_wait.csv (394)
INFO:root:[TEST] p vs y: [ 0.19581357  0.80418646] - [ 0.  1.] --> (abs) 0.195813551545 data: alas_linear.csv (69)
INFO:root:[TEST] p vs y: [ 0.99818975  0.00181017] - [ 1.  0.] --> (abs) 0.00181021046592 data: male2_extended_3.csv (386)
INFO:root:[TEST] p vs y: [ 0.58528399  0.41471595] - [ 0.  1.] --> (abs) 0.585284024477! data: combined.csv (19845)
INFO:root:[TEST] p vs y: [ 0.95724952  0.04275047] - [ 1.  0.] --> (abs) 0.0427504740655 data: male2_e10_bodyhookright.csv (43)
INFO:root:[TEST] p vs y: [ 0.98485625  0.01514376] - [ 1.  0.] --> (abs) 0.0151437581517 data: female1_d2_wait_slump.csv (69)
INFO:root:[TEST] p vs y: [ 0.96277571  0.03722436] - [ 1.  0.] --> (abs) 0.0372243262827 data: male2_d8_bowtoready.csv (43)
INFO:root:[TEST] p vs y: [ 0.98305339  0.01694655] - [ 1.  0.] --> (abs) 0.0169465821236 data: female1_d4_randomstuff.csv (16)
INFO:root:[TEST] p vs y: [ 0.23407206  0.76592791] - [ 0.  1.] --> (abs) 0.234072074294 data: combined.csv (4035)
INFO:root:[TEST] p vs y: [ 0.9929927   0.00700725] - [ 1.  0.] --> (abs) 0.00700727524236 data: male2_extended_1.csv (133)
INFO:root:[TEST] p vs y: [ 0.96359575  0.03640427] - [ 1.  0.] --> (abs) 0.0364042632282 data: female1_a02_sway.csv (350)
INFO:root:[TEST] p vs y: [ 0.92376631  0.07623369] - [ 1.  0.] --> (abs) 0.0762336850166 data: female1_d3_conversationgestures_knowwhatimean.csv (99)
INFO:root:[TEST] p vs y: [ 0.36904043  0.63095963] - [ 0.  1.] --> (abs) 0.36904039979! data: combined.csv (18406)
INFO:root:[TEST] p vs y: [ 0.95697594  0.04302414] - [ 1.  0.] --> (abs) 0.0430241022259 data: female1_d1_urban.csv (416)
INFO:root:[TEST] p vs y: [ 0.96532077  0.03467917] - [ 1.  0.] --> (abs) 0.0346792023629 data: female1_d5_randomstuff2.csv (143)
INFO:root:[TEST] p vs y: [ 0.63251293  0.36748713] - [ 0.  1.] --> (abs) 0.632512897253! data: combined.csv (18898)
INFO:root:[TEST] p vs y: [ 0.97540665  0.02459325] - [ 1.  0.] --> (abs) 0.0245933029801 data: female1_d1_urban_ohnoyoudidnt.csv (77)
INFO:root:[TEST] p vs y: [ 0.96752501  0.03247498] - [ 1.  0.] --> (abs) 0.0324749853462 data: female1_d5_randomstuff2.csv (166)
INFO:root:[TEST] p vs y: [ 0.98677176  0.01322827] - [ 1.  0.] --> (abs) 0.0132282534614 data: female1_a04_look.csv (630)
INFO:root:[TEST] p vs y: [ 0.13806818  0.8619318 ] - [ 0.  1.] --> (abs) 0.138068191707 data: combined.csv (8929)
INFO:root:[TEST] p vs y: [ 0.97692776  0.02307222] - [ 1.  0.] --> (abs) 0.0230722296983 data: female1_d1_urban_ohhellno.csv (170)
INFO:root:[TEST] p vs y: [ 0.96616966  0.03383036] - [ 1.  0.] --> (abs) 0.0338303539902 data: female1_a04_look.csv (246)
INFO:root:[TEST] Correct: 50 vs. Wrong: 10
INFO:root:[TEST] Accuracy: 0.8333 (83.33%)
INFO:root:[TEST_THE_THING] - Elapsed: 0:00:01.058043
INFO:root:[SAVE_MODEL] Saving model to /home/mathias/PycharmProjects/MotionClassifier//models/gru/model_gru_04_0.h5 ...
INFO:root:[SAVE_MODEL] Model saved.
INFO:root:[RUN] - Elapsed: 1:59:49.853559
