INFO:root:[GET DATA] file: /home/mathias/PycharmProjects/MotionClassifier/dataset/trainx3.csv, data: (2391, 10, 8) - target: (2391, 10, 1)
INFO:root:[GET DATA] file: /home/mathias/PycharmProjects/MotionClassifier/dataset/validationx3.csv, data: (187, 10, 8) - target: (187, 10, 1)
INFO:root:[DO THE THING] (2340, 10, 8)
INFO:root:[DO THE THING] (2340, 10, 1)
INFO:root:"{\"class_name\": \"Sequential\", \"keras_version\": \"2.0.4\", \"config\": [{\"class_name\": \"GRU\", \"config\": {\"recurrent_activation\": \"hard_sigmoid\", \"dtype\": \"float32\", \"trainable\": true, \"recurrent_initializer\": {\"class_name\": \"Orthogonal\", \"config\": {\"seed\": null, \"gain\": 1.0}}, \"use_bias\": true, \"bias_regularizer\": null, \"implementation\": 0, \"unroll\": false, \"activation\": \"tanh\", \"bias_initializer\": {\"class_name\": \"Zeros\", \"config\": {}}, \"units\": 1024, \"batch_input_shape\": [60, 10, 8], \"activity_regularizer\": null, \"recurrent_dropout\": 0.0, \"kernel_initializer\": {\"class_name\": \"VarianceScaling\", \"config\": {\"distribution\": \"uniform\", \"scale\": 1.0, \"seed\": null, \"mode\": \"fan_avg\"}}, \"kernel_constraint\": null, \"dropout\": 0.0, \"stateful\": false, \"recurrent_regularizer\": null, \"name\": \"gru_1\", \"bias_constraint\": null, \"go_backwards\": false, \"kernel_regularizer\": null, \"return_sequences\": true, \"recurrent_constraint\": null}}, {\"class_name\": \"GRU\", \"config\": {\"recurrent_activation\": \"hard_sigmoid\", \"trainable\": true, \"recurrent_initializer\": {\"class_name\": \"Orthogonal\", \"config\": {\"seed\": null, \"gain\": 1.0}}, \"use_bias\": true, \"bias_regularizer\": null, \"implementation\": 0, \"unroll\": false, \"activation\": \"tanh\", \"bias_initializer\": {\"class_name\": \"Zeros\", \"config\": {}}, \"units\": 1024, \"activity_regularizer\": null, \"recurrent_dropout\": 0.0, \"kernel_initializer\": {\"class_name\": \"VarianceScaling\", \"config\": {\"distribution\": \"uniform\", \"scale\": 1.0, \"seed\": null, \"mode\": \"fan_avg\"}}, \"kernel_constraint\": null, \"dropout\": 0.0, \"stateful\": true, \"recurrent_regularizer\": null, \"name\": \"gru_2\", \"bias_constraint\": null, \"go_backwards\": false, \"kernel_regularizer\": null, \"return_sequences\": true, \"recurrent_constraint\": null}}, {\"class_name\": \"GRU\", \"config\": {\"recurrent_activation\": \"hard_sigmoid\", \"trainable\": true, \"recurrent_initializer\": {\"class_name\": \"Orthogonal\", \"config\": {\"seed\": null, \"gain\": 1.0}}, \"use_bias\": true, \"bias_regularizer\": null, \"implementation\": 0, \"unroll\": false, \"activation\": \"tanh\", \"bias_initializer\": {\"class_name\": \"Zeros\", \"config\": {}}, \"units\": 1024, \"activity_regularizer\": null, \"recurrent_dropout\": 0.0, \"kernel_initializer\": {\"class_name\": \"VarianceScaling\", \"config\": {\"distribution\": \"uniform\", \"scale\": 1.0, \"seed\": null, \"mode\": \"fan_avg\"}}, \"kernel_constraint\": null, \"dropout\": 0.0, \"stateful\": true, \"recurrent_regularizer\": null, \"name\": \"gru_3\", \"bias_constraint\": null, \"go_backwards\": false, \"kernel_regularizer\": null, \"return_sequences\": true, \"recurrent_constraint\": null}}, {\"class_name\": \"GRU\", \"config\": {\"recurrent_activation\": \"hard_sigmoid\", \"trainable\": true, \"recurrent_initializer\": {\"class_name\": \"Orthogonal\", \"config\": {\"seed\": null, \"gain\": 1.0}}, \"use_bias\": true, \"bias_regularizer\": null, \"implementation\": 0, \"unroll\": false, \"activation\": \"tanh\", \"bias_initializer\": {\"class_name\": \"Zeros\", \"config\": {}}, \"units\": 1024, \"activity_regularizer\": null, \"recurrent_dropout\": 0.0, \"kernel_initializer\": {\"class_name\": \"VarianceScaling\", \"config\": {\"distribution\": \"uniform\", \"scale\": 1.0, \"seed\": null, \"mode\": \"fan_avg\"}}, \"kernel_constraint\": null, \"dropout\": 0.0, \"stateful\": true, \"recurrent_regularizer\": null, \"name\": \"gru_4\", \"bias_constraint\": null, \"go_backwards\": false, \"kernel_regularizer\": null, \"return_sequences\": true, \"recurrent_constraint\": null}}, {\"class_name\": \"Dropout\", \"config\": {\"rate\": 0.2, \"trainable\": true, \"name\": \"dropout_1\"}}, {\"class_name\": \"Dense\", \"config\": {\"kernel_initializer\": {\"class_name\": \"VarianceScaling\", \"config\": {\"distribution\": \"uniform\", \"scale\": 1.0, \"seed\": null, \"mode\": \"fan_avg\"}}, \"name\": \"dense_1\", \"kernel_constraint\": null, \"bias_regularizer\": null, \"bias_constraint\": null, \"activation\": \"sigmoid\", \"trainable\": true, \"kernel_regularizer\": null, \"bias_initializer\": {\"class_name\": \"Zeros\", \"config\": {}}, \"units\": 1, \"use_bias\": true, \"activity_regularizer\": null}}], \"backend\": \"tensorflow\"}"
INFO:root:[GET DATA] file: /home/mathias/PycharmProjects/MotionClassifier/dataset/testx3.csv, data: (192, 10, 8) - target: (192, 10, 1)
INFO:root:[TEST] p vs y: 0.369964 - 1.0 --> (abs) 0.630035698414
INFO:root:[TEST] p vs y: 0.196182 - 0.0 --> (abs) 0.196182027459*
INFO:root:[TEST] p vs y: 0.768592 - 1.0 --> (abs) 0.231408059597*
INFO:root:[TEST] p vs y: 0.0791511 - 0.0 --> (abs) 0.0791511014104*
INFO:root:[TEST] p vs y: 0.815038 - 1.0 --> (abs) 0.18496209383*
INFO:root:[TEST] p vs y: 0.0479931 - 0.0 --> (abs) 0.0479931011796*
INFO:root:[TEST] p vs y: 0.390118 - 1.0 --> (abs) 0.609881669283
INFO:root:[TEST] p vs y: 0.0604555 - 0.0 --> (abs) 0.0604555010796*
INFO:root:[TEST] p vs y: 0.0681081 - 1.0 --> (abs) 0.931891866028
INFO:root:[TEST] p vs y: 0.0952483 - 0.0 --> (abs) 0.0952482968569*
INFO:root:[TEST] p vs y: 0.611889 - 1.0 --> (abs) 0.388111174107
INFO:root:[TEST] p vs y: 0.139032 - 0.0 --> (abs) 0.139032095671*
INFO:root:[TEST] p vs y: 0.76981 - 1.0 --> (abs) 0.230189979076*
INFO:root:[TEST] p vs y: 0.0736161 - 0.0 --> (abs) 0.0736160501838*
INFO:root:[TEST] p vs y: 0.0746583 - 1.0 --> (abs) 0.925341702998
INFO:root:[TEST] p vs y: 0.225603 - 0.0 --> (abs) 0.225603014231*
INFO:root:[TEST] p vs y: 0.816817 - 1.0 --> (abs) 0.183183193207*
INFO:root:[TEST] p vs y: 0.0226377 - 0.0 --> (abs) 0.0226377118379*
INFO:root:[TEST] p vs y: 0.699846 - 1.0 --> (abs) 0.300154328346
INFO:root:[TEST] p vs y: 0.0830371 - 0.0 --> (abs) 0.0830371305346*
INFO:root:[TEST] p vs y: 0.0221793 - 0.0 --> (abs) 0.0221793279052*
INFO:root:[TEST] p vs y: 0.777251 - 1.0 --> (abs) 0.222748577595*
INFO:root:[TEST] p vs y: 0.143971 - 0.0 --> (abs) 0.143970653415*
INFO:root:[TEST] p vs y: 0.827508 - 1.0 --> (abs) 0.172491669655*
INFO:root:[TEST] p vs y: 0.0686029 - 0.0 --> (abs) 0.0686029270291*
INFO:root:[TEST] p vs y: 0.56014 - 1.0 --> (abs) 0.439860463142
INFO:root:[TEST] p vs y: 0.192953 - 0.0 --> (abs) 0.192953169346*
INFO:root:[TEST] p vs y: 0.389612 - 1.0 --> (abs) 0.61038812995
INFO:root:[TEST] p vs y: 0.0472719 - 0.0 --> (abs) 0.0472719296813*
INFO:root:[TEST] p vs y: 0.62449 - 1.0 --> (abs) 0.37551009655
INFO:root:[TEST] p vs y: 0.092884 - 0.0 --> (abs) 0.0928839594126*
INFO:root:[TEST] p vs y: 0.770068 - 1.0 --> (abs) 0.229932427406*
INFO:root:[TEST] p vs y: 0.0214285 - 0.0 --> (abs) 0.0214285440743*
INFO:root:[TEST] p vs y: 0.914264 - 1.0 --> (abs) 0.0857360959053*
INFO:root:[TEST] p vs y: 0.0347879 - 0.0 --> (abs) 0.0347879081964*
INFO:root:[TEST] p vs y: 0.60941 - 0.0 --> (abs) 0.609409630299
INFO:root:[TEST] p vs y: 0.443334 - 1.0 --> (abs) 0.556666225195
INFO:root:[TEST] p vs y: 0.0865707 - 0.0 --> (abs) 0.0865707024932*
INFO:root:[TEST] p vs y: 0.58246 - 1.0 --> (abs) 0.417539775372
INFO:root:[TEST] p vs y: 0.0155664 - 0.0 --> (abs) 0.0155663741753*
INFO:root:[TEST] p vs y: 0.910811 - 1.0 --> (abs) 0.0891888737679*
INFO:root:[TEST] p vs y: 0.0404014 - 0.0 --> (abs) 0.0404013879597*
INFO:root:[TEST] p vs y: 0.907588 - 1.0 --> (abs) 0.092412352562*
INFO:root:[TEST] p vs y: 0.036924 - 0.0 --> (abs) 0.0369239673018*
INFO:root:[TEST] p vs y: 0.220667 - 1.0 --> (abs) 0.77933268249
INFO:root:[TEST] p vs y: 0.143931 - 0.0 --> (abs) 0.143931090832*
INFO:root:[TEST] p vs y: 0.500363 - 1.0 --> (abs) 0.499636888504
INFO:root:[TEST] p vs y: 0.0118448 - 0.0 --> (abs) 0.0118448333815*
INFO:root:[TEST] p vs y: 0.670059 - 1.0 --> (abs) 0.329941391945
INFO:root:[TEST] p vs y: 0.0613496 - 0.0 --> (abs) 0.0613496378064*
INFO:root:[TEST] p vs y: 0.20518 - 1.0 --> (abs) 0.794820189476
INFO:root:[TEST] p vs y: 0.0424943 - 0.0 --> (abs) 0.0424942597747*
INFO:root:[TEST] p vs y: 0.213915 - 1.0 --> (abs) 0.786084502935
INFO:root:[TEST] p vs y: 0.1954 - 0.0 --> (abs) 0.195400178432*
INFO:root:[TEST] p vs y: 0.524853 - 1.0 --> (abs) 0.475146591663
INFO:root:[TEST] p vs y: 0.0960028 - 0.0 --> (abs) 0.0960028395057*
INFO:root:[TEST] p vs y: 0.679997 - 1.0 --> (abs) 0.320002615452
INFO:root:[TEST] p vs y: 0.645817 - 0.0 --> (abs) 0.645816922188
INFO:root:[TEST] p vs y: 0.698266 - 1.0 --> (abs) 0.301733851433
INFO:root:[TEST] p vs y: 0.0471486 - 0.0 --> (abs) 0.0471485629678*
INFO:root:[TEST] Correct: 39 vs. Wrong: 21
INFO:root:[TEST] Accuracy: 0.65
INFO:root:[TEST_THE_THING] - Elapsed: 0:00:01.072226
INFO:root:[SAVE_MODEL] Saving model to /home/mathias/PycharmProjects/MotionClassifier//models/model_gru_5_0.h5 ...
INFO:root:[SAVE_MODEL] Model saved.
INFO:root:None
INFO:root:[RETRAIN_MODEL] - Elapsed: 0:41:33.362875
INFO:root:[GET DATA] file: /home/mathias/PycharmProjects/MotionClassifier/dataset/testx3.csv, data: (192, 10, 8) - target: (192, 10, 1)
INFO:root:[TEST] p vs y: 0.923738 - 1.0 --> (abs) 0.0762615203857*
INFO:root:[TEST] p vs y: 0.0501191 - 0.0 --> (abs) 0.0501190833747*
INFO:root:[TEST] p vs y: 0.951244 - 1.0 --> (abs) 0.0487562417984*
INFO:root:[TEST] p vs y: 0.156268 - 0.0 --> (abs) 0.156268343329*
INFO:root:[TEST] p vs y: 0.914836 - 1.0 --> (abs) 0.0851640701294*
INFO:root:[TEST] p vs y: 0.224567 - 0.0 --> (abs) 0.224566668272*
INFO:root:[TEST] p vs y: 0.398288 - 1.0 --> (abs) 0.60171186924
INFO:root:[TEST] p vs y: 0.0991385 - 0.0 --> (abs) 0.099138468504*
INFO:root:[TEST] p vs y: 0.385573 - 1.0 --> (abs) 0.614427000284
INFO:root:[TEST] p vs y: 0.392353 - 0.0 --> (abs) 0.392352759838
INFO:root:[TEST] p vs y: 0.974086 - 1.0 --> (abs) 0.0259140729904*
INFO:root:[TEST] p vs y: 0.177376 - 0.0 --> (abs) 0.177376121283*
INFO:root:[TEST] p vs y: 0.931264 - 1.0 --> (abs) 0.0687363743782*
INFO:root:[TEST] p vs y: 0.286536 - 0.0 --> (abs) 0.286535739899*
INFO:root:[TEST] p vs y: 0.0550839 - 1.0 --> (abs) 0.944916136563
INFO:root:[TEST] p vs y: 0.18264 - 0.0 --> (abs) 0.182639673352*
INFO:root:[TEST] p vs y: 0.924155 - 1.0 --> (abs) 0.0758454203606*
INFO:root:[TEST] p vs y: 0.054166 - 0.0 --> (abs) 0.0541659519076*
INFO:root:[TEST] p vs y: 0.917755 - 1.0 --> (abs) 0.0822449922562*
INFO:root:[TEST] p vs y: 0.0901321 - 0.0 --> (abs) 0.0901320651174*
INFO:root:[TEST] p vs y: 0.0689882 - 0.0 --> (abs) 0.0689882040024*
INFO:root:[TEST] p vs y: 0.964035 - 1.0 --> (abs) 0.0359646677971*
INFO:root:[TEST] p vs y: 0.417247 - 0.0 --> (abs) 0.417246639729
INFO:root:[TEST] p vs y: 0.92877 - 1.0 --> (abs) 0.0712299346924*
INFO:root:[TEST] p vs y: 0.106509 - 0.0 --> (abs) 0.106509245932*
INFO:root:[TEST] p vs y: 0.971916 - 1.0 --> (abs) 0.0280840992928*
INFO:root:[TEST] p vs y: 0.237941 - 0.0 --> (abs) 0.237941384315*
INFO:root:[TEST] p vs y: 0.940449 - 1.0 --> (abs) 0.0595514178276*
INFO:root:[TEST] p vs y: 0.0881889 - 0.0 --> (abs) 0.0881889089942*
INFO:root:[TEST] p vs y: 0.983844 - 1.0 --> (abs) 0.0161561965942*
INFO:root:[TEST] p vs y: 0.210486 - 0.0 --> (abs) 0.210485547781*
INFO:root:[TEST] p vs y: 0.905277 - 1.0 --> (abs) 0.0947227478027*
INFO:root:[TEST] p vs y: 0.0691663 - 0.0 --> (abs) 0.069166302681*
INFO:root:[TEST] p vs y: 0.973943 - 1.0 --> (abs) 0.0260570645332*
INFO:root:[TEST] p vs y: 0.0742242 - 0.0 --> (abs) 0.0742242112756*
INFO:root:[TEST] p vs y: 0.950437 - 0.0 --> (abs) 0.950436890125
INFO:root:[TEST] p vs y: 0.776922 - 1.0 --> (abs) 0.22307819128*
INFO:root:[TEST] p vs y: 0.377036 - 0.0 --> (abs) 0.377036124468
INFO:root:[TEST] p vs y: 0.922509 - 1.0 --> (abs) 0.0774908065796*
INFO:root:[TEST] p vs y: 0.0174531 - 0.0 --> (abs) 0.017453122884*
INFO:root:[TEST] p vs y: 0.984082 - 1.0 --> (abs) 0.0159183740616*
INFO:root:[TEST] p vs y: 0.149633 - 0.0 --> (abs) 0.149632945657*
INFO:root:[TEST] p vs y: 0.925892 - 1.0 --> (abs) 0.0741076469421*
INFO:root:[TEST] p vs y: 0.0443347 - 0.0 --> (abs) 0.0443346612155*
INFO:root:[TEST] p vs y: 0.463436 - 1.0 --> (abs) 0.536564171314
INFO:root:[TEST] p vs y: 0.14186 - 0.0 --> (abs) 0.141860187054*
INFO:root:[TEST] p vs y: 0.677718 - 1.0 --> (abs) 0.322281956673
INFO:root:[TEST] p vs y: 0.0249557 - 0.0 --> (abs) 0.0249556712806*
INFO:root:[TEST] p vs y: 0.929403 - 1.0 --> (abs) 0.0705965161324*
INFO:root:[TEST] p vs y: 0.0898025 - 0.0 --> (abs) 0.089802518487*
INFO:root:[TEST] p vs y: 0.669233 - 1.0 --> (abs) 0.330767154694
INFO:root:[TEST] p vs y: 0.0245625 - 0.0 --> (abs) 0.0245624762028*
INFO:root:[TEST] p vs y: 0.965133 - 1.0 --> (abs) 0.0348669886589*
INFO:root:[TEST] p vs y: 0.225764 - 0.0 --> (abs) 0.225764468312*
INFO:root:[TEST] p vs y: 0.878885 - 1.0 --> (abs) 0.121115088463*
INFO:root:[TEST] p vs y: 0.0830234 - 0.0 --> (abs) 0.0830233544111*
INFO:root:[TEST] p vs y: 0.982078 - 1.0 --> (abs) 0.0179219245911*
INFO:root:[TEST] p vs y: 0.333591 - 0.0 --> (abs) 0.333590835333
INFO:root:[TEST] p vs y: 0.986832 - 1.0 --> (abs) 0.0131683349609*
INFO:root:[TEST] p vs y: 0.0995606 - 0.0 --> (abs) 0.0995605960488*
INFO:root:[TEST] Correct: 49 vs. Wrong: 11
INFO:root:[TEST] Accuracy: 0.816666666667
INFO:root:[TEST_THE_THING] - Elapsed: 0:00:00.936034
INFO:root:[SAVE_MODEL] Saving model to /home/mathias/PycharmProjects/MotionClassifier//models/model_gru_5_1.h5 ...
INFO:root:[SAVE_MODEL] Model saved.
INFO:root:None
INFO:root:[RETRAIN_MODEL] - Elapsed: 1:29:32.571218
INFO:root:[GET DATA] file: /home/mathias/PycharmProjects/MotionClassifier/dataset/testx3.csv, data: (192, 10, 8) - target: (192, 10, 1)
INFO:root:[TEST] p vs y: 0.979858 - 1.0 --> (abs) 0.0201416015625*
INFO:root:[TEST] p vs y: 0.107195 - 0.0 --> (abs) 0.107194915414*
INFO:root:[TEST] p vs y: 0.938413 - 1.0 --> (abs) 0.0615873336792*
INFO:root:[TEST] p vs y: 0.147432 - 0.0 --> (abs) 0.147431954741*
INFO:root:[TEST] p vs y: 0.945133 - 1.0 --> (abs) 0.0548671483994*
INFO:root:[TEST] p vs y: 0.22943 - 0.0 --> (abs) 0.229429960251*
INFO:root:[TEST] p vs y: 0.510575 - 1.0 --> (abs) 0.489424526691
INFO:root:[TEST] p vs y: 0.0705984 - 0.0 --> (abs) 0.0705984085798*
INFO:root:[TEST] p vs y: 0.813148 - 1.0 --> (abs) 0.186851620674*
INFO:root:[TEST] p vs y: 0.696836 - 0.0 --> (abs) 0.696835756302
INFO:root:[TEST] p vs y: 0.964823 - 1.0 --> (abs) 0.0351767539978*
INFO:root:[TEST] p vs y: 0.220791 - 0.0 --> (abs) 0.220790624619*
INFO:root:[TEST] p vs y: 0.910541 - 1.0 --> (abs) 0.0894589424133*
INFO:root:[TEST] p vs y: 0.548324 - 0.0 --> (abs) 0.548324227333
INFO:root:[TEST] p vs y: 0.0747242 - 1.0 --> (abs) 0.925275817513
INFO:root:[TEST] p vs y: 0.434969 - 0.0 --> (abs) 0.434969335794
INFO:root:[TEST] p vs y: 0.931276 - 1.0 --> (abs) 0.0687235593796*
INFO:root:[TEST] p vs y: 0.0311829 - 0.0 --> (abs) 0.03118288517*
INFO:root:[TEST] p vs y: 0.928093 - 1.0 --> (abs) 0.0719068646431*
INFO:root:[TEST] p vs y: 0.081265 - 0.0 --> (abs) 0.081264950335*
INFO:root:[TEST] p vs y: 0.0288116 - 0.0 --> (abs) 0.0288115832955*
INFO:root:[TEST] p vs y: 0.879957 - 1.0 --> (abs) 0.12004250288*
INFO:root:[TEST] p vs y: 0.163971 - 0.0 --> (abs) 0.163971319795*
INFO:root:[TEST] p vs y: 0.912867 - 1.0 --> (abs) 0.0871329307556*
INFO:root:[TEST] p vs y: 0.095335 - 0.0 --> (abs) 0.0953349620104*
INFO:root:[TEST] p vs y: 0.931799 - 1.0 --> (abs) 0.0682011842728*
INFO:root:[TEST] p vs y: 0.173555 - 0.0 --> (abs) 0.173555463552*
INFO:root:[TEST] p vs y: 0.858253 - 1.0 --> (abs) 0.141747117043*
INFO:root:[TEST] p vs y: 0.0629555 - 0.0 --> (abs) 0.0629554688931*
INFO:root:[TEST] p vs y: 0.928758 - 1.0 --> (abs) 0.0712422132492*
INFO:root:[TEST] p vs y: 0.497452 - 0.0 --> (abs) 0.497451722622
INFO:root:[TEST] p vs y: 0.982617 - 1.0 --> (abs) 0.0173832178116*
INFO:root:[TEST] p vs y: 0.0276359 - 0.0 --> (abs) 0.0276359468699*
INFO:root:[TEST] p vs y: 0.970037 - 1.0 --> (abs) 0.0299631953239*
INFO:root:[TEST] p vs y: 0.0755415 - 0.0 --> (abs) 0.0755415484309*
INFO:root:[TEST] p vs y: 0.288217 - 0.0 --> (abs) 0.288217484951*
INFO:root:[TEST] p vs y: 0.603548 - 1.0 --> (abs) 0.396451592445
INFO:root:[TEST] p vs y: 0.0961454 - 0.0 --> (abs) 0.0961454361677*
INFO:root:[TEST] p vs y: 0.932962 - 1.0 --> (abs) 0.0670375823975*
INFO:root:[TEST] p vs y: 0.0215161 - 0.0 --> (abs) 0.0215161181986*
INFO:root:[TEST] p vs y: 0.990437 - 1.0 --> (abs) 0.00956279039383*
INFO:root:[TEST] p vs y: 0.0412957 - 0.0 --> (abs) 0.0412957184017*
INFO:root:[TEST] p vs y: 0.936857 - 1.0 --> (abs) 0.0631432533264*
INFO:root:[TEST] p vs y: 0.102713 - 0.0 --> (abs) 0.102712787688*
INFO:root:[TEST] p vs y: 0.740471 - 1.0 --> (abs) 0.259529471397*
INFO:root:[TEST] p vs y: 0.0743702 - 0.0 --> (abs) 0.0743701905012*
INFO:root:[TEST] p vs y: 0.735768 - 1.0 --> (abs) 0.264232218266*
INFO:root:[TEST] p vs y: 0.0276838 - 0.0 --> (abs) 0.027683833614*
INFO:root:[TEST] p vs y: 0.938767 - 1.0 --> (abs) 0.0612333416939*
INFO:root:[TEST] p vs y: 0.107288 - 0.0 --> (abs) 0.107288494706*
INFO:root:[TEST] p vs y: 0.722096 - 1.0 --> (abs) 0.277904391289*
INFO:root:[TEST] p vs y: 0.0563291 - 0.0 --> (abs) 0.0563291199505*
INFO:root:[TEST] p vs y: 0.93916 - 1.0 --> (abs) 0.0608396530151*
INFO:root:[TEST] p vs y: 0.177041 - 0.0 --> (abs) 0.177041202784*
INFO:root:[TEST] p vs y: 0.925442 - 1.0 --> (abs) 0.0745584368706*
INFO:root:[TEST] p vs y: 0.0420915 - 0.0 --> (abs) 0.042091473937*
INFO:root:[TEST] p vs y: 0.979917 - 1.0 --> (abs) 0.0200833082199*
INFO:root:[TEST] p vs y: 0.21439 - 0.0 --> (abs) 0.214390426874*
INFO:root:[TEST] p vs y: 0.98092 - 1.0 --> (abs) 0.0190798044205*
INFO:root:[TEST] p vs y: 0.115173 - 0.0 --> (abs) 0.11517290771*
INFO:root:[TEST] Correct: 53 vs. Wrong: 7
INFO:root:[TEST] Accuracy: 0.883333333333
INFO:root:[TEST_THE_THING] - Elapsed: 0:00:01.417010
INFO:root:[SAVE_MODEL] Saving model to /home/mathias/PycharmProjects/MotionClassifier//models/model_gru_5_2.h5 ...
INFO:root:[SAVE_MODEL] Model saved.
