INFO:root:[GET DATA] file: /home/mathias/PycharmProjects/MotionClassifier/dataset/trainx3.csv, data: (2391, 10, 8) - target: (2391, 10, 1)
INFO:root:[GET DATA] file: /home/mathias/PycharmProjects/MotionClassifier/dataset/validationx3.csv, data: (187, 10, 8) - target: (187, 10, 1)
INFO:root:[DO THE THING] (2300, 10, 8)
INFO:root:[DO THE THING] (2300, 10, 1)
INFO:root:"{\"class_name\": \"Sequential\", \"keras_version\": \"2.0.4\", \"config\": [{\"class_name\": \"GRU\", \"config\": {\"recurrent_activation\": \"hard_sigmoid\", \"dtype\": \"float32\", \"trainable\": true, \"recurrent_initializer\": {\"class_name\": \"Orthogonal\", \"config\": {\"seed\": null, \"gain\": 1.0}}, \"use_bias\": true, \"bias_regularizer\": null, \"implementation\": 0, \"unroll\": false, \"activation\": \"tanh\", \"bias_initializer\": {\"class_name\": \"Zeros\", \"config\": {}}, \"units\": 1024, \"batch_input_shape\": [100, 10, 8], \"activity_regularizer\": null, \"recurrent_dropout\": 0.0, \"kernel_initializer\": {\"class_name\": \"VarianceScaling\", \"config\": {\"distribution\": \"uniform\", \"scale\": 1.0, \"seed\": null, \"mode\": \"fan_avg\"}}, \"kernel_constraint\": null, \"dropout\": 0.0, \"stateful\": false, \"recurrent_regularizer\": null, \"name\": \"gru_1\", \"bias_constraint\": null, \"go_backwards\": false, \"kernel_regularizer\": null, \"return_sequences\": true, \"recurrent_constraint\": null}}, {\"class_name\": \"GRU\", \"config\": {\"recurrent_activation\": \"hard_sigmoid\", \"trainable\": true, \"recurrent_initializer\": {\"class_name\": \"Orthogonal\", \"config\": {\"seed\": null, \"gain\": 1.0}}, \"use_bias\": true, \"bias_regularizer\": null, \"implementation\": 0, \"unroll\": false, \"activation\": \"tanh\", \"bias_initializer\": {\"class_name\": \"Zeros\", \"config\": {}}, \"units\": 1024, \"activity_regularizer\": null, \"recurrent_dropout\": 0.0, \"kernel_initializer\": {\"class_name\": \"VarianceScaling\", \"config\": {\"distribution\": \"uniform\", \"scale\": 1.0, \"seed\": null, \"mode\": \"fan_avg\"}}, \"kernel_constraint\": null, \"dropout\": 0.0, \"stateful\": true, \"recurrent_regularizer\": null, \"name\": \"gru_2\", \"bias_constraint\": null, \"go_backwards\": false, \"kernel_regularizer\": null, \"return_sequences\": true, \"recurrent_constraint\": null}}, {\"class_name\": \"GRU\", \"config\": {\"recurrent_activation\": \"hard_sigmoid\", \"trainable\": true, \"recurrent_initializer\": {\"class_name\": \"Orthogonal\", \"config\": {\"seed\": null, \"gain\": 1.0}}, \"use_bias\": true, \"bias_regularizer\": null, \"implementation\": 0, \"unroll\": false, \"activation\": \"tanh\", \"bias_initializer\": {\"class_name\": \"Zeros\", \"config\": {}}, \"units\": 1024, \"activity_regularizer\": null, \"recurrent_dropout\": 0.0, \"kernel_initializer\": {\"class_name\": \"VarianceScaling\", \"config\": {\"distribution\": \"uniform\", \"scale\": 1.0, \"seed\": null, \"mode\": \"fan_avg\"}}, \"kernel_constraint\": null, \"dropout\": 0.0, \"stateful\": true, \"recurrent_regularizer\": null, \"name\": \"gru_3\", \"bias_constraint\": null, \"go_backwards\": false, \"kernel_regularizer\": null, \"return_sequences\": true, \"recurrent_constraint\": null}}, {\"class_name\": \"GRU\", \"config\": {\"recurrent_activation\": \"hard_sigmoid\", \"trainable\": true, \"recurrent_initializer\": {\"class_name\": \"Orthogonal\", \"config\": {\"seed\": null, \"gain\": 1.0}}, \"use_bias\": true, \"bias_regularizer\": null, \"implementation\": 0, \"unroll\": false, \"activation\": \"tanh\", \"bias_initializer\": {\"class_name\": \"Zeros\", \"config\": {}}, \"units\": 1024, \"activity_regularizer\": null, \"recurrent_dropout\": 0.0, \"kernel_initializer\": {\"class_name\": \"VarianceScaling\", \"config\": {\"distribution\": \"uniform\", \"scale\": 1.0, \"seed\": null, \"mode\": \"fan_avg\"}}, \"kernel_constraint\": null, \"dropout\": 0.0, \"stateful\": true, \"recurrent_regularizer\": null, \"name\": \"gru_4\", \"bias_constraint\": null, \"go_backwards\": false, \"kernel_regularizer\": null, \"return_sequences\": true, \"recurrent_constraint\": null}}, {\"class_name\": \"Dropout\", \"config\": {\"rate\": 0.2, \"trainable\": true, \"name\": \"dropout_1\"}}, {\"class_name\": \"Dense\", \"config\": {\"kernel_initializer\": {\"class_name\": \"VarianceScaling\", \"config\": {\"distribution\": \"uniform\", \"scale\": 1.0, \"seed\": null, \"mode\": \"fan_avg\"}}, \"name\": \"dense_1\", \"kernel_constraint\": null, \"bias_regularizer\": null, \"bias_constraint\": null, \"activation\": \"sigmoid\", \"trainable\": true, \"kernel_regularizer\": null, \"bias_initializer\": {\"class_name\": \"Zeros\", \"config\": {}}, \"units\": 1, \"use_bias\": true, \"activity_regularizer\": null}}], \"backend\": \"tensorflow\"}"
INFO:root:[GET DATA] file: /home/mathias/PycharmProjects/MotionClassifier/dataset/testx3.csv, data: (192, 10, 8) - target: (192, 10, 1)
INFO:root:[TEST] p vs y: 0.929092 - 1.0 --> (abs) 0.0709078907967*
INFO:root:[TEST] p vs y: 0.391895 - 0.0 --> (abs) 0.391894757748
INFO:root:[TEST] p vs y: 0.588462 - 1.0 --> (abs) 0.411538422108
INFO:root:[TEST] p vs y: 0.792234 - 0.0 --> (abs) 0.792233943939
INFO:root:[TEST] p vs y: 0.622141 - 1.0 --> (abs) 0.377859354019
INFO:root:[TEST] p vs y: 0.493026 - 0.0 --> (abs) 0.493026077747
INFO:root:[TEST] p vs y: 0.5477 - 1.0 --> (abs) 0.45230025053
INFO:root:[TEST] p vs y: 0.177265 - 0.0 --> (abs) 0.177264660597*
INFO:root:[TEST] p vs y: 0.0443085 - 1.0 --> (abs) 0.955691494048
INFO:root:[TEST] p vs y: 0.444387 - 0.0 --> (abs) 0.444387286901
INFO:root:[TEST] p vs y: 0.815278 - 1.0 --> (abs) 0.18472212553*
INFO:root:[TEST] p vs y: 0.411846 - 0.0 --> (abs) 0.411845505238
INFO:root:[TEST] p vs y: 0.790237 - 1.0 --> (abs) 0.209763228893*
INFO:root:[TEST] p vs y: 0.0934245 - 0.0 --> (abs) 0.0934245437384*
INFO:root:[TEST] p vs y: 0.140806 - 1.0 --> (abs) 0.859193712473
INFO:root:[TEST] p vs y: 0.457415 - 0.0 --> (abs) 0.457415342331
INFO:root:[TEST] p vs y: 0.592484 - 1.0 --> (abs) 0.40751594305
INFO:root:[TEST] p vs y: 0.001449 - 0.0 --> (abs) 0.00144899776205*
INFO:root:[TEST] p vs y: 0.920939 - 1.0 --> (abs) 0.0790610313416*
INFO:root:[TEST] p vs y: 0.361957 - 0.0 --> (abs) 0.36195653677
INFO:root:[TEST] p vs y: 0.0463442 - 0.0 --> (abs) 0.0463441759348*
INFO:root:[TEST] p vs y: 0.855769 - 1.0 --> (abs) 0.144230544567*
INFO:root:[TEST] p vs y: 0.430985 - 0.0 --> (abs) 0.430984914303
INFO:root:[TEST] p vs y: 0.749083 - 1.0 --> (abs) 0.250917434692*
INFO:root:[TEST] p vs y: 0.845134 - 0.0 --> (abs) 0.845133960247
INFO:root:[TEST] p vs y: 0.783783 - 1.0 --> (abs) 0.21621721983*
INFO:root:[TEST] p vs y: 0.846295 - 0.0 --> (abs) 0.846294701099
INFO:root:[TEST] p vs y: 0.919412 - 1.0 --> (abs) 0.0805883407593*
INFO:root:[TEST] p vs y: 0.383276 - 0.0 --> (abs) 0.383276432753
INFO:root:[TEST] p vs y: 0.982138 - 1.0 --> (abs) 0.0178616642952*
INFO:root:[TEST] p vs y: 0.643039 - 0.0 --> (abs) 0.643039107323
INFO:root:[TEST] p vs y: 0.808651 - 1.0 --> (abs) 0.191348910332*
INFO:root:[TEST] p vs y: 0.0927059 - 0.0 --> (abs) 0.0927059352398*
INFO:root:[TEST] p vs y: 0.945985 - 1.0 --> (abs) 0.0540145635605*
INFO:root:[TEST] p vs y: 0.258896 - 0.0 --> (abs) 0.258895993233*
INFO:root:[TEST] p vs y: 0.616006 - 0.0 --> (abs) 0.616005957127
INFO:root:[TEST] p vs y: 0.877549 - 1.0 --> (abs) 0.122451484203*
INFO:root:[TEST] p vs y: 0.164221 - 0.0 --> (abs) 0.164220884442*
INFO:root:[TEST] p vs y: 0.875762 - 1.0 --> (abs) 0.124238014221*
INFO:root:[TEST] p vs y: 0.00328667 - 0.0 --> (abs) 0.00328666972928*
INFO:root:[TEST] p vs y: 0.985896 - 1.0 --> (abs) 0.0141041874886*
INFO:root:[TEST] p vs y: 0.518161 - 0.0 --> (abs) 0.51816123724
INFO:root:[TEST] p vs y: 0.771424 - 1.0 --> (abs) 0.228575885296*
INFO:root:[TEST] p vs y: 0.0327361 - 0.0 --> (abs) 0.0327361337841*
INFO:root:[TEST] p vs y: 0.896911 - 1.0 --> (abs) 0.10308855772*
INFO:root:[TEST] p vs y: 0.587912 - 0.0 --> (abs) 0.587911725044
INFO:root:[TEST] p vs y: 0.672458 - 1.0 --> (abs) 0.327542066574
INFO:root:[TEST] p vs y: 0.00130289 - 0.0 --> (abs) 0.00130289397202*
INFO:root:[TEST] p vs y: 0.983689 - 1.0 --> (abs) 0.0163108706474*
INFO:root:[TEST] p vs y: 0.568224 - 0.0 --> (abs) 0.56822425127
INFO:root:[TEST] p vs y: 0.897719 - 1.0 --> (abs) 0.102281093597*
INFO:root:[TEST] p vs y: 0.00482835 - 0.0 --> (abs) 0.00482834642753*
INFO:root:[TEST] p vs y: 0.978108 - 1.0 --> (abs) 0.0218924283981*
INFO:root:[TEST] p vs y: 0.310407 - 0.0 --> (abs) 0.310406982899
INFO:root:[TEST] p vs y: 0.818799 - 1.0 --> (abs) 0.181200623512*
INFO:root:[TEST] p vs y: 0.227257 - 0.0 --> (abs) 0.227256506681*
INFO:root:[TEST] p vs y: 0.588161 - 1.0 --> (abs) 0.411838889122
INFO:root:[TEST] p vs y: 0.666715 - 0.0 --> (abs) 0.66671526432
INFO:root:[TEST] p vs y: 0.987853 - 1.0 --> (abs) 0.0121472477913*
INFO:root:[TEST] p vs y: 0.192993 - 0.0 --> (abs) 0.192992910743*
INFO:root:[TEST] p vs y: 0.981249 - 1.0 --> (abs) 0.0187512636185*
INFO:root:[TEST] p vs y: 0.362588 - 0.0 --> (abs) 0.362587958574
INFO:root:[TEST] p vs y: 0.902929 - 0.0 --> (abs) 0.902929008007
INFO:root:[TEST] p vs y: 0.903979 - 1.0 --> (abs) 0.0960206985474*
INFO:root:[TEST] p vs y: 0.31104 - 0.0 --> (abs) 0.311040341854
INFO:root:[TEST] p vs y: 0.900781 - 0.0 --> (abs) 0.900780975819
INFO:root:[TEST] p vs y: 0.972255 - 1.0 --> (abs) 0.0277446508408*
INFO:root:[TEST] p vs y: 0.221432 - 0.0 --> (abs) 0.221431896091*
INFO:root:[TEST] p vs y: 0.974159 - 1.0 --> (abs) 0.0258412361145*
INFO:root:[TEST] p vs y: 0.675765 - 1.0 --> (abs) 0.324235022068
INFO:root:[TEST] p vs y: 0.0327454 - 0.0 --> (abs) 0.0327453948557*
INFO:root:[TEST] p vs y: 0.623026 - 1.0 --> (abs) 0.376974344254
INFO:root:[TEST] p vs y: 0.424063 - 0.0 --> (abs) 0.424062728882
INFO:root:[TEST] p vs y: 0.979991 - 1.0 --> (abs) 0.0200085639954*
INFO:root:[TEST] p vs y: 0.00884758 - 0.0 --> (abs) 0.00884757749736*
INFO:root:[TEST] p vs y: 0.922829 - 1.0 --> (abs) 0.0771712064743*
INFO:root:[TEST] p vs y: 0.00384794 - 0.0 --> (abs) 0.00384794315323*
INFO:root:[TEST] p vs y: 0.873659 - 0.0 --> (abs) 0.873659014702
INFO:root:[TEST] p vs y: 0.501343 - 1.0 --> (abs) 0.498657107353
INFO:root:[TEST] p vs y: 0.309805 - 0.0 --> (abs) 0.309804677963
INFO:root:[TEST] p vs y: 0.933661 - 1.0 --> (abs) 0.0663388967514*
INFO:root:[TEST] p vs y: 0.891115 - 0.0 --> (abs) 0.891115367413
INFO:root:[TEST] p vs y: 0.796931 - 1.0 --> (abs) 0.203069329262*
INFO:root:[TEST] p vs y: 0.510673 - 0.0 --> (abs) 0.510672986507
INFO:root:[TEST] p vs y: 0.766777 - 1.0 --> (abs) 0.233222782612*
INFO:root:[TEST] p vs y: 0.689366 - 0.0 --> (abs) 0.689365923405
INFO:root:[TEST] p vs y: 0.985616 - 1.0 --> (abs) 0.0143839716911*
INFO:root:[TEST] p vs y: 0.465998 - 0.0 --> (abs) 0.465998470783
INFO:root:[TEST] p vs y: 0.952062 - 1.0 --> (abs) 0.0479381680489*
INFO:root:[TEST] p vs y: 0.579613 - 0.0 --> (abs) 0.579613089561
INFO:root:[TEST] p vs y: 0.980407 - 1.0 --> (abs) 0.0195929408073*
INFO:root:[TEST] p vs y: 0.753665 - 0.0 --> (abs) 0.753665447235
INFO:root:[TEST] p vs y: 0.984363 - 1.0 --> (abs) 0.0156372785568*
INFO:root:[TEST] p vs y: 0.222945 - 0.0 --> (abs) 0.222945183516*
INFO:root:[TEST] p vs y: 0.687932 - 1.0 --> (abs) 0.312068104744
INFO:root:[TEST] p vs y: 0.869253 - 0.0 --> (abs) 0.869252562523
INFO:root:[TEST] p vs y: 0.0948673 - 1.0 --> (abs) 0.90513266623
INFO:root:[TEST] p vs y: 0.292559 - 0.0 --> (abs) 0.292558789253*
INFO:root:[TEST] p vs y: 0.73133 - 1.0 --> (abs) 0.268669962883*
INFO:root:[TEST] p vs y: 0.604677 - 0.0 --> (abs) 0.604677259922
INFO:root:[TEST] Correct: 54 vs. Wrong: 46
INFO:root:[TEST] Accuracy: 0.54
INFO:root:test_the_thing - Elapsed: 0:00:01.637878
INFO:root:[SAVE_MODEL] Saving model to /home/mathias/PycharmProjects/MotionClassifier//models/model_gru_2_0.h5 ...
INFO:root:[SAVE_MODEL] Model saved.
INFO:root:None
INFO:root:retrain_model - Elapsed: 0:17:13.061718
INFO:root:[GET DATA] file: /home/mathias/PycharmProjects/MotionClassifier/dataset/testx3.csv, data: (192, 10, 8) - target: (192, 10, 1)
INFO:root:[TEST] p vs y: 0.772347 - 1.0 --> (abs) 0.227652728558*
INFO:root:[TEST] p vs y: 0.216902 - 0.0 --> (abs) 0.216902181506*
INFO:root:[TEST] p vs y: 0.905614 - 1.0 --> (abs) 0.0943863987923*
INFO:root:[TEST] p vs y: 0.211242 - 0.0 --> (abs) 0.211242079735*
INFO:root:[TEST] p vs y: 0.912238 - 1.0 --> (abs) 0.0877615809441*
INFO:root:[TEST] p vs y: 0.257841 - 0.0 --> (abs) 0.257840901613*
INFO:root:[TEST] p vs y: 0.340023 - 1.0 --> (abs) 0.659976601601
INFO:root:[TEST] p vs y: 0.0424597 - 0.0 --> (abs) 0.0424597039819*
INFO:root:[TEST] p vs y: 0.117412 - 1.0 --> (abs) 0.882587864995
INFO:root:[TEST] p vs y: 0.0632358 - 0.0 --> (abs) 0.0632358118892*
INFO:root:[TEST] p vs y: 0.848688 - 1.0 --> (abs) 0.151311576366*
INFO:root:[TEST] p vs y: 0.143733 - 0.0 --> (abs) 0.143732875586*
INFO:root:[TEST] p vs y: 0.862546 - 1.0 --> (abs) 0.13745367527*
INFO:root:[TEST] p vs y: 0.0141563 - 0.0 --> (abs) 0.0141563145444*
INFO:root:[TEST] p vs y: 0.108366 - 1.0 --> (abs) 0.891633830965
INFO:root:[TEST] p vs y: 0.120517 - 0.0 --> (abs) 0.120517276227*
INFO:root:[TEST] p vs y: 0.911335 - 1.0 --> (abs) 0.0886647105217*
INFO:root:[TEST] p vs y: 0.0168316 - 0.0 --> (abs) 0.0168315824121*
INFO:root:[TEST] p vs y: 0.375479 - 1.0 --> (abs) 0.624520510435
INFO:root:[TEST] p vs y: 0.118121 - 0.0 --> (abs) 0.118121430278*
INFO:root:[TEST] p vs y: 0.0467311 - 0.0 --> (abs) 0.0467310808599*
INFO:root:[TEST] p vs y: 0.952547 - 1.0 --> (abs) 0.0474531054497*
INFO:root:[TEST] p vs y: 0.16826 - 0.0 --> (abs) 0.168259501457*
INFO:root:[TEST] p vs y: 0.870457 - 1.0 --> (abs) 0.129543185234*
INFO:root:[TEST] p vs y: 0.173108 - 0.0 --> (abs) 0.173107773066*
INFO:root:[TEST] p vs y: 0.924126 - 1.0 --> (abs) 0.0758741497993*
INFO:root:[TEST] p vs y: 0.707533 - 0.0 --> (abs) 0.707533359528
INFO:root:[TEST] p vs y: 0.841907 - 1.0 --> (abs) 0.158093333244*
INFO:root:[TEST] p vs y: 0.0806701 - 0.0 --> (abs) 0.0806701332331*
INFO:root:[TEST] p vs y: 0.777997 - 1.0 --> (abs) 0.222002565861*
INFO:root:[TEST] p vs y: 0.309059 - 0.0 --> (abs) 0.309059053659
INFO:root:[TEST] p vs y: 0.891395 - 1.0 --> (abs) 0.108605027199*
INFO:root:[TEST] p vs y: 0.0178837 - 0.0 --> (abs) 0.0178837459534*
INFO:root:[TEST] p vs y: 0.898925 - 1.0 --> (abs) 0.101074576378*
INFO:root:[TEST] p vs y: 0.165936 - 0.0 --> (abs) 0.165935814381*
INFO:root:[TEST] p vs y: 0.185569 - 0.0 --> (abs) 0.185569271445*
INFO:root:[TEST] p vs y: 0.599412 - 1.0 --> (abs) 0.400588393211
INFO:root:[TEST] p vs y: 0.116243 - 0.0 --> (abs) 0.11624263227*
INFO:root:[TEST] p vs y: 0.842067 - 1.0 --> (abs) 0.157932579517*
INFO:root:[TEST] p vs y: 0.0109456 - 0.0 --> (abs) 0.0109455976635*
INFO:root:[TEST] p vs y: 0.748896 - 1.0 --> (abs) 0.251103758812*
INFO:root:[TEST] p vs y: 0.196806 - 0.0 --> (abs) 0.196805730462*
INFO:root:[TEST] p vs y: 0.879409 - 1.0 --> (abs) 0.120591163635*
INFO:root:[TEST] p vs y: 0.0814179 - 0.0 --> (abs) 0.0814179033041*
INFO:root:[TEST] p vs y: 0.455129 - 1.0 --> (abs) 0.544871240854
INFO:root:[TEST] p vs y: 0.135023 - 0.0 --> (abs) 0.135023087263*
INFO:root:[TEST] p vs y: 0.824869 - 1.0 --> (abs) 0.17513102293*
INFO:root:[TEST] p vs y: 0.0212058 - 0.0 --> (abs) 0.0212057605386*
INFO:root:[TEST] p vs y: 0.88833 - 1.0 --> (abs) 0.111670136452*
INFO:root:[TEST] p vs y: 0.298313 - 0.0 --> (abs) 0.298313498497*
INFO:root:[TEST] p vs y: 0.711839 - 1.0 --> (abs) 0.288160800934*
INFO:root:[TEST] p vs y: 0.0218124 - 0.0 --> (abs) 0.021812370047*
INFO:root:[TEST] p vs y: 0.829295 - 1.0 --> (abs) 0.1707046628*
INFO:root:[TEST] p vs y: 0.105011 - 0.0 --> (abs) 0.105010941625*
INFO:root:[TEST] p vs y: 0.928449 - 1.0 --> (abs) 0.0715514421463*
INFO:root:[TEST] p vs y: 0.35495 - 0.0 --> (abs) 0.354950338602
INFO:root:[TEST] p vs y: 0.589582 - 1.0 --> (abs) 0.410418450832
INFO:root:[TEST] p vs y: 0.282097 - 0.0 --> (abs) 0.282097488642*
INFO:root:[TEST] p vs y: 0.938454 - 1.0 --> (abs) 0.0615463256836*
INFO:root:[TEST] p vs y: 0.0399401 - 0.0 --> (abs) 0.0399400889874*
INFO:root:[TEST] p vs y: 0.898325 - 1.0 --> (abs) 0.101674735546*
INFO:root:[TEST] p vs y: 0.098868 - 0.0 --> (abs) 0.09886803478*
INFO:root:[TEST] p vs y: 0.377856 - 0.0 --> (abs) 0.377856105566
INFO:root:[TEST] p vs y: 0.763429 - 1.0 --> (abs) 0.236570715904*
INFO:root:[TEST] p vs y: 0.123461 - 0.0 --> (abs) 0.123461224139*
INFO:root:[TEST] p vs y: 0.121663 - 0.0 --> (abs) 0.121662974358*
INFO:root:[TEST] p vs y: 0.590195 - 1.0 --> (abs) 0.409805297852
INFO:root:[TEST] p vs y: 0.0773485 - 0.0 --> (abs) 0.0773484781384*
INFO:root:[TEST] p vs y: 0.733256 - 1.0 --> (abs) 0.26674425602*
INFO:root:[TEST] p vs y: 0.580725 - 1.0 --> (abs) 0.419274687767
INFO:root:[TEST] p vs y: 0.134497 - 0.0 --> (abs) 0.134497031569*
INFO:root:[TEST] p vs y: 0.566764 - 1.0 --> (abs) 0.433235883713
INFO:root:[TEST] p vs y: 0.155246 - 0.0 --> (abs) 0.155245706439*
INFO:root:[TEST] p vs y: 0.911294 - 1.0 --> (abs) 0.0887061953545*
INFO:root:[TEST] p vs y: 0.0213739 - 0.0 --> (abs) 0.021373892203*
INFO:root:[TEST] p vs y: 0.662366 - 1.0 --> (abs) 0.337633669376
INFO:root:[TEST] p vs y: 0.00853346 - 0.0 --> (abs) 0.00853346008807*
INFO:root:[TEST] p vs y: 0.235674 - 0.0 --> (abs) 0.235673829913*
INFO:root:[TEST] p vs y: 0.59813 - 1.0 --> (abs) 0.401869595051
INFO:root:[TEST] p vs y: 0.0861431 - 0.0 --> (abs) 0.0861431211233*
INFO:root:[TEST] p vs y: 0.88773 - 1.0 --> (abs) 0.112269878387*
INFO:root:[TEST] p vs y: 0.318867 - 0.0 --> (abs) 0.318866759539
INFO:root:[TEST] p vs y: 0.910121 - 1.0 --> (abs) 0.0898793935776*
INFO:root:[TEST] p vs y: 0.143024 - 0.0 --> (abs) 0.143024474382*
INFO:root:[TEST] p vs y: 0.511997 - 1.0 --> (abs) 0.488002538681
INFO:root:[TEST] p vs y: 0.111053 - 0.0 --> (abs) 0.111053325236*
INFO:root:[TEST] p vs y: 0.827603 - 1.0 --> (abs) 0.172396838665*
INFO:root:[TEST] p vs y: 0.183761 - 0.0 --> (abs) 0.183760806918*
INFO:root:[TEST] p vs y: 0.917354 - 1.0 --> (abs) 0.0826464891434*
INFO:root:[TEST] p vs y: 0.150511 - 0.0 --> (abs) 0.150510594249*
INFO:root:[TEST] p vs y: 0.928891 - 1.0 --> (abs) 0.0711089372635*
INFO:root:[TEST] p vs y: 0.292206 - 0.0 --> (abs) 0.292205870152*
INFO:root:[TEST] p vs y: 0.956416 - 1.0 --> (abs) 0.0435843467712*
INFO:root:[TEST] p vs y: 0.101696 - 0.0 --> (abs) 0.1016959548*
INFO:root:[TEST] p vs y: 0.877446 - 1.0 --> (abs) 0.12255448103*
INFO:root:[TEST] p vs y: 0.229179 - 0.0 --> (abs) 0.229178518057*
INFO:root:[TEST] p vs y: 0.0883717 - 1.0 --> (abs) 0.911628261209
INFO:root:[TEST] p vs y: 0.101666 - 0.0 --> (abs) 0.101665556431*
INFO:root:[TEST] p vs y: 0.721789 - 1.0 --> (abs) 0.278210878372*
INFO:root:[TEST] p vs y: 0.0509325 - 0.0 --> (abs) 0.0509325452149*
INFO:root:[TEST] Correct: 81 vs. Wrong: 19
INFO:root:[TEST] Accuracy: 0.81
INFO:root:test_the_thing - Elapsed: 0:00:01.520585
INFO:root:[SAVE_MODEL] Saving model to /home/mathias/PycharmProjects/MotionClassifier//models/model_gru_2_1.h5 ...
INFO:root:[SAVE_MODEL] Model saved.
