INFO:root:[GET DATA] file: /home/mathias/PycharmProjects/MotionClassifier/dataset/trainx3.csv, data: (2391, 10, 8) - target: (2391, 10, 2)
INFO:root:[GET DATA] file: /home/mathias/PycharmProjects/MotionClassifier/dataset/validationx3.csv, data: (187, 10, 8) - target: (187, 10, 2)
INFO:root:[DO THE THING] (2340, 10, 8)
INFO:root:[DO THE THING] (2340, 10, 2)
INFO:root:[GET DATA] file: /home/mathias/PycharmProjects/MotionClassifier/dataset/trainx3.csv, data: (2391, 10, 8) - target: (2391, 10, 2)
INFO:root:[GET DATA] file: /home/mathias/PycharmProjects/MotionClassifier/dataset/validationx3.csv, data: (187, 10, 8) - target: (187, 10, 2)
INFO:root:[DO THE THING] (2340, 10, 8)
INFO:root:[DO THE THING] (2340, 10, 2)
INFO:root:"{\"class_name\": \"Sequential\", \"keras_version\": \"2.0.4\", \"config\": [{\"class_name\": \"LSTM\", \"config\": {\"recurrent_activation\": \"hard_sigmoid\", \"dtype\": \"float32\", \"trainable\": true, \"recurrent_initializer\": {\"class_name\": \"Orthogonal\", \"config\": {\"seed\": null, \"gain\": 1.0}}, \"use_bias\": true, \"bias_regularizer\": null, \"implementation\": 0, \"unroll\": false, \"activation\": \"tanh\", \"bias_initializer\": {\"class_name\": \"Zeros\", \"config\": {}}, \"units\": 1024, \"batch_input_shape\": [60, 10, 8], \"activity_regularizer\": null, \"recurrent_dropout\": 0.0, \"kernel_initializer\": {\"class_name\": \"VarianceScaling\", \"config\": {\"distribution\": \"uniform\", \"scale\": 1.0, \"seed\": null, \"mode\": \"fan_avg\"}}, \"kernel_constraint\": null, \"dropout\": 0.0, \"stateful\": false, \"unit_forget_bias\": true, \"recurrent_regularizer\": null, \"name\": \"lstm_1\", \"bias_constraint\": null, \"go_backwards\": false, \"kernel_regularizer\": null, \"return_sequences\": true, \"recurrent_constraint\": null}}, {\"class_name\": \"LSTM\", \"config\": {\"recurrent_activation\": \"hard_sigmoid\", \"trainable\": true, \"recurrent_initializer\": {\"class_name\": \"Orthogonal\", \"config\": {\"seed\": null, \"gain\": 1.0}}, \"use_bias\": true, \"bias_regularizer\": null, \"implementation\": 0, \"unroll\": false, \"activation\": \"tanh\", \"bias_initializer\": {\"class_name\": \"Zeros\", \"config\": {}}, \"units\": 1024, \"unit_forget_bias\": true, \"activity_regularizer\": null, \"recurrent_dropout\": 0.0, \"kernel_initializer\": {\"class_name\": \"VarianceScaling\", \"config\": {\"distribution\": \"uniform\", \"scale\": 1.0, \"seed\": null, \"mode\": \"fan_avg\"}}, \"kernel_constraint\": null, \"dropout\": 0.0, \"stateful\": true, \"recurrent_regularizer\": null, \"name\": \"lstm_2\", \"bias_constraint\": null, \"go_backwards\": false, \"kernel_regularizer\": null, \"return_sequences\": true, \"recurrent_constraint\": null}}, {\"class_name\": \"LSTM\", \"config\": {\"recurrent_activation\": \"hard_sigmoid\", \"trainable\": true, \"recurrent_initializer\": {\"class_name\": \"Orthogonal\", \"config\": {\"seed\": null, \"gain\": 1.0}}, \"use_bias\": true, \"bias_regularizer\": null, \"implementation\": 0, \"unroll\": false, \"activation\": \"tanh\", \"bias_initializer\": {\"class_name\": \"Zeros\", \"config\": {}}, \"units\": 1024, \"unit_forget_bias\": true, \"activity_regularizer\": null, \"recurrent_dropout\": 0.0, \"kernel_initializer\": {\"class_name\": \"VarianceScaling\", \"config\": {\"distribution\": \"uniform\", \"scale\": 1.0, \"seed\": null, \"mode\": \"fan_avg\"}}, \"kernel_constraint\": null, \"dropout\": 0.0, \"stateful\": true, \"recurrent_regularizer\": null, \"name\": \"lstm_3\", \"bias_constraint\": null, \"go_backwards\": false, \"kernel_regularizer\": null, \"return_sequences\": true, \"recurrent_constraint\": null}}, {\"class_name\": \"Dropout\", \"config\": {\"rate\": 0.2, \"trainable\": true, \"name\": \"dropout_1\"}}, {\"class_name\": \"Dense\", \"config\": {\"kernel_initializer\": {\"class_name\": \"VarianceScaling\", \"config\": {\"distribution\": \"uniform\", \"scale\": 1.0, \"seed\": null, \"mode\": \"fan_avg\"}}, \"name\": \"dense_1\", \"kernel_constraint\": null, \"bias_regularizer\": null, \"bias_constraint\": null, \"activation\": \"softmax\", \"trainable\": true, \"kernel_regularizer\": null, \"bias_initializer\": {\"class_name\": \"Zeros\", \"config\": {}}, \"units\": 2, \"use_bias\": true, \"activity_regularizer\": null}}], \"backend\": \"tensorflow\"}"
INFO:root:[GET DATA] file: /home/mathias/PycharmProjects/MotionClassifier/dataset/testx3.csv, data: (192, 10, 8) - target: (192, 10, 2)
INFO:root:[TEST] p vs y: [ 0.02649366  0.97350627] - [ 0.  1.] --> (abs) 0.0264936937019*
INFO:root:[TEST] p vs y: [ 0.94149935  0.05850061] - [ 1.  0.] --> (abs) 0.0585006289184*
INFO:root:[TEST] p vs y: [ 0.05452216  0.94547784] - [ 0.  1.] --> (abs) 0.0545221604407*
INFO:root:[TEST] p vs y: [ 0.80147564  0.19852443] - [ 1.  0.] --> (abs) 0.198524393141*
INFO:root:[TEST] p vs y: [ 0.05357675  0.94642323] - [ 0.  1.] --> (abs) 0.0535767581314*
INFO:root:[TEST] p vs y: [ 0.94216979  0.05783026] - [ 1.  0.] --> (abs) 0.0578302387148*
INFO:root:[TEST] p vs y: [ 0.85986918  0.14013083] - [ 0.  1.] --> (abs) 0.859869174659
INFO:root:[TEST] p vs y: [ 0.95839083  0.04160919] - [ 1.  0.] --> (abs) 0.0416091773659*
INFO:root:[TEST] p vs y: [ 0.11418903  0.88581097] - [ 0.  1.] --> (abs) 0.11418902874*
INFO:root:[TEST] p vs y: [ 0.94437647  0.05562351] - [ 1.  0.] --> (abs) 0.0556235201657*
INFO:root:[TEST] p vs y: [ 0.72619212  0.27380788] - [ 0.  1.] --> (abs) 0.726192116737
INFO:root:[TEST] p vs y: [ 0.93811512  0.06188479] - [ 1.  0.] --> (abs) 0.0618848353624*
INFO:root:[TEST] p vs y: [ 0.07060136  0.92939854] - [ 0.  1.] --> (abs) 0.0706014111638*
INFO:root:[TEST] p vs y: [ 0.9910841   0.00891589] - [ 1.  0.] --> (abs) 0.00891589466482*
INFO:root:[TEST] p vs y: [ 0.96855086  0.03144914] - [ 0.  1.] --> (abs) 0.968550860882
INFO:root:[TEST] p vs y: [ 0.5706687  0.4293313] - [ 1.  0.] --> (abs) 0.429331302643
INFO:root:[TEST] p vs y: [ 0.07584094  0.92415905] - [ 0.  1.] --> (abs) 0.0758409425616*
INFO:root:[TEST] p vs y: [  9.99988437e-01   1.15472149e-05] - [ 1.  0.] --> (abs) 1.155525797e-05*
INFO:root:[TEST] p vs y: [ 0.11674179  0.88325822] - [ 0.  1.] --> (abs) 0.116741783917*
INFO:root:[TEST] p vs y: [ 0.91167939  0.08832069] - [ 1.  0.] --> (abs) 0.0883206501603*
INFO:root:[TEST] p vs y: [  9.99882817e-01   1.17232521e-04] - [ 1.  0.] --> (abs) 0.000117207626317*
INFO:root:[TEST] p vs y: [ 0.20098665  0.79901338] - [ 0.  1.] --> (abs) 0.200986638665*
INFO:root:[TEST] p vs y: [ 0.26426101  0.73573905] - [ 1.  0.] --> (abs) 0.735739022493
INFO:root:[TEST] p vs y: [ 0.06606875  0.93393117] - [ 0.  1.] --> (abs) 0.0660687871277*
INFO:root:[TEST] p vs y: [ 0.95690382  0.04309611] - [ 1.  0.] --> (abs) 0.0430961493403*
INFO:root:[TEST] p vs y: [ 0.06883428  0.9311657 ] - [ 0.  1.] --> (abs) 0.0688342936337*
INFO:root:[TEST] p vs y: [ 0.57514727  0.42485276] - [ 1.  0.] --> (abs) 0.424852743745
INFO:root:[TEST] p vs y: [ 0.05511777  0.94488227] - [ 0.  1.] --> (abs) 0.0551177505404*
INFO:root:[TEST] p vs y: [ 0.95122468  0.04877532] - [ 1.  0.] --> (abs) 0.0487753171474*
INFO:root:[TEST] p vs y: [ 0.03790986  0.96209013] - [ 0.  1.] --> (abs) 0.0379098635167*
INFO:root:[TEST] p vs y: [ 0.71638453  0.28361547] - [ 1.  0.] --> (abs) 0.283615469933*
INFO:root:[TEST] p vs y: [ 0.06014556  0.93985444] - [ 0.  1.] --> (abs) 0.060145560652*
INFO:root:[TEST] p vs y: [ 0.99890769  0.00109228] - [ 1.  0.] --> (abs) 0.00109229976078*
INFO:root:[TEST] p vs y: [ 0.04913523  0.95086479] - [ 0.  1.] --> (abs) 0.0491352193058*
INFO:root:[TEST] p vs y: [ 0.91786849  0.08213146] - [ 1.  0.] --> (abs) 0.0821314826608*
INFO:root:[TEST] p vs y: [ 0.20774257  0.79225743] - [ 1.  0.] --> (abs) 0.792257428169
INFO:root:[TEST] p vs y: [ 0.85327995  0.14672002] - [ 0.  1.] --> (abs) 0.853279963136
INFO:root:[TEST] p vs y: [ 0.94547904  0.05452108] - [ 1.  0.] --> (abs) 0.0545210242271*
INFO:root:[TEST] p vs y: [ 0.09496406  0.90503597] - [ 0.  1.] --> (abs) 0.0949640423059*
INFO:root:[TEST] p vs y: [  9.99998391e-01   1.70544047e-06] - [ 1.  0.] --> (abs) 1.65738293845e-06*
INFO:root:[TEST] p vs y: [ 0.07757007  0.92242986] - [ 0.  1.] --> (abs) 0.0775701031089*
INFO:root:[TEST] p vs y: [ 0.92356634  0.07643374] - [ 1.  0.] --> (abs) 0.076433699578*
INFO:root:[TEST] p vs y: [ 0.05156078  0.94843924] - [ 0.  1.] --> (abs) 0.0515607688576*
INFO:root:[TEST] p vs y: [ 0.97632742  0.02367261] - [ 1.  0.] --> (abs) 0.0236725965515*
INFO:root:[TEST] p vs y: [ 0.32630688  0.67369312] - [ 0.  1.] --> (abs) 0.32630687952
INFO:root:[TEST] p vs y: [ 0.93523914  0.06476093] - [ 1.  0.] --> (abs) 0.0647608973086*
INFO:root:[TEST] p vs y: [ 0.97810698  0.02189308] - [ 0.  1.] --> (abs) 0.978106945753
INFO:root:[TEST] p vs y: [  9.99947071e-01   5.29606295e-05] - [ 1.  0.] --> (abs) 5.29447770532e-05*
INFO:root:[TEST] p vs y: [ 0.08611389  0.91388607] - [ 0.  1.] --> (abs) 0.0861139073968*
INFO:root:[TEST] p vs y: [ 0.87006199  0.12993804] - [ 1.  0.] --> (abs) 0.129938021302*
INFO:root:[TEST] p vs y: [ 0.42412719  0.57587284] - [ 0.  1.] --> (abs) 0.424127176404
INFO:root:[TEST] p vs y: [  9.99828041e-01   1.72019427e-04] - [ 1.  0.] --> (abs) 0.000171989413502*
INFO:root:[TEST] p vs y: [ 0.79304314  0.20695691] - [ 0.  1.] --> (abs) 0.793043114245
INFO:root:[TEST] p vs y: [ 0.88935393  0.11064611] - [ 1.  0.] --> (abs) 0.110646091402*
INFO:root:[TEST] p vs y: [ 0.54329693  0.45670304] - [ 0.  1.] --> (abs) 0.543296948075
INFO:root:[TEST] p vs y: [ 0.96299064  0.03700925] - [ 1.  0.] --> (abs) 0.0370093025267*
INFO:root:[TEST] p vs y: [ 0.09348162  0.90651846] - [ 0.  1.] --> (abs) 0.0934815816581*
INFO:root:[TEST] p vs y: [ 0.38103849  0.61896151] - [ 1.  0.] --> (abs) 0.618961513042
INFO:root:[TEST] p vs y: [ 0.062091    0.93790901] - [ 0.  1.] --> (abs) 0.0620909985155*
INFO:root:[TEST] p vs y: [ 0.98976266  0.01023733] - [ 1.  0.] --> (abs) 0.0102373352274*
INFO:root:[TEST] Correct: 46 vs. Wrong: 14
INFO:root:[TEST] Accuracy: 0.7667 (76.67%)
INFO:root:[TEST_THE_THING] - Elapsed: 0:00:00.980666
INFO:root:[SAVE_MODEL] Saving model to /home/mathias/PycharmProjects/MotionClassifier//models_lstm/model_lstm_3_0.h5 ...
ERROR:root:[SAVE_MODEL] Something went wrong: Unable to create file (Unable to open file: name = '/home/mathias/pycharmprojects/motionclassifier//models_lstm/model_lstm_3_0.h5', errno = 2, error message = 'no such file or directory', flags = 13, o_flags = 242)
INFO:root:[RUN] - Elapsed: 2:57:41.235808
