INFO:root:[GET DATA] file: /home/mathias/PycharmProjects/MotionClassifier/dataset/trainx3.csv, data: (2391, 10, 8) - target: (2391, 10, 1)
INFO:root:[GET DATA] file: /home/mathias/PycharmProjects/MotionClassifier/dataset/validationx3.csv, data: (187, 10, 8) - target: (187, 10, 1)
INFO:root:[DO THE THING] (2300, 10, 8)
INFO:root:[DO THE THING] (2300, 10, 1)
INFO:root:"{\"class_name\": \"Sequential\", \"keras_version\": \"2.0.4\", \"config\": [{\"class_name\": \"GRU\", \"config\": {\"recurrent_activation\": \"hard_sigmoid\", \"dtype\": \"float32\", \"trainable\": true, \"recurrent_initializer\": {\"class_name\": \"Orthogonal\", \"config\": {\"seed\": null, \"gain\": 1.0}}, \"use_bias\": true, \"bias_regularizer\": null, \"implementation\": 0, \"unroll\": false, \"activation\": \"tanh\", \"bias_initializer\": {\"class_name\": \"Zeros\", \"config\": {}}, \"units\": 1024, \"batch_input_shape\": [100, 10, 8], \"activity_regularizer\": null, \"recurrent_dropout\": 0.0, \"kernel_initializer\": {\"class_name\": \"VarianceScaling\", \"config\": {\"distribution\": \"uniform\", \"scale\": 1.0, \"seed\": null, \"mode\": \"fan_avg\"}}, \"kernel_constraint\": null, \"dropout\": 0.0, \"stateful\": false, \"recurrent_regularizer\": null, \"name\": \"gru_1\", \"bias_constraint\": null, \"go_backwards\": false, \"kernel_regularizer\": null, \"return_sequences\": true, \"recurrent_constraint\": null}}, {\"class_name\": \"GRU\", \"config\": {\"recurrent_activation\": \"hard_sigmoid\", \"trainable\": true, \"recurrent_initializer\": {\"class_name\": \"Orthogonal\", \"config\": {\"seed\": null, \"gain\": 1.0}}, \"use_bias\": true, \"bias_regularizer\": null, \"implementation\": 0, \"unroll\": false, \"activation\": \"tanh\", \"bias_initializer\": {\"class_name\": \"Zeros\", \"config\": {}}, \"units\": 1024, \"activity_regularizer\": null, \"recurrent_dropout\": 0.0, \"kernel_initializer\": {\"class_name\": \"VarianceScaling\", \"config\": {\"distribution\": \"uniform\", \"scale\": 1.0, \"seed\": null, \"mode\": \"fan_avg\"}}, \"kernel_constraint\": null, \"dropout\": 0.0, \"stateful\": true, \"recurrent_regularizer\": null, \"name\": \"gru_2\", \"bias_constraint\": null, \"go_backwards\": false, \"kernel_regularizer\": null, \"return_sequences\": true, \"recurrent_constraint\": null}}, {\"class_name\": \"GRU\", \"config\": {\"recurrent_activation\": \"hard_sigmoid\", \"trainable\": true, \"recurrent_initializer\": {\"class_name\": \"Orthogonal\", \"config\": {\"seed\": null, \"gain\": 1.0}}, \"use_bias\": true, \"bias_regularizer\": null, \"implementation\": 0, \"unroll\": false, \"activation\": \"tanh\", \"bias_initializer\": {\"class_name\": \"Zeros\", \"config\": {}}, \"units\": 1024, \"activity_regularizer\": null, \"recurrent_dropout\": 0.0, \"kernel_initializer\": {\"class_name\": \"VarianceScaling\", \"config\": {\"distribution\": \"uniform\", \"scale\": 1.0, \"seed\": null, \"mode\": \"fan_avg\"}}, \"kernel_constraint\": null, \"dropout\": 0.0, \"stateful\": true, \"recurrent_regularizer\": null, \"name\": \"gru_3\", \"bias_constraint\": null, \"go_backwards\": false, \"kernel_regularizer\": null, \"return_sequences\": true, \"recurrent_constraint\": null}}, {\"class_name\": \"GRU\", \"config\": {\"recurrent_activation\": \"hard_sigmoid\", \"trainable\": true, \"recurrent_initializer\": {\"class_name\": \"Orthogonal\", \"config\": {\"seed\": null, \"gain\": 1.0}}, \"use_bias\": true, \"bias_regularizer\": null, \"implementation\": 0, \"unroll\": false, \"activation\": \"tanh\", \"bias_initializer\": {\"class_name\": \"Zeros\", \"config\": {}}, \"units\": 1024, \"activity_regularizer\": null, \"recurrent_dropout\": 0.0, \"kernel_initializer\": {\"class_name\": \"VarianceScaling\", \"config\": {\"distribution\": \"uniform\", \"scale\": 1.0, \"seed\": null, \"mode\": \"fan_avg\"}}, \"kernel_constraint\": null, \"dropout\": 0.0, \"stateful\": true, \"recurrent_regularizer\": null, \"name\": \"gru_4\", \"bias_constraint\": null, \"go_backwards\": false, \"kernel_regularizer\": null, \"return_sequences\": true, \"recurrent_constraint\": null}}, {\"class_name\": \"Dropout\", \"config\": {\"rate\": 0.2, \"trainable\": true, \"name\": \"dropout_1\"}}, {\"class_name\": \"Dense\", \"config\": {\"kernel_initializer\": {\"class_name\": \"VarianceScaling\", \"config\": {\"distribution\": \"uniform\", \"scale\": 1.0, \"seed\": null, \"mode\": \"fan_avg\"}}, \"name\": \"dense_1\", \"kernel_constraint\": null, \"bias_regularizer\": null, \"bias_constraint\": null, \"activation\": \"sigmoid\", \"trainable\": true, \"kernel_regularizer\": null, \"bias_initializer\": {\"class_name\": \"Zeros\", \"config\": {}}, \"units\": 1, \"use_bias\": true, \"activity_regularizer\": null}}], \"backend\": \"tensorflow\"}"
INFO:root:[GET DATA] file: /home/mathias/PycharmProjects/MotionClassifier/dataset/testx3.csv, data: (192, 10, 8) - target: (192, 10, 1)
INFO:root:[TEST] p vs y: 0.564257 - 1.0 --> (abs) 0.435742855072
INFO:root:[TEST] p vs y: 0.152915 - 0.0 --> (abs) 0.152915418148*
INFO:root:[TEST] p vs y: 0.633885 - 1.0 --> (abs) 0.366114974022
INFO:root:[TEST] p vs y: 0.330089 - 0.0 --> (abs) 0.330088943243
INFO:root:[TEST] p vs y: 0.876651 - 1.0 --> (abs) 0.123348712921*
INFO:root:[TEST] p vs y: 0.497126 - 0.0 --> (abs) 0.497125685215
INFO:root:[TEST] p vs y: 0.13146 - 1.0 --> (abs) 0.868539601564
INFO:root:[TEST] p vs y: 0.231145 - 0.0 --> (abs) 0.231144711375*
INFO:root:[TEST] p vs y: 0.024826 - 1.0 --> (abs) 0.975174017251
INFO:root:[TEST] p vs y: 0.273953 - 0.0 --> (abs) 0.273953467607*
INFO:root:[TEST] p vs y: 0.453631 - 1.0 --> (abs) 0.546368539333
INFO:root:[TEST] p vs y: 0.190741 - 0.0 --> (abs) 0.190741360188*
INFO:root:[TEST] p vs y: 0.859584 - 1.0 --> (abs) 0.140416264534*
INFO:root:[TEST] p vs y: 0.0380716 - 0.0 --> (abs) 0.0380716137588*
INFO:root:[TEST] p vs y: 0.0956769 - 1.0 --> (abs) 0.904323123395
INFO:root:[TEST] p vs y: 0.389311 - 0.0 --> (abs) 0.389310538769
INFO:root:[TEST] p vs y: 0.674709 - 1.0 --> (abs) 0.325291156769
INFO:root:[TEST] p vs y: 0.00201916 - 0.0 --> (abs) 0.00201916322112*
INFO:root:[TEST] p vs y: 0.506831 - 1.0 --> (abs) 0.493168890476
INFO:root:[TEST] p vs y: 0.222465 - 0.0 --> (abs) 0.222464799881*
INFO:root:[TEST] p vs y: 0.0300547 - 0.0 --> (abs) 0.030054692179*
INFO:root:[TEST] p vs y: 0.799429 - 1.0 --> (abs) 0.200570642948*
INFO:root:[TEST] p vs y: 0.51638 - 0.0 --> (abs) 0.516380012035
INFO:root:[TEST] p vs y: 0.861283 - 1.0 --> (abs) 0.138716578484*
INFO:root:[TEST] p vs y: 0.412495 - 0.0 --> (abs) 0.412494957447
INFO:root:[TEST] p vs y: 0.710919 - 1.0 --> (abs) 0.289081454277*
INFO:root:[TEST] p vs y: 0.378424 - 0.0 --> (abs) 0.378423750401
INFO:root:[TEST] p vs y: 0.717367 - 1.0 --> (abs) 0.282632887363*
INFO:root:[TEST] p vs y: 0.420611 - 0.0 --> (abs) 0.420611053705
INFO:root:[TEST] p vs y: 0.751725 - 1.0 --> (abs) 0.248274743557*
INFO:root:[TEST] p vs y: 0.422277 - 0.0 --> (abs) 0.422276735306
INFO:root:[TEST] p vs y: 0.399396 - 1.0 --> (abs) 0.600603759289
INFO:root:[TEST] p vs y: 0.117638 - 0.0 --> (abs) 0.117637529969*
INFO:root:[TEST] p vs y: 0.761667 - 1.0 --> (abs) 0.238332867622*
INFO:root:[TEST] p vs y: 0.164051 - 0.0 --> (abs) 0.164051145315*
INFO:root:[TEST] p vs y: 0.411997 - 0.0 --> (abs) 0.411997258663
INFO:root:[TEST] p vs y: 0.553364 - 1.0 --> (abs) 0.446635901928
INFO:root:[TEST] p vs y: 0.0433837 - 0.0 --> (abs) 0.0433837100863*
INFO:root:[TEST] p vs y: 0.734726 - 1.0 --> (abs) 0.265273869038*
INFO:root:[TEST] p vs y: 0.0157481 - 0.0 --> (abs) 0.0157480817288*
INFO:root:[TEST] p vs y: 0.930069 - 1.0 --> (abs) 0.0699305534363*
INFO:root:[TEST] p vs y: 0.0910386 - 0.0 --> (abs) 0.0910386070609*
INFO:root:[TEST] p vs y: 0.840582 - 1.0 --> (abs) 0.159417808056*
INFO:root:[TEST] p vs y: 0.103175 - 0.0 --> (abs) 0.103175163269*
INFO:root:[TEST] p vs y: 0.596155 - 1.0 --> (abs) 0.403844952583
INFO:root:[TEST] p vs y: 0.362778 - 0.0 --> (abs) 0.362778306007
INFO:root:[TEST] p vs y: 0.175873 - 1.0 --> (abs) 0.824126988649
INFO:root:[TEST] p vs y: 0.00608462 - 0.0 --> (abs) 0.00608461769298*
INFO:root:[TEST] p vs y: 0.760965 - 1.0 --> (abs) 0.239035308361*
INFO:root:[TEST] p vs y: 0.410276 - 0.0 --> (abs) 0.410275548697
INFO:root:[TEST] p vs y: 0.610707 - 1.0 --> (abs) 0.389292955399
INFO:root:[TEST] p vs y: 0.0021005 - 0.0 --> (abs) 0.0021005035378*
INFO:root:[TEST] p vs y: 0.61942 - 1.0 --> (abs) 0.380580246449
INFO:root:[TEST] p vs y: 0.1356 - 0.0 --> (abs) 0.13560038805*
INFO:root:[TEST] p vs y: 0.654778 - 1.0 --> (abs) 0.345222353935
INFO:root:[TEST] p vs y: 0.0747655 - 0.0 --> (abs) 0.0747654736042*
INFO:root:[TEST] p vs y: 0.342723 - 1.0 --> (abs) 0.657276540995
INFO:root:[TEST] p vs y: 0.431158 - 0.0 --> (abs) 0.431158214808
INFO:root:[TEST] p vs y: 0.934073 - 1.0 --> (abs) 0.0659269094467*
INFO:root:[TEST] p vs y: 0.131623 - 0.0 --> (abs) 0.131623283029*
INFO:root:[TEST] p vs y: 0.659775 - 1.0 --> (abs) 0.340224862099
INFO:root:[TEST] p vs y: 0.408683 - 0.0 --> (abs) 0.408682912588
INFO:root:[TEST] p vs y: 0.438653 - 0.0 --> (abs) 0.438652992249
INFO:root:[TEST] p vs y: 0.83794 - 1.0 --> (abs) 0.162059664726*
INFO:root:[TEST] p vs y: 0.481867 - 0.0 --> (abs) 0.481867134571
INFO:root:[TEST] p vs y: 0.512936 - 0.0 --> (abs) 0.512935996056
INFO:root:[TEST] p vs y: 0.603887 - 1.0 --> (abs) 0.396112561226
INFO:root:[TEST] p vs y: 0.17877 - 0.0 --> (abs) 0.178769618273*
INFO:root:[TEST] p vs y: 0.880118 - 1.0 --> (abs) 0.119881510735*
INFO:root:[TEST] p vs y: 0.424663 - 1.0 --> (abs) 0.575337320566
INFO:root:[TEST] p vs y: 0.0454406 - 0.0 --> (abs) 0.0454406440258*
INFO:root:[TEST] p vs y: 0.23116 - 1.0 --> (abs) 0.768839523196
INFO:root:[TEST] p vs y: 0.16541 - 0.0 --> (abs) 0.165410399437*
INFO:root:[TEST] p vs y: 0.921278 - 1.0 --> (abs) 0.0787223577499*
INFO:root:[TEST] p vs y: 0.0149178 - 0.0 --> (abs) 0.0149177806452*
INFO:root:[TEST] p vs y: 0.593248 - 1.0 --> (abs) 0.406752288342
INFO:root:[TEST] p vs y: 0.0129442 - 0.0 --> (abs) 0.0129442010075*
INFO:root:[TEST] p vs y: 0.415011 - 0.0 --> (abs) 0.415011405945
INFO:root:[TEST] p vs y: 0.748427 - 1.0 --> (abs) 0.251572787762*
INFO:root:[TEST] p vs y: 0.210193 - 0.0 --> (abs) 0.210193485022*
INFO:root:[TEST] p vs y: 0.824207 - 1.0 --> (abs) 0.175793468952*
INFO:root:[TEST] p vs y: 0.347274 - 0.0 --> (abs) 0.347273647785
INFO:root:[TEST] p vs y: 0.896172 - 1.0 --> (abs) 0.103828430176*
INFO:root:[TEST] p vs y: 0.503453 - 0.0 --> (abs) 0.503452658653
INFO:root:[TEST] p vs y: 0.540321 - 1.0 --> (abs) 0.459678649902
INFO:root:[TEST] p vs y: 0.203133 - 0.0 --> (abs) 0.203133195639*
INFO:root:[TEST] p vs y: 0.842279 - 1.0 --> (abs) 0.157721400261*
INFO:root:[TEST] p vs y: 0.325968 - 0.0 --> (abs) 0.325968444347
INFO:root:[TEST] p vs y: 0.796415 - 1.0 --> (abs) 0.203585207462*
INFO:root:[TEST] p vs y: 0.381515 - 0.0 --> (abs) 0.381514579058
INFO:root:[TEST] p vs y: 0.86789 - 1.0 --> (abs) 0.132110118866*
INFO:root:[TEST] p vs y: 0.556847 - 0.0 --> (abs) 0.556847393513
INFO:root:[TEST] p vs y: 0.828744 - 1.0 --> (abs) 0.171256363392*
INFO:root:[TEST] p vs y: 0.209207 - 0.0 --> (abs) 0.209206745028*
INFO:root:[TEST] p vs y: 0.814643 - 1.0 --> (abs) 0.18535721302*
INFO:root:[TEST] p vs y: 0.734784 - 0.0 --> (abs) 0.734783649445
INFO:root:[TEST] p vs y: 0.033443 - 1.0 --> (abs) 0.966557037085
INFO:root:[TEST] p vs y: 0.374889 - 0.0 --> (abs) 0.374889284372
INFO:root:[TEST] p vs y: 0.618771 - 1.0 --> (abs) 0.381229281425
INFO:root:[TEST] p vs y: 0.570044 - 0.0 --> (abs) 0.570043683052
INFO:root:[TEST] Correct: 51 vs. Wrong: 49
INFO:root:[TEST] Accuracy: 0.51
INFO:root:[TEST_THE_THING] - Elapsed: 0:00:01.503351
INFO:root:[SAVE_MODEL] Saving model to /home/mathias/PycharmProjects/MotionClassifier//models/model_gru_3_0.h5 ...
INFO:root:[SAVE_MODEL] Model saved.
INFO:root:None
INFO:root:[RETRAIN_MODEL] - Elapsed: 0:34:37.650635
INFO:root:[GET DATA] file: /home/mathias/PycharmProjects/MotionClassifier/dataset/testx3.csv, data: (192, 10, 8) - target: (192, 10, 1)
INFO:root:[TEST] p vs y: 0.723103 - 1.0 --> (abs) 0.27689743042*
INFO:root:[TEST] p vs y: 0.302026 - 0.0 --> (abs) 0.302026361227
INFO:root:[TEST] p vs y: 0.842918 - 1.0 --> (abs) 0.157081723213*
INFO:root:[TEST] p vs y: 0.21671 - 0.0 --> (abs) 0.216709762812*
INFO:root:[TEST] p vs y: 0.819546 - 1.0 --> (abs) 0.18045437336*
INFO:root:[TEST] p vs y: 0.300401 - 0.0 --> (abs) 0.300401479006
INFO:root:[TEST] p vs y: 0.111922 - 1.0 --> (abs) 0.888078406453
INFO:root:[TEST] p vs y: 0.158308 - 0.0 --> (abs) 0.158307701349*
INFO:root:[TEST] p vs y: 0.203883 - 1.0 --> (abs) 0.796117454767
INFO:root:[TEST] p vs y: 0.237757 - 0.0 --> (abs) 0.237756535411*
INFO:root:[TEST] p vs y: 0.693728 - 1.0 --> (abs) 0.306272447109
INFO:root:[TEST] p vs y: 0.205401 - 0.0 --> (abs) 0.205401465297*
INFO:root:[TEST] p vs y: 0.911654 - 1.0 --> (abs) 0.0883461833*
INFO:root:[TEST] p vs y: 0.102465 - 0.0 --> (abs) 0.10246515274*
INFO:root:[TEST] p vs y: 0.143506 - 1.0 --> (abs) 0.856493785977
INFO:root:[TEST] p vs y: 0.351945 - 0.0 --> (abs) 0.351944744587
INFO:root:[TEST] p vs y: 0.708999 - 1.0 --> (abs) 0.291000664234*
INFO:root:[TEST] p vs y: 0.0216986 - 0.0 --> (abs) 0.0216985531151*
INFO:root:[TEST] p vs y: 0.441791 - 1.0 --> (abs) 0.558208554983
INFO:root:[TEST] p vs y: 0.155553 - 0.0 --> (abs) 0.155553147197*
INFO:root:[TEST] p vs y: 0.0473477 - 0.0 --> (abs) 0.0473476536572*
INFO:root:[TEST] p vs y: 0.706992 - 1.0 --> (abs) 0.293008267879*
INFO:root:[TEST] p vs y: 0.223318 - 0.0 --> (abs) 0.223318293691*
INFO:root:[TEST] p vs y: 0.850064 - 1.0 --> (abs) 0.14993584156*
INFO:root:[TEST] p vs y: 0.231294 - 0.0 --> (abs) 0.231294035912*
INFO:root:[TEST] p vs y: 0.857419 - 1.0 --> (abs) 0.142580509186*
INFO:root:[TEST] p vs y: 0.252888 - 0.0 --> (abs) 0.252888202667*
INFO:root:[TEST] p vs y: 0.634273 - 1.0 --> (abs) 0.365726590157
INFO:root:[TEST] p vs y: 0.239175 - 0.0 --> (abs) 0.239174962044*
INFO:root:[TEST] p vs y: 0.40932 - 1.0 --> (abs) 0.590680211782
INFO:root:[TEST] p vs y: 0.192435 - 0.0 --> (abs) 0.192435353994*
INFO:root:[TEST] p vs y: 0.438925 - 1.0 --> (abs) 0.561074823141
INFO:root:[TEST] p vs y: 0.0725861 - 0.0 --> (abs) 0.0725860968232*
INFO:root:[TEST] p vs y: 0.861214 - 1.0 --> (abs) 0.138786196709*
INFO:root:[TEST] p vs y: 0.144241 - 0.0 --> (abs) 0.144241496921*
INFO:root:[TEST] p vs y: 0.524627 - 0.0 --> (abs) 0.524626553059
INFO:root:[TEST] p vs y: 0.242463 - 1.0 --> (abs) 0.75753736496
INFO:root:[TEST] p vs y: 0.259742 - 0.0 --> (abs) 0.259741723537*
INFO:root:[TEST] p vs y: 0.84837 - 1.0 --> (abs) 0.151630043983*
INFO:root:[TEST] p vs y: 0.0415365 - 0.0 --> (abs) 0.041536487639*
INFO:root:[TEST] p vs y: 0.875132 - 1.0 --> (abs) 0.124867558479*
INFO:root:[TEST] p vs y: 0.226406 - 0.0 --> (abs) 0.226405665278*
INFO:root:[TEST] p vs y: 0.874503 - 1.0 --> (abs) 0.125497341156*
INFO:root:[TEST] p vs y: 0.112817 - 0.0 --> (abs) 0.112817183137*
INFO:root:[TEST] p vs y: 0.502003 - 1.0 --> (abs) 0.497996509075
INFO:root:[TEST] p vs y: 0.238433 - 0.0 --> (abs) 0.238432884216*
INFO:root:[TEST] p vs y: 0.103788 - 1.0 --> (abs) 0.896211862564
INFO:root:[TEST] p vs y: 0.0512238 - 0.0 --> (abs) 0.0512237623334*
INFO:root:[TEST] p vs y: 0.807367 - 1.0 --> (abs) 0.192633330822*
INFO:root:[TEST] p vs y: 0.330407 - 0.0 --> (abs) 0.330406844616
INFO:root:[TEST] p vs y: 0.29966 - 1.0 --> (abs) 0.700340211391
INFO:root:[TEST] p vs y: 0.0325828 - 0.0 --> (abs) 0.0325828120112*
INFO:root:[TEST] p vs y: 0.370923 - 1.0 --> (abs) 0.62907704711
INFO:root:[TEST] p vs y: 0.231198 - 0.0 --> (abs) 0.231197908521*
INFO:root:[TEST] p vs y: 0.803392 - 1.0 --> (abs) 0.196608185768*
INFO:root:[TEST] p vs y: 0.199667 - 0.0 --> (abs) 0.199667066336*
INFO:root:[TEST] p vs y: 0.377146 - 1.0 --> (abs) 0.622853934765
INFO:root:[TEST] p vs y: 0.310598 - 0.0 --> (abs) 0.310598134995
INFO:root:[TEST] p vs y: 0.873276 - 1.0 --> (abs) 0.126723885536*
INFO:root:[TEST] p vs y: 0.211202 - 0.0 --> (abs) 0.211201831698*
INFO:root:[TEST] p vs y: 0.249984 - 1.0 --> (abs) 0.750016480684
INFO:root:[TEST] p vs y: 0.286609 - 0.0 --> (abs) 0.286608934402*
INFO:root:[TEST] p vs y: 0.34515 - 0.0 --> (abs) 0.345150232315
INFO:root:[TEST] p vs y: 0.899619 - 1.0 --> (abs) 0.100380539894*
INFO:root:[TEST] p vs y: 0.22441 - 0.0 --> (abs) 0.224409550428*
INFO:root:[TEST] p vs y: 0.343448 - 0.0 --> (abs) 0.343448162079
INFO:root:[TEST] p vs y: 0.334054 - 1.0 --> (abs) 0.665945976973
INFO:root:[TEST] p vs y: 0.0918522 - 0.0 --> (abs) 0.0918522104621*
INFO:root:[TEST] p vs y: 0.737629 - 1.0 --> (abs) 0.262371361256*
INFO:root:[TEST] p vs y: 0.599588 - 1.0 --> (abs) 0.400411963463
INFO:root:[TEST] p vs y: 0.11833 - 0.0 --> (abs) 0.118330135942*
INFO:root:[TEST] p vs y: 0.265256 - 1.0 --> (abs) 0.734743624926
INFO:root:[TEST] p vs y: 0.307739 - 0.0 --> (abs) 0.307738780975
INFO:root:[TEST] p vs y: 0.916562 - 1.0 --> (abs) 0.083438038826*
INFO:root:[TEST] p vs y: 0.0589754 - 0.0 --> (abs) 0.0589754097164*
INFO:root:[TEST] p vs y: 0.830863 - 1.0 --> (abs) 0.16913664341*
INFO:root:[TEST] p vs y: 0.0349918 - 0.0 --> (abs) 0.0349918305874*
INFO:root:[TEST] p vs y: 0.407192 - 0.0 --> (abs) 0.407191812992
INFO:root:[TEST] p vs y: 0.51548 - 1.0 --> (abs) 0.484520077705
INFO:root:[TEST] p vs y: 0.189592 - 0.0 --> (abs) 0.189592450857*
INFO:root:[TEST] p vs y: 0.806489 - 1.0 --> (abs) 0.193510890007*
INFO:root:[TEST] p vs y: 0.243028 - 0.0 --> (abs) 0.243028491735*
INFO:root:[TEST] p vs y: 0.588704 - 1.0 --> (abs) 0.411296010017
INFO:root:[TEST] p vs y: 0.194679 - 0.0 --> (abs) 0.194678768516*
INFO:root:[TEST] p vs y: 0.876356 - 1.0 --> (abs) 0.123643755913*
INFO:root:[TEST] p vs y: 0.329818 - 0.0 --> (abs) 0.329818427563
INFO:root:[TEST] p vs y: 0.762621 - 1.0 --> (abs) 0.237379491329*
INFO:root:[TEST] p vs y: 0.443643 - 0.0 --> (abs) 0.443643391132
INFO:root:[TEST] p vs y: 0.845095 - 1.0 --> (abs) 0.154904663563*
INFO:root:[TEST] p vs y: 0.129834 - 0.0 --> (abs) 0.129834324121*
INFO:root:[TEST] p vs y: 0.896104 - 1.0 --> (abs) 0.103896260262*
INFO:root:[TEST] p vs y: 0.744546 - 0.0 --> (abs) 0.744546055794
INFO:root:[TEST] p vs y: 0.858031 - 1.0 --> (abs) 0.141969323158*
INFO:root:[TEST] p vs y: 0.421674 - 0.0 --> (abs) 0.421673685312
INFO:root:[TEST] p vs y: 0.921989 - 1.0 --> (abs) 0.0780108571053*
INFO:root:[TEST] p vs y: 0.227072 - 0.0 --> (abs) 0.227071881294*
INFO:root:[TEST] p vs y: 0.053647 - 1.0 --> (abs) 0.946352995932
INFO:root:[TEST] p vs y: 0.206853 - 0.0 --> (abs) 0.206853106618*
INFO:root:[TEST] p vs y: 0.422931 - 1.0 --> (abs) 0.577068716288
INFO:root:[TEST] p vs y: 0.11398 - 0.0 --> (abs) 0.113979741931*
INFO:root:[TEST] Correct: 64 vs. Wrong: 36
INFO:root:[TEST] Accuracy: 0.64
INFO:root:[TEST_THE_THING] - Elapsed: 0:00:01.515805
INFO:root:[SAVE_MODEL] Saving model to /home/mathias/PycharmProjects/MotionClassifier//models/model_gru_3_1.h5 ...
INFO:root:[SAVE_MODEL] Model saved.
INFO:root:None
INFO:root:[RETRAIN_MODEL] - Elapsed: 0:34:44.107300
INFO:root:[GET DATA] file: /home/mathias/PycharmProjects/MotionClassifier/dataset/testx3.csv, data: (192, 10, 8) - target: (192, 10, 1)
INFO:root:[TEST] p vs y: 0.332284 - 1.0 --> (abs) 0.667716085911
INFO:root:[TEST] p vs y: 0.0606057 - 0.0 --> (abs) 0.0606056563556*
INFO:root:[TEST] p vs y: 0.733921 - 1.0 --> (abs) 0.266079306602*
INFO:root:[TEST] p vs y: 0.0588184 - 0.0 --> (abs) 0.0588183887303*
INFO:root:[TEST] p vs y: 0.913799 - 1.0 --> (abs) 0.0862013697624*
INFO:root:[TEST] p vs y: 0.0641721 - 0.0 --> (abs) 0.0641721263528*
INFO:root:[TEST] p vs y: 0.0564102 - 1.0 --> (abs) 0.94358984381
INFO:root:[TEST] p vs y: 0.0369728 - 0.0 --> (abs) 0.0369727611542*
INFO:root:[TEST] p vs y: 0.254647 - 1.0 --> (abs) 0.745353341103
INFO:root:[TEST] p vs y: 0.0878447 - 0.0 --> (abs) 0.0878447443247*
INFO:root:[TEST] p vs y: 0.685391 - 1.0 --> (abs) 0.314609408379
INFO:root:[TEST] p vs y: 0.0249719 - 0.0 --> (abs) 0.0249718893319*
INFO:root:[TEST] p vs y: 0.894862 - 1.0 --> (abs) 0.105138123035*
INFO:root:[TEST] p vs y: 0.0350879 - 0.0 --> (abs) 0.0350878760219*
INFO:root:[TEST] p vs y: 0.0776032 - 1.0 --> (abs) 0.922396823764
INFO:root:[TEST] p vs y: 0.0882579 - 0.0 --> (abs) 0.0882579311728*
INFO:root:[TEST] p vs y: 0.790991 - 1.0 --> (abs) 0.209008812904*
INFO:root:[TEST] p vs y: 0.0165067 - 0.0 --> (abs) 0.0165067277849*
INFO:root:[TEST] p vs y: 0.740947 - 1.0 --> (abs) 0.25905251503*
INFO:root:[TEST] p vs y: 0.0778731 - 0.0 --> (abs) 0.0778731033206*
INFO:root:[TEST] p vs y: 0.0195924 - 0.0 --> (abs) 0.0195923931897*
INFO:root:[TEST] p vs y: 0.814869 - 1.0 --> (abs) 0.185130894184*
INFO:root:[TEST] p vs y: 0.0544378 - 0.0 --> (abs) 0.0544377788901*
INFO:root:[TEST] p vs y: 0.900742 - 1.0 --> (abs) 0.0992576479912*
INFO:root:[TEST] p vs y: 0.0742941 - 0.0 --> (abs) 0.0742940753698*
INFO:root:[TEST] p vs y: 0.748266 - 1.0 --> (abs) 0.251733779907*
INFO:root:[TEST] p vs y: 0.0611526 - 0.0 --> (abs) 0.0611525997519*
INFO:root:[TEST] p vs y: 0.766767 - 1.0 --> (abs) 0.233232617378*
INFO:root:[TEST] p vs y: 0.0904442 - 0.0 --> (abs) 0.0904441550374*
INFO:root:[TEST] p vs y: 0.788447 - 1.0 --> (abs) 0.211552858353*
INFO:root:[TEST] p vs y: 0.156824 - 0.0 --> (abs) 0.156823933125*
INFO:root:[TEST] p vs y: 0.874866 - 1.0 --> (abs) 0.125133991241*
INFO:root:[TEST] p vs y: 0.0570151 - 0.0 --> (abs) 0.0570151396096*
INFO:root:[TEST] p vs y: 0.830602 - 1.0 --> (abs) 0.169397950172*
INFO:root:[TEST] p vs y: 0.0289718 - 0.0 --> (abs) 0.0289717521518*
INFO:root:[TEST] p vs y: 0.320945 - 0.0 --> (abs) 0.320945233107
INFO:root:[TEST] p vs y: 0.145627 - 1.0 --> (abs) 0.854373306036
INFO:root:[TEST] p vs y: 0.260045 - 0.0 --> (abs) 0.26004549861*
INFO:root:[TEST] p vs y: 0.749454 - 1.0 --> (abs) 0.250545680523*
INFO:root:[TEST] p vs y: 0.0226531 - 0.0 --> (abs) 0.0226530767977*
INFO:root:[TEST] p vs y: 0.820668 - 1.0 --> (abs) 0.179331898689*
INFO:root:[TEST] p vs y: 0.0273369 - 0.0 --> (abs) 0.0273368600756*
INFO:root:[TEST] p vs y: 0.829546 - 1.0 --> (abs) 0.170454204082*
INFO:root:[TEST] p vs y: 0.0431081 - 0.0 --> (abs) 0.0431080833077*
INFO:root:[TEST] p vs y: 0.269866 - 1.0 --> (abs) 0.730134218931
INFO:root:[TEST] p vs y: 0.0974411 - 0.0 --> (abs) 0.0974410623312*
INFO:root:[TEST] p vs y: 0.253956 - 1.0 --> (abs) 0.746043562889
INFO:root:[TEST] p vs y: 0.040327 - 0.0 --> (abs) 0.0403270199895*
INFO:root:[TEST] p vs y: 0.786686 - 1.0 --> (abs) 0.213313996792*
INFO:root:[TEST] p vs y: 0.106157 - 0.0 --> (abs) 0.106157019734*
INFO:root:[TEST] p vs y: 0.102399 - 1.0 --> (abs) 0.897601105273
INFO:root:[TEST] p vs y: 0.0107515 - 0.0 --> (abs) 0.0107515472919*
INFO:root:[TEST] p vs y: 0.222777 - 1.0 --> (abs) 0.777222916484
INFO:root:[TEST] p vs y: 0.119451 - 0.0 --> (abs) 0.11945104599*
INFO:root:[TEST] p vs y: 0.798465 - 1.0 --> (abs) 0.201534926891*
INFO:root:[TEST] p vs y: 0.0366849 - 0.0 --> (abs) 0.0366848632693*
INFO:root:[TEST] p vs y: 0.135764 - 1.0 --> (abs) 0.864235982299
INFO:root:[TEST] p vs y: 0.13425 - 0.0 --> (abs) 0.134250044823*
INFO:root:[TEST] p vs y: 0.818276 - 1.0 --> (abs) 0.181724071503*
INFO:root:[TEST] p vs y: 0.0826712 - 0.0 --> (abs) 0.0826711505651*
INFO:root:[TEST] p vs y: 0.696974 - 1.0 --> (abs) 0.303026437759
INFO:root:[TEST] p vs y: 0.0608859 - 0.0 --> (abs) 0.0608858540654*
INFO:root:[TEST] p vs y: 0.0838445 - 0.0 --> (abs) 0.0838444530964*
INFO:root:[TEST] p vs y: 0.879441 - 1.0 --> (abs) 0.120559334755*
INFO:root:[TEST] p vs y: 0.0643029 - 0.0 --> (abs) 0.0643029287457*
INFO:root:[TEST] p vs y: 0.126567 - 0.0 --> (abs) 0.126566633582*
INFO:root:[TEST] p vs y: 0.0748849 - 1.0 --> (abs) 0.925115056336
INFO:root:[TEST] p vs y: 0.0261329 - 0.0 --> (abs) 0.0261329375207*
INFO:root:[TEST] p vs y: 0.860186 - 1.0 --> (abs) 0.139814078808*
INFO:root:[TEST] p vs y: 0.783073 - 1.0 --> (abs) 0.216927289963*
INFO:root:[TEST] p vs y: 0.0552869 - 0.0 --> (abs) 0.0552868619561*
INFO:root:[TEST] p vs y: 0.0460685 - 1.0 --> (abs) 0.953931502998
INFO:root:[TEST] p vs y: 0.0826773 - 0.0 --> (abs) 0.0826772674918*
INFO:root:[TEST] p vs y: 0.882545 - 1.0 --> (abs) 0.117454648018*
INFO:root:[TEST] p vs y: 0.0126678 - 0.0 --> (abs) 0.0126677975059*
INFO:root:[TEST] p vs y: 0.564537 - 1.0 --> (abs) 0.435463249683
INFO:root:[TEST] p vs y: 0.0354473 - 0.0 --> (abs) 0.0354472771287*
INFO:root:[TEST] p vs y: 0.0939933 - 0.0 --> (abs) 0.0939932614565*
INFO:root:[TEST] p vs y: 0.459358 - 1.0 --> (abs) 0.540642172098
INFO:root:[TEST] p vs y: 0.122566 - 0.0 --> (abs) 0.122565999627*
INFO:root:[TEST] p vs y: 0.857254 - 1.0 --> (abs) 0.142746269703*
INFO:root:[TEST] p vs y: 0.0747175 - 0.0 --> (abs) 0.0747174918652*
INFO:root:[TEST] p vs y: 0.875262 - 1.0 --> (abs) 0.124738335609*
INFO:root:[TEST] p vs y: 0.0413912 - 0.0 --> (abs) 0.0413911603391*
INFO:root:[TEST] p vs y: 0.901175 - 1.0 --> (abs) 0.0988247990608*
INFO:root:[TEST] p vs y: 0.072765 - 0.0 --> (abs) 0.0727649927139*
INFO:root:[TEST] p vs y: 0.743607 - 1.0 --> (abs) 0.256392598152*
INFO:root:[TEST] p vs y: 0.191316 - 0.0 --> (abs) 0.191315978765*
INFO:root:[TEST] p vs y: 0.780136 - 1.0 --> (abs) 0.219864487648*
INFO:root:[TEST] p vs y: 0.193387 - 0.0 --> (abs) 0.19338709116*
INFO:root:[TEST] p vs y: 0.841024 - 1.0 --> (abs) 0.158976078033*
INFO:root:[TEST] p vs y: 0.32269 - 0.0 --> (abs) 0.322689533234
INFO:root:[TEST] p vs y: 0.891885 - 1.0 --> (abs) 0.108114600182*
INFO:root:[TEST] p vs y: 0.134911 - 0.0 --> (abs) 0.134910672903*
INFO:root:[TEST] p vs y: 0.885922 - 1.0 --> (abs) 0.114078164101*
INFO:root:[TEST] p vs y: 0.0833439 - 0.0 --> (abs) 0.0833438560367*
INFO:root:[TEST] p vs y: 0.0396246 - 1.0 --> (abs) 0.960375357419
INFO:root:[TEST] p vs y: 0.0287277 - 0.0 --> (abs) 0.0287277344614*
INFO:root:[TEST] p vs y: 0.674464 - 1.0 --> (abs) 0.325535655022
INFO:root:[TEST] p vs y: 0.0508626 - 0.0 --> (abs) 0.0508626326919*
INFO:root:[TEST] Correct: 80 vs. Wrong: 20
INFO:root:[TEST] Accuracy: 0.8
INFO:root:[TEST_THE_THING] - Elapsed: 0:00:01.429839
INFO:root:[SAVE_MODEL] Saving model to /home/mathias/PycharmProjects/MotionClassifier//models/model_gru_3_2.h5 ...
INFO:root:[SAVE_MODEL] Model saved.
